---------------------------------------------------------------
[ 2019-02-26T17:19:08+08:00 ] ::1 ::1 GET /personalBlog/public/index.php
[ info ] localhost:8085/personalBlog/public/index.php [运行时间：0.227590s][吞吐率：4.39req/s] [内存消耗：4,292.30kb] [文件加载：61]
[ info ] [ LANG ] D:\wamp64\www\personalBlog\thinkphp\lang\zh-cn.php
[ info ] [ ROUTE ] array (
  'type' => 'module',
  'module' => 
  array (
    0 => '',
    1 => NULL,
    2 => NULL,
  ),
)
[ info ] [ HEADER ] array (
  'host' => 'localhost:8085',
  'connection' => 'keep-alive',
  'upgrade-insecure-requests' => '1',
  'user-agent' => 'Mozilla/5.0 (Windows NT 10.0; Win64; x64) AppleWebKit/537.36 (KHTML, like Gecko) Chrome/71.0.3578.80 Safari/537.36',
  'accept' => 'text/html,application/xhtml+xml,application/xml;q=0.9,image/webp,image/apng,*/*;q=0.8',
  'accept-encoding' => 'gzip, deflate, br',
  'accept-language' => 'zh-CN,zh;q=0.9,en;q=0.8,ja;q=0.7',
  'cookie' => 'Phpstorm-7bb51ccc=336c74aa-4156-409e-ab67-6c44bdd825ae; Hm_lvt_8cc45d54c337ca616c34b1cf747da91c=1535467414; CNZZDATA155540=cnzz_eid%3D787196769-1457399780-%26ntime%3D1457399780; PHPSESSID=lh4tjlai4lsauim2p39lku5f67',
)
[ info ] [ PARAM ] array (
)
[ info ] [ DB ] INIT mysql
[ info ] [ RUN ] app\index\controller\Index->index[ D:\wamp64\www\personalBlog\application\index\controller\Index.php ]
[ info ] [ VIEW ] D:\wamp64\www\personalBlog\public/../application/index\view\index\index.html [ array (
  0 => 'cates',
  1 => 'tagss',
  2 => 'clicks',
  3 => 'recs',
  4 => 'articleres',
) ]
[ info ] [ LOG ] INIT File
[ sql ] [ DB ] CONNECT:[ UseTime:0.001732s ] mysql:dbname=personblog;host=127.0.0.1;port=3306;charset=utf8
[ sql ] [ SQL ] SHOW COLUMNS FROM `tp_cate` [ RunTime:0.036850s ]
[ sql ] [ SQL ] SELECT * FROM `tp_cate` ORDER BY id asc [ RunTime:0.001472s ]
[ sql ] [ SQL ] SHOW COLUMNS FROM `tp_tags` [ RunTime:0.023978s ]
[ sql ] [ SQL ] SELECT * FROM `tp_tags` ORDER BY id desc [ RunTime:0.000290s ]
[ sql ] [ SQL ] SHOW COLUMNS FROM `tp_article` [ RunTime:0.021510s ]
[ sql ] [ SQL ] SELECT * FROM `tp_article` ORDER BY click desc LIMIT 4 [ RunTime:0.000524s ]
[ sql ] [ SQL ] SELECT * FROM `tp_article` WHERE  `state` = 1 ORDER BY click desc LIMIT 4 [ RunTime:0.000429s ]
[ sql ] [ SQL ] SELECT COUNT(*) AS tp_count FROM `tp_article` LIMIT 1 [ RunTime:0.000489s ]
[ sql ] [ SQL ] SELECT * FROM `tp_article` ORDER BY id desc LIMIT 0,3 [ RunTime:0.000315s ]
---------------------------------------------------------------
[ 2019-02-26T17:19:08+08:00 ] 127.0.0.1 127.0.0.1 GET /personalBlog/public//static/index/images/js/count_zixun.js
[ info ] 127.0.0.1:8085/personalBlog/public//static/index/images/js/count_zixun.js [运行时间：0.053186s][吞吐率：18.80req/s] [内存消耗：2,194.86kb] [文件加载：39]
[ info ] [ LANG ] D:\wamp64\www\personalBlog\thinkphp\lang\zh-cn.php
[ info ] [ ROUTE ] array (
  'type' => 'module',
  'module' => 
  array (
    0 => 'static',
    1 => 'index',
    2 => 'images',
  ),
)
[ info ] [ HEADER ] array (
  'host' => '127.0.0.1:8085',
  'connection' => 'keep-alive',
  'user-agent' => 'Mozilla/5.0 (Windows NT 10.0; Win64; x64) AppleWebKit/537.36 (KHTML, like Gecko) Chrome/71.0.3578.80 Safari/537.36',
  'accept' => '*/*',
  'referer' => 'http://localhost:8085/personalBlog/public/index.php',
  'accept-encoding' => 'gzip, deflate, br',
  'accept-language' => 'zh-CN,zh;q=0.9,en;q=0.8,ja;q=0.7',
)
[ info ] [ PARAM ] array (
  'js' => 'count_zixun.js',
)
[ info ] [ LOG ] INIT File
---------------------------------------------------------------
[ 2019-02-26T17:19:08+08:00 ] ::1 ::1 GET /personalBlog/public/goto/my-65537.js
[ info ] localhost:8085/personalBlog/public/goto/my-65537.js [运行时间：0.076044s][吞吐率：13.15req/s] [内存消耗：2,195.54kb] [文件加载：39]
[ info ] [ LANG ] D:\wamp64\www\personalBlog\thinkphp\lang\zh-cn.php
[ info ] [ ROUTE ] array (
  'type' => 'module',
  'module' => 
  array (
    0 => 'goto',
    1 => 'my-65537.js',
    2 => NULL,
  ),
)
[ info ] [ HEADER ] array (
  'host' => 'localhost:8085',
  'connection' => 'keep-alive',
  'user-agent' => 'Mozilla/5.0 (Windows NT 10.0; Win64; x64) AppleWebKit/537.36 (KHTML, like Gecko) Chrome/71.0.3578.80 Safari/537.36',
  'accept' => '*/*',
  'referer' => 'http://localhost:8085/personalBlog/public/index.php',
  'accept-encoding' => 'gzip, deflate, br',
  'accept-language' => 'zh-CN,zh;q=0.9,en;q=0.8,ja;q=0.7',
  'cookie' => 'Phpstorm-7bb51ccc=336c74aa-4156-409e-ab67-6c44bdd825ae; Hm_lvt_8cc45d54c337ca616c34b1cf747da91c=1535467414; CNZZDATA155540=cnzz_eid%3D787196769-1457399780-%26ntime%3D1457399780; PHPSESSID=lh4tjlai4lsauim2p39lku5f67',
)
[ info ] [ PARAM ] array (
)
[ info ] [ LOG ] INIT File
---------------------------------------------------------------
[ 2019-02-26T17:19:08+08:00 ] 127.0.0.1 127.0.0.1 GET /personalBlog/public//static/index/images/js/count_zixun.js
[ info ] 127.0.0.1:8085/personalBlog/public//static/index/images/js/count_zixun.js [运行时间：0.049535s][吞吐率：20.19req/s] [内存消耗：2,194.86kb] [文件加载：39]
[ info ] [ LANG ] D:\wamp64\www\personalBlog\thinkphp\lang\zh-cn.php
[ info ] [ ROUTE ] array (
  'type' => 'module',
  'module' => 
  array (
    0 => 'static',
    1 => 'index',
    2 => 'images',
  ),
)
[ info ] [ HEADER ] array (
  'host' => '127.0.0.1:8085',
  'connection' => 'keep-alive',
  'user-agent' => 'Mozilla/5.0 (Windows NT 10.0; Win64; x64) AppleWebKit/537.36 (KHTML, like Gecko) Chrome/71.0.3578.80 Safari/537.36',
  'accept' => '*/*',
  'referer' => 'http://localhost:8085/personalBlog/public/index.php',
  'accept-encoding' => 'gzip, deflate, br',
  'accept-language' => 'zh-CN,zh;q=0.9,en;q=0.8,ja;q=0.7',
)
[ info ] [ PARAM ] array (
  'js' => 'count_zixun.js',
)
[ info ] [ LOG ] INIT File
---------------------------------------------------------------
[ 2019-02-26T17:19:17+08:00 ] ::1 ::1 GET /personalBlog/public/index.php/admin/login/index.html
[ info ] localhost:8085/personalBlog/public/index.php/admin/login/index.html [运行时间：0.082993s][吞吐率：12.05req/s] [内存消耗：2,905.43kb] [文件加载：49]
[ info ] [ LANG ] D:\wamp64\www\personalBlog\thinkphp\lang\zh-cn.php
[ info ] [ ROUTE ] array (
  'type' => 'module',
  'module' => 
  array (
    0 => 'admin',
    1 => 'login',
    2 => 'index',
  ),
)
[ info ] [ HEADER ] array (
  'host' => 'localhost:8085',
  'connection' => 'keep-alive',
  'upgrade-insecure-requests' => '1',
  'user-agent' => 'Mozilla/5.0 (Windows NT 10.0; Win64; x64) AppleWebKit/537.36 (KHTML, like Gecko) Chrome/71.0.3578.80 Safari/537.36',
  'accept' => 'text/html,application/xhtml+xml,application/xml;q=0.9,image/webp,image/apng,*/*;q=0.8',
  'accept-encoding' => 'gzip, deflate, br',
  'accept-language' => 'zh-CN,zh;q=0.9,en;q=0.8,ja;q=0.7',
  'cookie' => 'Phpstorm-7bb51ccc=336c74aa-4156-409e-ab67-6c44bdd825ae; Hm_lvt_8cc45d54c337ca616c34b1cf747da91c=1535467414; CNZZDATA155540=cnzz_eid%3D787196769-1457399780-%26ntime%3D1457399780; PHPSESSID=lh4tjlai4lsauim2p39lku5f67',
)
[ info ] [ PARAM ] array (
)
[ info ] [ RUN ] app\admin\controller\Login->index[ D:\wamp64\www\personalBlog\application\admin\controller\Login.php ]
[ info ] [ VIEW ] D:\wamp64\www\personalBlog\public/../application/admin\view\login\login.htm [ array (
) ]
[ info ] [ LOG ] INIT File
---------------------------------------------------------------
[ 2019-02-26T17:19:17+08:00 ] ::1 ::1 GET /personalBlog/public/index.php/captcha.html
[ info ] localhost:8085/personalBlog/public/index.php/captcha.html [运行时间：0.075430s][吞吐率：13.26req/s] [内存消耗：2,225.23kb] [文件加载：38]
[ info ] [ LANG ] D:\wamp64\www\personalBlog\thinkphp\lang\zh-cn.php
[ info ] [ ROUTE ] array (
  'type' => 'method',
  'method' => 
  array (
    0 => '\\think\\captcha\\CaptchaController',
    1 => 'index',
  ),
  'var' => 
  array (
  ),
)
[ info ] [ HEADER ] array (
  'host' => 'localhost:8085',
  'connection' => 'keep-alive',
  'user-agent' => 'Mozilla/5.0 (Windows NT 10.0; Win64; x64) AppleWebKit/537.36 (KHTML, like Gecko) Chrome/71.0.3578.80 Safari/537.36',
  'accept' => 'image/webp,image/apng,image/*,*/*;q=0.8',
  'referer' => 'http://localhost:8085/personalBlog/public/index.php/admin/login/index.html',
  'accept-encoding' => 'gzip, deflate, br',
  'accept-language' => 'zh-CN,zh;q=0.9,en;q=0.8,ja;q=0.7',
  'cookie' => 'Phpstorm-7bb51ccc=336c74aa-4156-409e-ab67-6c44bdd825ae; Hm_lvt_8cc45d54c337ca616c34b1cf747da91c=1535467414; CNZZDATA155540=cnzz_eid%3D787196769-1457399780-%26ntime%3D1457399780; PHPSESSID=lh4tjlai4lsauim2p39lku5f67',
)
[ info ] [ PARAM ] array (
  'id' => NULL,
)
[ info ] [ RUN ] think\captcha\CaptchaController->index[ D:\wamp64\www\personalBlog\vendor\topthink\think-captcha\src\CaptchaController.php ]
[ info ] [ SESSION ] INIT array (
  'id' => '',
  'var_session_id' => '',
  'prefix' => 'think',
  'type' => '',
  'auto_start' => true,
)
[ info ] [ LOG ] INIT File
---------------------------------------------------------------
[ 2019-02-26T17:19:28+08:00 ] ::1 ::1 POST /personalBlog/public/index.php/admin/login/index.html
[ info ] localhost:8085/personalBlog/public/index.php/admin/login/index.html [运行时间：0.092729s][吞吐率：10.78req/s] [内存消耗：4,286.07kb] [文件加载：56]
[ info ] [ LANG ] D:\wamp64\www\personalBlog\thinkphp\lang\zh-cn.php
[ info ] [ ROUTE ] array (
  'type' => 'module',
  'module' => 
  array (
    0 => 'admin',
    1 => 'login',
    2 => 'index',
  ),
)
[ info ] [ HEADER ] array (
  'host' => 'localhost:8085',
  'connection' => 'keep-alive',
  'content-length' => '38',
  'cache-control' => 'max-age=0',
  'origin' => 'http://localhost:8085',
  'upgrade-insecure-requests' => '1',
  'content-type' => 'application/x-www-form-urlencoded',
  'user-agent' => 'Mozilla/5.0 (Windows NT 10.0; Win64; x64) AppleWebKit/537.36 (KHTML, like Gecko) Chrome/71.0.3578.80 Safari/537.36',
  'accept' => 'text/html,application/xhtml+xml,application/xml;q=0.9,image/webp,image/apng,*/*;q=0.8',
  'referer' => 'http://localhost:8085/personalBlog/public/index.php/admin/login/index.html',
  'accept-encoding' => 'gzip, deflate, br',
  'accept-language' => 'zh-CN,zh;q=0.9,en;q=0.8,ja;q=0.7',
  'cookie' => 'Phpstorm-7bb51ccc=336c74aa-4156-409e-ab67-6c44bdd825ae; Hm_lvt_8cc45d54c337ca616c34b1cf747da91c=1535467414; CNZZDATA155540=cnzz_eid%3D787196769-1457399780-%26ntime%3D1457399780; PHPSESSID=lh4tjlai4lsauim2p39lku5f67',
)
[ info ] [ PARAM ] array (
  'username' => 'admin',
  'password' => 'admin',
  'code' => 'wla',
)
[ info ] [ RUN ] app\admin\controller\Login->index[ D:\wamp64\www\personalBlog\application\admin\controller\Login.php ]
[ info ] [ DB ] INIT mysql
[ info ] [ SESSION ] INIT array (
  'id' => '',
  'var_session_id' => '',
  'prefix' => 'think',
  'type' => '',
  'auto_start' => true,
)
[ info ] [ VIEW ] D:\wamp64\www\personalBlog\thinkphp\tpl\dispatch_jump.tpl [ array (
  0 => 'code',
  1 => 'msg',
  2 => 'data',
  3 => 'url',
  4 => 'wait',
) ]
[ info ] [ LOG ] INIT File
[ sql ] [ DB ] CONNECT:[ UseTime:0.001249s ] mysql:dbname=personblog;host=127.0.0.1;port=3306;charset=utf8
[ sql ] [ SQL ] SHOW COLUMNS FROM `tp_admin` [ RunTime:0.024798s ]
[ sql ] [ SQL ] SELECT * FROM `tp_admin` WHERE  `username` = 'admin' LIMIT 1 [ RunTime:0.000372s ]
---------------------------------------------------------------
[ 2019-02-26T17:19:30+08:00 ] ::1 ::1 GET /personalBlog/public/index.php/admin/login/index.html
[ info ] localhost:8085/personalBlog/public/index.php/admin/login/index.html [运行时间：0.030048s][吞吐率：33.28req/s] [内存消耗：2,686.87kb] [文件加载：47]
[ info ] [ LANG ] D:\wamp64\www\personalBlog\thinkphp\lang\zh-cn.php
[ info ] [ ROUTE ] array (
  'type' => 'module',
  'module' => 
  array (
    0 => 'admin',
    1 => 'login',
    2 => 'index',
  ),
)
[ info ] [ HEADER ] array (
  'host' => 'localhost:8085',
  'connection' => 'keep-alive',
  'upgrade-insecure-requests' => '1',
  'user-agent' => 'Mozilla/5.0 (Windows NT 10.0; Win64; x64) AppleWebKit/537.36 (KHTML, like Gecko) Chrome/71.0.3578.80 Safari/537.36',
  'accept' => 'text/html,application/xhtml+xml,application/xml;q=0.9,image/webp,image/apng,*/*;q=0.8',
  'accept-encoding' => 'gzip, deflate, br',
  'accept-language' => 'zh-CN,zh;q=0.9,en;q=0.8,ja;q=0.7',
  'cookie' => 'Phpstorm-7bb51ccc=336c74aa-4156-409e-ab67-6c44bdd825ae; Hm_lvt_8cc45d54c337ca616c34b1cf747da91c=1535467414; CNZZDATA155540=cnzz_eid%3D787196769-1457399780-%26ntime%3D1457399780; PHPSESSID=lh4tjlai4lsauim2p39lku5f67',
)
[ info ] [ PARAM ] array (
)
[ info ] [ RUN ] app\admin\controller\Login->index[ D:\wamp64\www\personalBlog\application\admin\controller\Login.php ]
[ info ] [ VIEW ] D:\wamp64\www\personalBlog\public/../application/admin\view\login\login.htm [ array (
) ]
[ info ] [ LOG ] INIT File
---------------------------------------------------------------
[ 2019-02-26T17:19:30+08:00 ] ::1 ::1 GET /personalBlog/public/index.php/captcha.html
[ info ] localhost:8085/personalBlog/public/index.php/captcha.html [运行时间：0.048822s][吞吐率：20.48req/s] [内存消耗：2,225.23kb] [文件加载：38]
[ info ] [ LANG ] D:\wamp64\www\personalBlog\thinkphp\lang\zh-cn.php
[ info ] [ ROUTE ] array (
  'type' => 'method',
  'method' => 
  array (
    0 => '\\think\\captcha\\CaptchaController',
    1 => 'index',
  ),
  'var' => 
  array (
  ),
)
[ info ] [ HEADER ] array (
  'host' => 'localhost:8085',
  'connection' => 'keep-alive',
  'user-agent' => 'Mozilla/5.0 (Windows NT 10.0; Win64; x64) AppleWebKit/537.36 (KHTML, like Gecko) Chrome/71.0.3578.80 Safari/537.36',
  'accept' => 'image/webp,image/apng,image/*,*/*;q=0.8',
  'referer' => 'http://localhost:8085/personalBlog/public/index.php/admin/login/index.html',
  'accept-encoding' => 'gzip, deflate, br',
  'accept-language' => 'zh-CN,zh;q=0.9,en;q=0.8,ja;q=0.7',
  'cookie' => 'Phpstorm-7bb51ccc=336c74aa-4156-409e-ab67-6c44bdd825ae; Hm_lvt_8cc45d54c337ca616c34b1cf747da91c=1535467414; CNZZDATA155540=cnzz_eid%3D787196769-1457399780-%26ntime%3D1457399780; PHPSESSID=lh4tjlai4lsauim2p39lku5f67',
)
[ info ] [ PARAM ] array (
  'id' => NULL,
)
[ info ] [ RUN ] think\captcha\CaptchaController->index[ D:\wamp64\www\personalBlog\vendor\topthink\think-captcha\src\CaptchaController.php ]
[ info ] [ SESSION ] INIT array (
  'id' => '',
  'var_session_id' => '',
  'prefix' => 'think',
  'type' => '',
  'auto_start' => true,
)
[ info ] [ LOG ] INIT File
---------------------------------------------------------------
[ 2019-02-26T17:19:40+08:00 ] ::1 ::1 POST /personalBlog/public/index.php/admin/login/index.html
[ info ] localhost:8085/personalBlog/public/index.php/admin/login/index.html [运行时间：0.070083s][吞吐率：14.27req/s] [内存消耗：4,286.07kb] [文件加载：56]
[ info ] [ LANG ] D:\wamp64\www\personalBlog\thinkphp\lang\zh-cn.php
[ info ] [ ROUTE ] array (
  'type' => 'module',
  'module' => 
  array (
    0 => 'admin',
    1 => 'login',
    2 => 'index',
  ),
)
[ info ] [ HEADER ] array (
  'host' => 'localhost:8085',
  'connection' => 'keep-alive',
  'content-length' => '38',
  'cache-control' => 'max-age=0',
  'origin' => 'http://localhost:8085',
  'upgrade-insecure-requests' => '1',
  'content-type' => 'application/x-www-form-urlencoded',
  'user-agent' => 'Mozilla/5.0 (Windows NT 10.0; Win64; x64) AppleWebKit/537.36 (KHTML, like Gecko) Chrome/71.0.3578.80 Safari/537.36',
  'accept' => 'text/html,application/xhtml+xml,application/xml;q=0.9,image/webp,image/apng,*/*;q=0.8',
  'referer' => 'http://localhost:8085/personalBlog/public/index.php/admin/login/index.html',
  'accept-encoding' => 'gzip, deflate, br',
  'accept-language' => 'zh-CN,zh;q=0.9,en;q=0.8,ja;q=0.7',
  'cookie' => 'Phpstorm-7bb51ccc=336c74aa-4156-409e-ab67-6c44bdd825ae; Hm_lvt_8cc45d54c337ca616c34b1cf747da91c=1535467414; CNZZDATA155540=cnzz_eid%3D787196769-1457399780-%26ntime%3D1457399780; PHPSESSID=lh4tjlai4lsauim2p39lku5f67',
)
[ info ] [ PARAM ] array (
  'username' => 'admin',
  'password' => 'admin',
  'code' => '8np',
)
[ info ] [ RUN ] app\admin\controller\Login->index[ D:\wamp64\www\personalBlog\application\admin\controller\Login.php ]
[ info ] [ DB ] INIT mysql
[ info ] [ SESSION ] INIT array (
  'id' => '',
  'var_session_id' => '',
  'prefix' => 'think',
  'type' => '',
  'auto_start' => true,
)
[ info ] [ VIEW ] D:\wamp64\www\personalBlog\thinkphp\tpl\dispatch_jump.tpl [ array (
  0 => 'code',
  1 => 'msg',
  2 => 'data',
  3 => 'url',
  4 => 'wait',
) ]
[ info ] [ LOG ] INIT File
[ sql ] [ DB ] CONNECT:[ UseTime:0.001291s ] mysql:dbname=personblog;host=127.0.0.1;port=3306;charset=utf8
[ sql ] [ SQL ] SHOW COLUMNS FROM `tp_admin` [ RunTime:0.020429s ]
[ sql ] [ SQL ] SELECT * FROM `tp_admin` WHERE  `username` = 'admin' LIMIT 1 [ RunTime:0.000355s ]
---------------------------------------------------------------
[ 2019-02-26T17:19:43+08:00 ] ::1 ::1 GET /personalBlog/public/index.php/admin/login/index.html
[ info ] localhost:8085/personalBlog/public/index.php/admin/login/index.html [运行时间：0.045929s][吞吐率：21.77req/s] [内存消耗：2,686.87kb] [文件加载：47]
[ info ] [ LANG ] D:\wamp64\www\personalBlog\thinkphp\lang\zh-cn.php
[ info ] [ ROUTE ] array (
  'type' => 'module',
  'module' => 
  array (
    0 => 'admin',
    1 => 'login',
    2 => 'index',
  ),
)
[ info ] [ HEADER ] array (
  'host' => 'localhost:8085',
  'connection' => 'keep-alive',
  'upgrade-insecure-requests' => '1',
  'user-agent' => 'Mozilla/5.0 (Windows NT 10.0; Win64; x64) AppleWebKit/537.36 (KHTML, like Gecko) Chrome/71.0.3578.80 Safari/537.36',
  'accept' => 'text/html,application/xhtml+xml,application/xml;q=0.9,image/webp,image/apng,*/*;q=0.8',
  'accept-encoding' => 'gzip, deflate, br',
  'accept-language' => 'zh-CN,zh;q=0.9,en;q=0.8,ja;q=0.7',
  'cookie' => 'Phpstorm-7bb51ccc=336c74aa-4156-409e-ab67-6c44bdd825ae; Hm_lvt_8cc45d54c337ca616c34b1cf747da91c=1535467414; CNZZDATA155540=cnzz_eid%3D787196769-1457399780-%26ntime%3D1457399780; PHPSESSID=lh4tjlai4lsauim2p39lku5f67',
)
[ info ] [ PARAM ] array (
)
[ info ] [ RUN ] app\admin\controller\Login->index[ D:\wamp64\www\personalBlog\application\admin\controller\Login.php ]
[ info ] [ VIEW ] D:\wamp64\www\personalBlog\public/../application/admin\view\login\login.htm [ array (
) ]
[ info ] [ LOG ] INIT File
---------------------------------------------------------------
[ 2019-02-26T17:19:43+08:00 ] ::1 ::1 GET /personalBlog/public/index.php/captcha.html
[ info ] localhost:8085/personalBlog/public/index.php/captcha.html [运行时间：0.047330s][吞吐率：21.13req/s] [内存消耗：2,225.29kb] [文件加载：38]
[ info ] [ LANG ] D:\wamp64\www\personalBlog\thinkphp\lang\zh-cn.php
[ info ] [ ROUTE ] array (
  'type' => 'method',
  'method' => 
  array (
    0 => '\\think\\captcha\\CaptchaController',
    1 => 'index',
  ),
  'var' => 
  array (
  ),
)
[ info ] [ HEADER ] array (
  'host' => 'localhost:8085',
  'connection' => 'keep-alive',
  'user-agent' => 'Mozilla/5.0 (Windows NT 10.0; Win64; x64) AppleWebKit/537.36 (KHTML, like Gecko) Chrome/71.0.3578.80 Safari/537.36',
  'accept' => 'image/webp,image/apng,image/*,*/*;q=0.8',
  'referer' => 'http://localhost:8085/personalBlog/public/index.php/admin/login/index.html',
  'accept-encoding' => 'gzip, deflate, br',
  'accept-language' => 'zh-CN,zh;q=0.9,en;q=0.8,ja;q=0.7',
  'cookie' => 'Phpstorm-7bb51ccc=336c74aa-4156-409e-ab67-6c44bdd825ae; Hm_lvt_8cc45d54c337ca616c34b1cf747da91c=1535467414; CNZZDATA155540=cnzz_eid%3D787196769-1457399780-%26ntime%3D1457399780; PHPSESSID=lh4tjlai4lsauim2p39lku5f67',
)
[ info ] [ PARAM ] array (
  'id' => NULL,
)
[ info ] [ RUN ] think\captcha\CaptchaController->index[ D:\wamp64\www\personalBlog\vendor\topthink\think-captcha\src\CaptchaController.php ]
[ info ] [ SESSION ] INIT array (
  'id' => '',
  'var_session_id' => '',
  'prefix' => 'think',
  'type' => '',
  'auto_start' => true,
)
[ info ] [ LOG ] INIT File
---------------------------------------------------------------
[ 2019-02-26T17:20:12+08:00 ] ::1 ::1 POST /personalBlog/public/index.php/admin/login/index.html
[ info ] localhost:8085/personalBlog/public/index.php/admin/login/index.html [运行时间：0.123393s][吞吐率：8.10req/s] [内存消耗：4,384.33kb] [文件加载：57]
[ info ] [ LANG ] D:\wamp64\www\personalBlog\thinkphp\lang\zh-cn.php
[ info ] [ ROUTE ] array (
  'type' => 'module',
  'module' => 
  array (
    0 => 'admin',
    1 => 'login',
    2 => 'index',
  ),
)
[ info ] [ HEADER ] array (
  'host' => 'localhost:8085',
  'connection' => 'keep-alive',
  'content-length' => '39',
  'cache-control' => 'max-age=0',
  'origin' => 'http://localhost:8085',
  'upgrade-insecure-requests' => '1',
  'content-type' => 'application/x-www-form-urlencoded',
  'user-agent' => 'Mozilla/5.0 (Windows NT 10.0; Win64; x64) AppleWebKit/537.36 (KHTML, like Gecko) Chrome/71.0.3578.80 Safari/537.36',
  'accept' => 'text/html,application/xhtml+xml,application/xml;q=0.9,image/webp,image/apng,*/*;q=0.8',
  'referer' => 'http://localhost:8085/personalBlog/public/index.php/admin/login/index.html',
  'accept-encoding' => 'gzip, deflate, br',
  'accept-language' => 'zh-CN,zh;q=0.9,en;q=0.8,ja;q=0.7',
  'cookie' => 'Phpstorm-7bb51ccc=336c74aa-4156-409e-ab67-6c44bdd825ae; Hm_lvt_8cc45d54c337ca616c34b1cf747da91c=1535467414; CNZZDATA155540=cnzz_eid%3D787196769-1457399780-%26ntime%3D1457399780; PHPSESSID=lh4tjlai4lsauim2p39lku5f67',
)
[ info ] [ PARAM ] array (
  'username' => 'admin',
  'password' => '123456',
  'code' => '3NQ',
)
[ info ] [ RUN ] app\admin\controller\Login->index[ D:\wamp64\www\personalBlog\application\admin\controller\Login.php ]
[ info ] [ DB ] INIT mysql
[ info ] [ SESSION ] INIT array (
  'id' => '',
  'var_session_id' => '',
  'prefix' => 'think',
  'type' => '',
  'auto_start' => true,
)
[ info ] [ VIEW ] D:\wamp64\www\personalBlog\thinkphp\tpl\dispatch_jump.tpl [ array (
  0 => 'code',
  1 => 'msg',
  2 => 'data',
  3 => 'url',
  4 => 'wait',
) ]
[ info ] [ LOG ] INIT File
[ sql ] [ DB ] CONNECT:[ UseTime:0.001124s ] mysql:dbname=personblog;host=127.0.0.1;port=3306;charset=utf8
[ sql ] [ SQL ] SHOW COLUMNS FROM `tp_admin` [ RunTime:0.029623s ]
[ sql ] [ SQL ] SELECT * FROM `tp_admin` WHERE  `username` = 'admin' LIMIT 1 [ RunTime:0.000356s ]
---------------------------------------------------------------
[ 2019-02-26T17:20:14+08:00 ] ::1 ::1 GET /personalBlog/public/index.php/admin/index/index.html
[ info ] localhost:8085/personalBlog/public/index.php/admin/index/index.html [运行时间：0.071976s][吞吐率：13.89req/s] [内存消耗：2,920.34kb] [文件加载：50]
[ info ] [ LANG ] D:\wamp64\www\personalBlog\thinkphp\lang\zh-cn.php
[ info ] [ ROUTE ] array (
  'type' => 'module',
  'module' => 
  array (
    0 => 'admin',
    1 => 'index',
    2 => 'index',
  ),
)
[ info ] [ HEADER ] array (
  'host' => 'localhost:8085',
  'connection' => 'keep-alive',
  'upgrade-insecure-requests' => '1',
  'user-agent' => 'Mozilla/5.0 (Windows NT 10.0; Win64; x64) AppleWebKit/537.36 (KHTML, like Gecko) Chrome/71.0.3578.80 Safari/537.36',
  'accept' => 'text/html,application/xhtml+xml,application/xml;q=0.9,image/webp,image/apng,*/*;q=0.8',
  'referer' => 'http://localhost:8085/personalBlog/public/index.php/admin/login/index.html',
  'accept-encoding' => 'gzip, deflate, br',
  'accept-language' => 'zh-CN,zh;q=0.9,en;q=0.8,ja;q=0.7',
  'cookie' => 'Phpstorm-7bb51ccc=336c74aa-4156-409e-ab67-6c44bdd825ae; Hm_lvt_8cc45d54c337ca616c34b1cf747da91c=1535467414; CNZZDATA155540=cnzz_eid%3D787196769-1457399780-%26ntime%3D1457399780; PHPSESSID=lh4tjlai4lsauim2p39lku5f67',
)
[ info ] [ PARAM ] array (
)
[ info ] [ SESSION ] INIT array (
  'id' => '',
  'var_session_id' => '',
  'prefix' => 'think',
  'type' => '',
  'auto_start' => true,
)
[ info ] [ RUN ] app\admin\controller\Index->index[ D:\wamp64\www\personalBlog\application\admin\controller\Index.php ]
[ info ] [ VIEW ] D:\wamp64\www\personalBlog\public/../application/admin\view\index\index.htm [ array (
) ]
[ info ] [ LOG ] INIT File
---------------------------------------------------------------
[ 2019-02-26T17:20:14+08:00 ] 127.0.0.1 127.0.0.1 GET /personalBlog/public//static/admin/fonts/fontawesome-webfont.woff2?v=4.3.0
[ info ] 127.0.0.1:8085/personalBlog/public//static/admin/fonts/fontawesome-webfont.woff2?v=4.3.0 [运行时间：0.050510s][吞吐率：19.80req/s] [内存消耗：2,195.69kb] [文件加载：39]
[ info ] [ LANG ] D:\wamp64\www\personalBlog\thinkphp\lang\zh-cn.php
[ info ] [ ROUTE ] array (
  'type' => 'module',
  'module' => 
  array (
    0 => 'static',
    1 => 'admin',
    2 => 'fonts',
  ),
)
[ info ] [ HEADER ] array (
  'host' => '127.0.0.1:8085',
  'connection' => 'keep-alive',
  'origin' => 'http://localhost:8085',
  'user-agent' => 'Mozilla/5.0 (Windows NT 10.0; Win64; x64) AppleWebKit/537.36 (KHTML, like Gecko) Chrome/71.0.3578.80 Safari/537.36',
  'accept' => '*/*',
  'referer' => 'http://127.0.0.1:8085/personalBlog/public//static/admin/style/font-awesome.css',
  'accept-encoding' => 'gzip, deflate, br',
  'accept-language' => 'zh-CN,zh;q=0.9,en;q=0.8,ja;q=0.7',
)
[ info ] [ PARAM ] array (
  'v' => '4.3.0',
)
[ info ] [ LOG ] INIT File
---------------------------------------------------------------
[ 2019-02-26T17:20:17+08:00 ] ::1 ::1 GET /personalBlog/public/index.php/admin/admin/lst.html
[ info ] localhost:8085/personalBlog/public/index.php/admin/admin/lst.html [运行时间：0.111048s][吞吐率：9.01req/s] [内存消耗：4,512.97kb] [文件加载：60]
[ info ] [ LANG ] D:\wamp64\www\personalBlog\thinkphp\lang\zh-cn.php
[ info ] [ ROUTE ] array (
  'type' => 'module',
  'module' => 
  array (
    0 => 'admin',
    1 => 'admin',
    2 => 'lst',
  ),
)
[ info ] [ HEADER ] array (
  'host' => 'localhost:8085',
  'connection' => 'keep-alive',
  'upgrade-insecure-requests' => '1',
  'user-agent' => 'Mozilla/5.0 (Windows NT 10.0; Win64; x64) AppleWebKit/537.36 (KHTML, like Gecko) Chrome/71.0.3578.80 Safari/537.36',
  'accept' => 'text/html,application/xhtml+xml,application/xml;q=0.9,image/webp,image/apng,*/*;q=0.8',
  'referer' => 'http://localhost:8085/personalBlog/public/index.php/admin/index/index.html',
  'accept-encoding' => 'gzip, deflate, br',
  'accept-language' => 'zh-CN,zh;q=0.9,en;q=0.8,ja;q=0.7',
  'cookie' => 'Phpstorm-7bb51ccc=336c74aa-4156-409e-ab67-6c44bdd825ae; Hm_lvt_8cc45d54c337ca616c34b1cf747da91c=1535467414; CNZZDATA155540=cnzz_eid%3D787196769-1457399780-%26ntime%3D1457399780; PHPSESSID=lh4tjlai4lsauim2p39lku5f67',
)
[ info ] [ PARAM ] array (
)
[ info ] [ SESSION ] INIT array (
  'id' => '',
  'var_session_id' => '',
  'prefix' => 'think',
  'type' => '',
  'auto_start' => true,
)
[ info ] [ RUN ] app\admin\controller\Admin->lst[ D:\wamp64\www\personalBlog\application\admin\controller\Admin.php ]
[ info ] [ DB ] INIT mysql
[ info ] [ VIEW ] D:\wamp64\www\personalBlog\public/../application/admin\view\admin\list.htm [ array (
  0 => 'list',
) ]
[ info ] [ LOG ] INIT File
[ sql ] [ DB ] CONNECT:[ UseTime:0.011222s ] mysql:dbname=personblog;host=127.0.0.1;port=3306;charset=utf8
[ sql ] [ SQL ] SHOW COLUMNS FROM `tp_admin` [ RunTime:0.019375s ]
[ sql ] [ SQL ] SELECT COUNT(*) AS tp_count FROM `tp_admin` LIMIT 1 [ RunTime:0.000308s ]
[ sql ] [ SQL ] SELECT * FROM `tp_admin` LIMIT 0,3 [ RunTime:0.000319s ]
---------------------------------------------------------------
[ 2019-02-26T17:20:17+08:00 ] 127.0.0.1 127.0.0.1 GET /personalBlog/public//static/admin/fonts/fontawesome-webfont.woff2?v=4.3.0
[ info ] 127.0.0.1:8085/personalBlog/public//static/admin/fonts/fontawesome-webfont.woff2?v=4.3.0 [运行时间：0.036208s][吞吐率：27.62req/s] [内存消耗：2,195.69kb] [文件加载：39]
[ info ] [ LANG ] D:\wamp64\www\personalBlog\thinkphp\lang\zh-cn.php
[ info ] [ ROUTE ] array (
  'type' => 'module',
  'module' => 
  array (
    0 => 'static',
    1 => 'admin',
    2 => 'fonts',
  ),
)
[ info ] [ HEADER ] array (
  'host' => '127.0.0.1:8085',
  'connection' => 'keep-alive',
  'origin' => 'http://localhost:8085',
  'user-agent' => 'Mozilla/5.0 (Windows NT 10.0; Win64; x64) AppleWebKit/537.36 (KHTML, like Gecko) Chrome/71.0.3578.80 Safari/537.36',
  'accept' => '*/*',
  'referer' => 'http://127.0.0.1:8085/personalBlog/public//static/admin/style/font-awesome.css',
  'accept-encoding' => 'gzip, deflate, br',
  'accept-language' => 'zh-CN,zh;q=0.9,en;q=0.8,ja;q=0.7',
)
[ info ] [ PARAM ] array (
  'v' => '4.3.0',
)
[ info ] [ LOG ] INIT File
---------------------------------------------------------------
[ 2019-02-26T17:20:20+08:00 ] ::1 ::1 GET /personalBlog/public/index.php/admin/article/lst.html
[ info ] localhost:8085/personalBlog/public/index.php/admin/article/lst.html [运行时间：0.155994s][吞吐率：6.41req/s] [内存消耗：4,720.83kb] [文件加载：64]
[ info ] [ LANG ] D:\wamp64\www\personalBlog\thinkphp\lang\zh-cn.php
[ info ] [ ROUTE ] array (
  'type' => 'module',
  'module' => 
  array (
    0 => 'admin',
    1 => 'article',
    2 => 'lst',
  ),
)
[ info ] [ HEADER ] array (
  'host' => 'localhost:8085',
  'connection' => 'keep-alive',
  'upgrade-insecure-requests' => '1',
  'user-agent' => 'Mozilla/5.0 (Windows NT 10.0; Win64; x64) AppleWebKit/537.36 (KHTML, like Gecko) Chrome/71.0.3578.80 Safari/537.36',
  'accept' => 'text/html,application/xhtml+xml,application/xml;q=0.9,image/webp,image/apng,*/*;q=0.8',
  'referer' => 'http://localhost:8085/personalBlog/public/index.php/admin/admin/lst.html',
  'accept-encoding' => 'gzip, deflate, br',
  'accept-language' => 'zh-CN,zh;q=0.9,en;q=0.8,ja;q=0.7',
  'cookie' => 'Phpstorm-7bb51ccc=336c74aa-4156-409e-ab67-6c44bdd825ae; Hm_lvt_8cc45d54c337ca616c34b1cf747da91c=1535467414; CNZZDATA155540=cnzz_eid%3D787196769-1457399780-%26ntime%3D1457399780; PHPSESSID=lh4tjlai4lsauim2p39lku5f67',
)
[ info ] [ PARAM ] array (
)
[ info ] [ SESSION ] INIT array (
  'id' => '',
  'var_session_id' => '',
  'prefix' => 'think',
  'type' => '',
  'auto_start' => true,
)
[ info ] [ RUN ] app\admin\controller\Article->lst[ D:\wamp64\www\personalBlog\application\admin\controller\Article.php ]
[ info ] [ DB ] INIT mysql
[ info ] [ VIEW ] D:\wamp64\www\personalBlog\public/../application/admin\view\article\list.htm [ array (
  0 => 'list',
) ]
[ info ] [ LOG ] INIT File
[ sql ] [ DB ] CONNECT:[ UseTime:0.011136s ] mysql:dbname=personblog;host=127.0.0.1;port=3306;charset=utf8
[ sql ] [ SQL ] SHOW COLUMNS FROM `tp_article` [ RunTime:0.032842s ]
[ sql ] [ SQL ] SELECT COUNT(*) AS tp_count FROM `tp_article` LIMIT 1 [ RunTime:0.000302s ]
[ sql ] [ SQL ] SELECT * FROM `tp_article` LIMIT 0,3 [ RunTime:0.000362s ]
[ sql ] [ SQL ] SHOW COLUMNS FROM `tp_cate` [ RunTime:0.018176s ]
[ sql ] [ SQL ] SELECT * FROM `tp_cate` WHERE  `id` = 1 LIMIT 1 [ RunTime:0.000840s ]
---------------------------------------------------------------
[ 2019-02-26T17:20:20+08:00 ] 127.0.0.1 127.0.0.1 GET /personalBlog/public//static/admin/fonts/fontawesome-webfont.woff2?v=4.3.0
[ info ] 127.0.0.1:8085/personalBlog/public//static/admin/fonts/fontawesome-webfont.woff2?v=4.3.0 [运行时间：0.038630s][吞吐率：25.89req/s] [内存消耗：2,195.69kb] [文件加载：39]
[ info ] [ LANG ] D:\wamp64\www\personalBlog\thinkphp\lang\zh-cn.php
[ info ] [ ROUTE ] array (
  'type' => 'module',
  'module' => 
  array (
    0 => 'static',
    1 => 'admin',
    2 => 'fonts',
  ),
)
[ info ] [ HEADER ] array (
  'host' => '127.0.0.1:8085',
  'connection' => 'keep-alive',
  'origin' => 'http://localhost:8085',
  'user-agent' => 'Mozilla/5.0 (Windows NT 10.0; Win64; x64) AppleWebKit/537.36 (KHTML, like Gecko) Chrome/71.0.3578.80 Safari/537.36',
  'accept' => '*/*',
  'referer' => 'http://127.0.0.1:8085/personalBlog/public//static/admin/style/font-awesome.css',
  'accept-encoding' => 'gzip, deflate, br',
  'accept-language' => 'zh-CN,zh;q=0.9,en;q=0.8,ja;q=0.7',
)
[ info ] [ PARAM ] array (
  'v' => '4.3.0',
)
[ info ] [ LOG ] INIT File
---------------------------------------------------------------
[ 2019-02-26T17:29:45+08:00 ] ::1 ::1 GET /personalBlog/public/index.php/admin/admin/lst.html
[ info ] localhost:8085/personalBlog/public/index.php/admin/admin/lst.html [运行时间：0.106208s][吞吐率：9.42req/s] [内存消耗：4,512.97kb] [文件加载：60]
[ info ] [ LANG ] D:\wamp64\www\personalBlog\thinkphp\lang\zh-cn.php
[ info ] [ ROUTE ] array (
  'type' => 'module',
  'module' => 
  array (
    0 => 'admin',
    1 => 'admin',
    2 => 'lst',
  ),
)
[ info ] [ HEADER ] array (
  'host' => 'localhost:8085',
  'connection' => 'keep-alive',
  'upgrade-insecure-requests' => '1',
  'user-agent' => 'Mozilla/5.0 (Windows NT 10.0; Win64; x64) AppleWebKit/537.36 (KHTML, like Gecko) Chrome/71.0.3578.80 Safari/537.36',
  'accept' => 'text/html,application/xhtml+xml,application/xml;q=0.9,image/webp,image/apng,*/*;q=0.8',
  'referer' => 'http://localhost:8085/personalBlog/public/index.php/admin/article/lst.html',
  'accept-encoding' => 'gzip, deflate, br',
  'accept-language' => 'zh-CN,zh;q=0.9,en;q=0.8,ja;q=0.7',
  'cookie' => 'Phpstorm-7bb51ccc=336c74aa-4156-409e-ab67-6c44bdd825ae; Hm_lvt_8cc45d54c337ca616c34b1cf747da91c=1535467414; CNZZDATA155540=cnzz_eid%3D787196769-1457399780-%26ntime%3D1457399780; PHPSESSID=lh4tjlai4lsauim2p39lku5f67',
)
[ info ] [ PARAM ] array (
)
[ info ] [ SESSION ] INIT array (
  'id' => '',
  'var_session_id' => '',
  'prefix' => 'think',
  'type' => '',
  'auto_start' => true,
)
[ info ] [ RUN ] app\admin\controller\Admin->lst[ D:\wamp64\www\personalBlog\application\admin\controller\Admin.php ]
[ info ] [ DB ] INIT mysql
[ info ] [ VIEW ] D:\wamp64\www\personalBlog\public/../application/admin\view\admin\list.htm [ array (
  0 => 'list',
) ]
[ info ] [ LOG ] INIT File
[ sql ] [ DB ] CONNECT:[ UseTime:0.001222s ] mysql:dbname=personblog;host=127.0.0.1;port=3306;charset=utf8
[ sql ] [ SQL ] SHOW COLUMNS FROM `tp_admin` [ RunTime:0.030997s ]
[ sql ] [ SQL ] SELECT COUNT(*) AS tp_count FROM `tp_admin` LIMIT 1 [ RunTime:0.000370s ]
[ sql ] [ SQL ] SELECT * FROM `tp_admin` LIMIT 0,3 [ RunTime:0.000325s ]
---------------------------------------------------------------
[ 2019-02-26T17:29:45+08:00 ] 127.0.0.1 127.0.0.1 GET /personalBlog/public//static/admin/fonts/fontawesome-webfont.woff2?v=4.3.0
[ info ] 127.0.0.1:8085/personalBlog/public//static/admin/fonts/fontawesome-webfont.woff2?v=4.3.0 [运行时间：0.050953s][吞吐率：19.63req/s] [内存消耗：2,195.69kb] [文件加载：39]
[ info ] [ LANG ] D:\wamp64\www\personalBlog\thinkphp\lang\zh-cn.php
[ info ] [ ROUTE ] array (
  'type' => 'module',
  'module' => 
  array (
    0 => 'static',
    1 => 'admin',
    2 => 'fonts',
  ),
)
[ info ] [ HEADER ] array (
  'host' => '127.0.0.1:8085',
  'connection' => 'keep-alive',
  'origin' => 'http://localhost:8085',
  'user-agent' => 'Mozilla/5.0 (Windows NT 10.0; Win64; x64) AppleWebKit/537.36 (KHTML, like Gecko) Chrome/71.0.3578.80 Safari/537.36',
  'accept' => '*/*',
  'referer' => 'http://127.0.0.1:8085/personalBlog/public//static/admin/style/font-awesome.css',
  'accept-encoding' => 'gzip, deflate, br',
  'accept-language' => 'zh-CN,zh;q=0.9,en;q=0.8,ja;q=0.7',
)
[ info ] [ PARAM ] array (
  'v' => '4.3.0',
)
[ info ] [ LOG ] INIT File
---------------------------------------------------------------
[ 2019-02-26T17:33:56+08:00 ] ::1 ::1 GET /personalBlog/public/index.php/admin/admin/lst.html
[ info ] localhost:8085/personalBlog/public/index.php/admin/admin/lst.html [运行时间：0.046254s][吞吐率：21.62req/s] [内存消耗：2,695.95kb] [文件加载：49]
[ info ] [ LANG ] D:\wamp64\www\personalBlog\thinkphp\lang\zh-cn.php
[ info ] [ ROUTE ] array (
  'type' => 'module',
  'module' => 
  array (
    0 => 'admin',
    1 => 'admin',
    2 => 'lst',
  ),
)
[ info ] [ HEADER ] array (
  'host' => 'localhost:8085',
  'connection' => 'keep-alive',
  'cache-control' => 'max-age=0',
  'upgrade-insecure-requests' => '1',
  'user-agent' => 'Mozilla/5.0 (Windows NT 10.0; Win64; x64) AppleWebKit/537.36 (KHTML, like Gecko) Chrome/71.0.3578.80 Safari/537.36',
  'accept' => 'text/html,application/xhtml+xml,application/xml;q=0.9,image/webp,image/apng,*/*;q=0.8',
  'referer' => 'http://localhost:8085/personalBlog/public/index.php/admin/article/lst.html',
  'accept-encoding' => 'gzip, deflate, br',
  'accept-language' => 'zh-CN,zh;q=0.9,en;q=0.8,ja;q=0.7',
  'cookie' => 'Phpstorm-7bb51ccc=336c74aa-4156-409e-ab67-6c44bdd825ae; Hm_lvt_8cc45d54c337ca616c34b1cf747da91c=1535467414; CNZZDATA155540=cnzz_eid%3D787196769-1457399780-%26ntime%3D1457399780; PHPSESSID=lh4tjlai4lsauim2p39lku5f67',
)
[ info ] [ PARAM ] array (
)
[ info ] [ SESSION ] INIT array (
  'id' => '',
  'var_session_id' => '',
  'prefix' => 'think',
  'type' => '',
  'auto_start' => true,
)
[ info ] [ RUN ] app\admin\controller\Admin->lst[ D:\wamp64\www\personalBlog\application\admin\controller\Admin.php ]
[ info ] [ LOG ] INIT File
[ error ] [1]Class 'bpp\admin\model\Admin' not found[D:\wamp64\www\personalBlog\application\admin\controller\Admin.php:15]
---------------------------------------------------------------
[ 2019-02-26T17:34:54+08:00 ] ::1 ::1 GET /personalBlog/public/index.php/admin/admin/lst.html
[ info ] localhost:8085/personalBlog/public/index.php/admin/admin/lst.html [运行时间：0.092286s][吞吐率：10.84req/s] [内存消耗：4,513.48kb] [文件加载：60]
[ info ] [ LANG ] D:\wamp64\www\personalBlog\thinkphp\lang\zh-cn.php
[ info ] [ ROUTE ] array (
  'type' => 'module',
  'module' => 
  array (
    0 => 'admin',
    1 => 'admin',
    2 => 'lst',
  ),
)
[ info ] [ HEADER ] array (
  'host' => 'localhost:8085',
  'connection' => 'keep-alive',
  'cache-control' => 'max-age=0',
  'upgrade-insecure-requests' => '1',
  'user-agent' => 'Mozilla/5.0 (Windows NT 10.0; Win64; x64) AppleWebKit/537.36 (KHTML, like Gecko) Chrome/71.0.3578.80 Safari/537.36',
  'accept' => 'text/html,application/xhtml+xml,application/xml;q=0.9,image/webp,image/apng,*/*;q=0.8',
  'referer' => 'http://localhost:8085/personalBlog/public/index.php/admin/article/lst.html',
  'accept-encoding' => 'gzip, deflate, br',
  'accept-language' => 'zh-CN,zh;q=0.9,en;q=0.8,ja;q=0.7',
  'cookie' => 'Phpstorm-7bb51ccc=336c74aa-4156-409e-ab67-6c44bdd825ae; Hm_lvt_8cc45d54c337ca616c34b1cf747da91c=1535467414; CNZZDATA155540=cnzz_eid%3D787196769-1457399780-%26ntime%3D1457399780; PHPSESSID=lh4tjlai4lsauim2p39lku5f67',
)
[ info ] [ PARAM ] array (
)
[ info ] [ SESSION ] INIT array (
  'id' => '',
  'var_session_id' => '',
  'prefix' => 'think',
  'type' => '',
  'auto_start' => true,
)
[ info ] [ RUN ] app\admin\controller\Admin->lst[ D:\wamp64\www\personalBlog\application\admin\controller\Admin.php ]
[ info ] [ DB ] INIT mysql
[ info ] [ VIEW ] D:\wamp64\www\personalBlog\public/../application/admin\view\admin\list.htm [ array (
  0 => 'list',
) ]
[ info ] [ LOG ] INIT File
[ sql ] [ DB ] CONNECT:[ UseTime:0.001347s ] mysql:dbname=personblog;host=127.0.0.1;port=3306;charset=utf8
[ sql ] [ SQL ] SHOW COLUMNS FROM `tp_admin` [ RunTime:0.027281s ]
[ sql ] [ SQL ] SELECT COUNT(*) AS tp_count FROM `tp_admin` LIMIT 1 [ RunTime:0.000341s ]
[ sql ] [ SQL ] SELECT * FROM `tp_admin` LIMIT 0,3 [ RunTime:0.000277s ]
---------------------------------------------------------------
[ 2019-02-26T17:34:54+08:00 ] 127.0.0.1 127.0.0.1 GET /personalBlog/public//static/admin/fonts/fontawesome-webfont.woff2?v=4.3.0
[ info ] 127.0.0.1:8085/personalBlog/public//static/admin/fonts/fontawesome-webfont.woff2?v=4.3.0 [运行时间：0.043507s][吞吐率：22.98req/s] [内存消耗：2,195.69kb] [文件加载：39]
[ info ] [ LANG ] D:\wamp64\www\personalBlog\thinkphp\lang\zh-cn.php
[ info ] [ ROUTE ] array (
  'type' => 'module',
  'module' => 
  array (
    0 => 'static',
    1 => 'admin',
    2 => 'fonts',
  ),
)
[ info ] [ HEADER ] array (
  'host' => '127.0.0.1:8085',
  'connection' => 'keep-alive',
  'origin' => 'http://localhost:8085',
  'user-agent' => 'Mozilla/5.0 (Windows NT 10.0; Win64; x64) AppleWebKit/537.36 (KHTML, like Gecko) Chrome/71.0.3578.80 Safari/537.36',
  'accept' => '*/*',
  'referer' => 'http://127.0.0.1:8085/personalBlog/public//static/admin/style/font-awesome.css',
  'accept-encoding' => 'gzip, deflate, br',
  'accept-language' => 'zh-CN,zh;q=0.9,en;q=0.8,ja;q=0.7',
)
[ info ] [ PARAM ] array (
  'v' => '4.3.0',
)
[ info ] [ LOG ] INIT File
---------------------------------------------------------------
[ 2019-02-26T17:35:41+08:00 ] ::1 ::1 GET /personalBlog/public/index.php/admin/admin/lst.html
[ info ] localhost:8085/personalBlog/public/index.php/admin/admin/lst.html [运行时间：0.046116s][吞吐率：21.68req/s] [内存消耗：2,695.95kb] [文件加载：49]
[ info ] [ LANG ] D:\wamp64\www\personalBlog\thinkphp\lang\zh-cn.php
[ info ] [ ROUTE ] array (
  'type' => 'module',
  'module' => 
  array (
    0 => 'admin',
    1 => 'admin',
    2 => 'lst',
  ),
)
[ info ] [ HEADER ] array (
  'host' => 'localhost:8085',
  'connection' => 'keep-alive',
  'cache-control' => 'max-age=0',
  'upgrade-insecure-requests' => '1',
  'user-agent' => 'Mozilla/5.0 (Windows NT 10.0; Win64; x64) AppleWebKit/537.36 (KHTML, like Gecko) Chrome/71.0.3578.80 Safari/537.36',
  'accept' => 'text/html,application/xhtml+xml,application/xml;q=0.9,image/webp,image/apng,*/*;q=0.8',
  'referer' => 'http://localhost:8085/personalBlog/public/index.php/admin/article/lst.html',
  'accept-encoding' => 'gzip, deflate, br',
  'accept-language' => 'zh-CN,zh;q=0.9,en;q=0.8,ja;q=0.7',
  'cookie' => 'Phpstorm-7bb51ccc=336c74aa-4156-409e-ab67-6c44bdd825ae; Hm_lvt_8cc45d54c337ca616c34b1cf747da91c=1535467414; CNZZDATA155540=cnzz_eid%3D787196769-1457399780-%26ntime%3D1457399780; PHPSESSID=lh4tjlai4lsauim2p39lku5f67',
)
[ info ] [ PARAM ] array (
)
[ info ] [ SESSION ] INIT array (
  'id' => '',
  'var_session_id' => '',
  'prefix' => 'think',
  'type' => '',
  'auto_start' => true,
)
[ info ] [ RUN ] app\admin\controller\Admin->lst[ D:\wamp64\www\personalBlog\application\admin\controller\Admin.php ]
[ info ] [ LOG ] INIT File
[ error ] [1]Class 'bpp\admin\model\Admin' not found[D:\wamp64\www\personalBlog\application\admin\controller\Admin.php:15]
---------------------------------------------------------------
[ 2019-02-26T17:39:41+08:00 ] ::1 ::1 GET /personalBlog/public/index.php/admin/admin/lst.html
[ info ] localhost:8085/personalBlog/public/index.php/admin/admin/lst.html [运行时间：0.089147s][吞吐率：11.22req/s] [内存消耗：4,513.48kb] [文件加载：60]
[ info ] [ LANG ] D:\wamp64\www\personalBlog\thinkphp\lang\zh-cn.php
[ info ] [ ROUTE ] array (
  'type' => 'module',
  'module' => 
  array (
    0 => 'admin',
    1 => 'admin',
    2 => 'lst',
  ),
)
[ info ] [ HEADER ] array (
  'host' => 'localhost:8085',
  'connection' => 'keep-alive',
  'cache-control' => 'max-age=0',
  'upgrade-insecure-requests' => '1',
  'user-agent' => 'Mozilla/5.0 (Windows NT 10.0; Win64; x64) AppleWebKit/537.36 (KHTML, like Gecko) Chrome/71.0.3578.80 Safari/537.36',
  'accept' => 'text/html,application/xhtml+xml,application/xml;q=0.9,image/webp,image/apng,*/*;q=0.8',
  'referer' => 'http://localhost:8085/personalBlog/public/index.php/admin/article/lst.html',
  'accept-encoding' => 'gzip, deflate, br',
  'accept-language' => 'zh-CN,zh;q=0.9,en;q=0.8,ja;q=0.7',
  'cookie' => 'Phpstorm-7bb51ccc=336c74aa-4156-409e-ab67-6c44bdd825ae; Hm_lvt_8cc45d54c337ca616c34b1cf747da91c=1535467414; CNZZDATA155540=cnzz_eid%3D787196769-1457399780-%26ntime%3D1457399780; PHPSESSID=lh4tjlai4lsauim2p39lku5f67',
)
[ info ] [ PARAM ] array (
)
[ info ] [ SESSION ] INIT array (
  'id' => '',
  'var_session_id' => '',
  'prefix' => 'think',
  'type' => '',
  'auto_start' => true,
)
[ info ] [ RUN ] app\admin\controller\Admin->lst[ D:\wamp64\www\personalBlog\application\admin\controller\Admin.php ]
[ info ] [ DB ] INIT mysql
[ info ] [ VIEW ] D:\wamp64\www\personalBlog\public/../application/admin\view\admin\list.htm [ array (
  0 => 'list',
) ]
[ info ] [ LOG ] INIT File
[ sql ] [ DB ] CONNECT:[ UseTime:0.001464s ] mysql:dbname=personblog;host=127.0.0.1;port=3306;charset=utf8
[ sql ] [ SQL ] SHOW COLUMNS FROM `tp_admin` [ RunTime:0.026265s ]
[ sql ] [ SQL ] SELECT COUNT(*) AS tp_count FROM `tp_admin` LIMIT 1 [ RunTime:0.000324s ]
[ sql ] [ SQL ] SELECT * FROM `tp_admin` LIMIT 0,3 [ RunTime:0.000311s ]
---------------------------------------------------------------
[ 2019-02-26T17:39:41+08:00 ] 127.0.0.1 127.0.0.1 GET /personalBlog/public//static/admin/fonts/fontawesome-webfont.woff2?v=4.3.0
[ info ] 127.0.0.1:8085/personalBlog/public//static/admin/fonts/fontawesome-webfont.woff2?v=4.3.0 [运行时间：0.076429s][吞吐率：13.08req/s] [内存消耗：2,195.69kb] [文件加载：39]
[ info ] [ LANG ] D:\wamp64\www\personalBlog\thinkphp\lang\zh-cn.php
[ info ] [ ROUTE ] array (
  'type' => 'module',
  'module' => 
  array (
    0 => 'static',
    1 => 'admin',
    2 => 'fonts',
  ),
)
[ info ] [ HEADER ] array (
  'host' => '127.0.0.1:8085',
  'connection' => 'keep-alive',
  'origin' => 'http://localhost:8085',
  'user-agent' => 'Mozilla/5.0 (Windows NT 10.0; Win64; x64) AppleWebKit/537.36 (KHTML, like Gecko) Chrome/71.0.3578.80 Safari/537.36',
  'accept' => '*/*',
  'referer' => 'http://127.0.0.1:8085/personalBlog/public//static/admin/style/font-awesome.css',
  'accept-encoding' => 'gzip, deflate, br',
  'accept-language' => 'zh-CN,zh;q=0.9,en;q=0.8,ja;q=0.7',
)
[ info ] [ PARAM ] array (
  'v' => '4.3.0',
)
[ info ] [ LOG ] INIT File
---------------------------------------------------------------
[ 2019-02-26T17:40:23+08:00 ] ::1 ::1 GET /personalBlog/public/index.php/admin/cate/lst.html
[ info ] localhost:8085/personalBlog/public/index.php/admin/cate/lst.html [运行时间：0.108291s][吞吐率：9.23req/s] [内存消耗：4,730.94kb] [文件加载：62]
[ info ] [ LANG ] D:\wamp64\www\personalBlog\thinkphp\lang\zh-cn.php
[ info ] [ ROUTE ] array (
  'type' => 'module',
  'module' => 
  array (
    0 => 'admin',
    1 => 'cate',
    2 => 'lst',
  ),
)
[ info ] [ HEADER ] array (
  'host' => 'localhost:8085',
  'connection' => 'keep-alive',
  'upgrade-insecure-requests' => '1',
  'user-agent' => 'Mozilla/5.0 (Windows NT 10.0; Win64; x64) AppleWebKit/537.36 (KHTML, like Gecko) Chrome/71.0.3578.80 Safari/537.36',
  'accept' => 'text/html,application/xhtml+xml,application/xml;q=0.9,image/webp,image/apng,*/*;q=0.8',
  'referer' => 'http://localhost:8085/personalBlog/public/index.php/admin/admin/lst.html',
  'accept-encoding' => 'gzip, deflate, br',
  'accept-language' => 'zh-CN,zh;q=0.9,en;q=0.8,ja;q=0.7',
  'cookie' => 'Phpstorm-7bb51ccc=336c74aa-4156-409e-ab67-6c44bdd825ae; Hm_lvt_8cc45d54c337ca616c34b1cf747da91c=1535467414; CNZZDATA155540=cnzz_eid%3D787196769-1457399780-%26ntime%3D1457399780; PHPSESSID=lh4tjlai4lsauim2p39lku5f67',
)
[ info ] [ PARAM ] array (
)
[ info ] [ SESSION ] INIT array (
  'id' => '',
  'var_session_id' => '',
  'prefix' => 'think',
  'type' => '',
  'auto_start' => true,
)
[ info ] [ RUN ] app\admin\controller\Cate->lst[ D:\wamp64\www\personalBlog\application\admin\controller\Cate.php ]
[ info ] [ DB ] INIT mysql
[ info ] [ VIEW ] D:\wamp64\www\personalBlog\public/../application/admin\view\cate\list.htm [ array (
  0 => 'list',
) ]
[ info ] [ LOG ] INIT File
[ sql ] [ DB ] CONNECT:[ UseTime:0.011626s ] mysql:dbname=personblog;host=127.0.0.1;port=3306;charset=utf8
[ sql ] [ SQL ] SHOW COLUMNS FROM `tp_cate` [ RunTime:0.018612s ]
[ sql ] [ SQL ] SELECT COUNT(*) AS tp_count FROM `tp_cate` LIMIT 1 [ RunTime:0.000316s ]
[ sql ] [ SQL ] SELECT * FROM `tp_cate` LIMIT 0,3 [ RunTime:0.000302s ]
---------------------------------------------------------------
[ 2019-02-26T17:40:24+08:00 ] 127.0.0.1 127.0.0.1 GET /personalBlog/public//static/admin/fonts/fontawesome-webfont.woff2?v=4.3.0
[ info ] 127.0.0.1:8085/personalBlog/public//static/admin/fonts/fontawesome-webfont.woff2?v=4.3.0 [运行时间：0.036364s][吞吐率：27.50req/s] [内存消耗：2,195.69kb] [文件加载：39]
[ info ] [ LANG ] D:\wamp64\www\personalBlog\thinkphp\lang\zh-cn.php
[ info ] [ ROUTE ] array (
  'type' => 'module',
  'module' => 
  array (
    0 => 'static',
    1 => 'admin',
    2 => 'fonts',
  ),
)
[ info ] [ HEADER ] array (
  'host' => '127.0.0.1:8085',
  'connection' => 'keep-alive',
  'origin' => 'http://localhost:8085',
  'user-agent' => 'Mozilla/5.0 (Windows NT 10.0; Win64; x64) AppleWebKit/537.36 (KHTML, like Gecko) Chrome/71.0.3578.80 Safari/537.36',
  'accept' => '*/*',
  'referer' => 'http://127.0.0.1:8085/personalBlog/public//static/admin/style/font-awesome.css',
  'accept-encoding' => 'gzip, deflate, br',
  'accept-language' => 'zh-CN,zh;q=0.9,en;q=0.8,ja;q=0.7',
)
[ info ] [ PARAM ] array (
  'v' => '4.3.0',
)
[ info ] [ LOG ] INIT File
---------------------------------------------------------------
[ 2019-02-26T17:59:08+08:00 ] ::1 ::1 GET /personalBlog/public/index.php/admin/admin/lst.html
[ info ] localhost:8085/personalBlog/public/index.php/admin/admin/lst.html [运行时间：0.107454s][吞吐率：9.31req/s] [内存消耗：4,512.80kb] [文件加载：60]
[ info ] [ LANG ] D:\wamp64\www\personalBlog\thinkphp\lang\zh-cn.php
[ info ] [ ROUTE ] array (
  'type' => 'module',
  'module' => 
  array (
    0 => 'admin',
    1 => 'admin',
    2 => 'lst',
  ),
)
[ info ] [ HEADER ] array (
  'host' => 'localhost:8085',
  'connection' => 'keep-alive',
  'upgrade-insecure-requests' => '1',
  'user-agent' => 'Mozilla/5.0 (Windows NT 10.0; Win64; x64) AppleWebKit/537.36 (KHTML, like Gecko) Chrome/71.0.3578.80 Safari/537.36',
  'accept' => 'text/html,application/xhtml+xml,application/xml;q=0.9,image/webp,image/apng,*/*;q=0.8',
  'referer' => 'http://localhost:8085/personalBlog/public/index.php/admin/cate/lst.html',
  'accept-encoding' => 'gzip, deflate, br',
  'accept-language' => 'zh-CN,zh;q=0.9,en;q=0.8,ja;q=0.7',
  'cookie' => 'Phpstorm-7bb51ccc=336c74aa-4156-409e-ab67-6c44bdd825ae; Hm_lvt_8cc45d54c337ca616c34b1cf747da91c=1535467414; CNZZDATA155540=cnzz_eid%3D787196769-1457399780-%26ntime%3D1457399780; PHPSESSID=lh4tjlai4lsauim2p39lku5f67',
)
[ info ] [ PARAM ] array (
)
[ info ] [ SESSION ] INIT array (
  'id' => '',
  'var_session_id' => '',
  'prefix' => 'think',
  'type' => '',
  'auto_start' => true,
)
[ info ] [ RUN ] app\admin\controller\Admin->lst[ D:\wamp64\www\personalBlog\application\admin\controller\Admin.php ]
[ info ] [ DB ] INIT mysql
[ info ] [ VIEW ] D:\wamp64\www\personalBlog\public/../application/admin\view\admin\list.htm [ array (
  0 => 'list',
) ]
[ info ] [ LOG ] INIT File
[ sql ] [ DB ] CONNECT:[ UseTime:0.001110s ] mysql:dbname=personblog;host=127.0.0.1;port=3306;charset=utf8
[ sql ] [ SQL ] SHOW COLUMNS FROM `tp_admin` [ RunTime:0.024007s ]
[ sql ] [ SQL ] SELECT COUNT(*) AS tp_count FROM `tp_admin` LIMIT 1 [ RunTime:0.000300s ]
[ sql ] [ SQL ] SELECT * FROM `tp_admin` LIMIT 0,3 [ RunTime:0.000314s ]
---------------------------------------------------------------
[ 2019-02-26T17:59:09+08:00 ] 127.0.0.1 127.0.0.1 GET /personalBlog/public//static/admin/fonts/fontawesome-webfont.woff2?v=4.3.0
[ info ] 127.0.0.1:8085/personalBlog/public//static/admin/fonts/fontawesome-webfont.woff2?v=4.3.0 [运行时间：0.042511s][吞吐率：23.52req/s] [内存消耗：2,195.69kb] [文件加载：39]
[ info ] [ LANG ] D:\wamp64\www\personalBlog\thinkphp\lang\zh-cn.php
[ info ] [ ROUTE ] array (
  'type' => 'module',
  'module' => 
  array (
    0 => 'static',
    1 => 'admin',
    2 => 'fonts',
  ),
)
[ info ] [ HEADER ] array (
  'host' => '127.0.0.1:8085',
  'connection' => 'keep-alive',
  'origin' => 'http://localhost:8085',
  'user-agent' => 'Mozilla/5.0 (Windows NT 10.0; Win64; x64) AppleWebKit/537.36 (KHTML, like Gecko) Chrome/71.0.3578.80 Safari/537.36',
  'accept' => '*/*',
  'referer' => 'http://127.0.0.1:8085/personalBlog/public//static/admin/style/font-awesome.css',
  'accept-encoding' => 'gzip, deflate, br',
  'accept-language' => 'zh-CN,zh;q=0.9,en;q=0.8,ja;q=0.7',
)
[ info ] [ PARAM ] array (
  'v' => '4.3.0',
)
[ info ] [ LOG ] INIT File
---------------------------------------------------------------
[ 2019-02-26T18:07:38+08:00 ] ::1 ::1 GET /personalBlog/public/index.php/admin/article/lst.html
[ info ] localhost:8085/personalBlog/public/index.php/admin/article/lst.html [运行时间：0.142774s][吞吐率：7.00req/s] [内存消耗：4,720.83kb] [文件加载：64]
[ info ] [ LANG ] D:\wamp64\www\personalBlog\thinkphp\lang\zh-cn.php
[ info ] [ ROUTE ] array (
  'type' => 'module',
  'module' => 
  array (
    0 => 'admin',
    1 => 'article',
    2 => 'lst',
  ),
)
[ info ] [ HEADER ] array (
  'host' => 'localhost:8085',
  'connection' => 'keep-alive',
  'upgrade-insecure-requests' => '1',
  'user-agent' => 'Mozilla/5.0 (Windows NT 10.0; Win64; x64) AppleWebKit/537.36 (KHTML, like Gecko) Chrome/71.0.3578.80 Safari/537.36',
  'accept' => 'text/html,application/xhtml+xml,application/xml;q=0.9,image/webp,image/apng,*/*;q=0.8',
  'referer' => 'http://localhost:8085/personalBlog/public/index.php/admin/admin/lst.html',
  'accept-encoding' => 'gzip, deflate, br',
  'accept-language' => 'zh-CN,zh;q=0.9,en;q=0.8,ja;q=0.7',
  'cookie' => 'Phpstorm-7bb51ccc=336c74aa-4156-409e-ab67-6c44bdd825ae; Hm_lvt_8cc45d54c337ca616c34b1cf747da91c=1535467414; CNZZDATA155540=cnzz_eid%3D787196769-1457399780-%26ntime%3D1457399780; PHPSESSID=lh4tjlai4lsauim2p39lku5f67',
)
[ info ] [ PARAM ] array (
)
[ info ] [ SESSION ] INIT array (
  'id' => '',
  'var_session_id' => '',
  'prefix' => 'think',
  'type' => '',
  'auto_start' => true,
)
[ info ] [ RUN ] app\admin\controller\Article->lst[ D:\wamp64\www\personalBlog\application\admin\controller\Article.php ]
[ info ] [ DB ] INIT mysql
[ info ] [ VIEW ] D:\wamp64\www\personalBlog\public/../application/admin\view\article\list.htm [ array (
  0 => 'list',
) ]
[ info ] [ LOG ] INIT File
[ sql ] [ DB ] CONNECT:[ UseTime:0.001445s ] mysql:dbname=personblog;host=127.0.0.1;port=3306;charset=utf8
[ sql ] [ SQL ] SHOW COLUMNS FROM `tp_article` [ RunTime:0.031300s ]
[ sql ] [ SQL ] SELECT COUNT(*) AS tp_count FROM `tp_article` LIMIT 1 [ RunTime:0.000220s ]
[ sql ] [ SQL ] SELECT * FROM `tp_article` LIMIT 0,3 [ RunTime:0.000309s ]
[ sql ] [ SQL ] SHOW COLUMNS FROM `tp_cate` [ RunTime:0.035707s ]
[ sql ] [ SQL ] SELECT * FROM `tp_cate` WHERE  `id` = 1 LIMIT 1 [ RunTime:0.000665s ]
---------------------------------------------------------------
[ 2019-02-26T18:07:39+08:00 ] 127.0.0.1 127.0.0.1 GET /personalBlog/public//static/admin/fonts/fontawesome-webfont.woff2?v=4.3.0
[ info ] 127.0.0.1:8085/personalBlog/public//static/admin/fonts/fontawesome-webfont.woff2?v=4.3.0 [运行时间：0.050855s][吞吐率：19.66req/s] [内存消耗：2,195.69kb] [文件加载：39]
[ info ] [ LANG ] D:\wamp64\www\personalBlog\thinkphp\lang\zh-cn.php
[ info ] [ ROUTE ] array (
  'type' => 'module',
  'module' => 
  array (
    0 => 'static',
    1 => 'admin',
    2 => 'fonts',
  ),
)
[ info ] [ HEADER ] array (
  'host' => '127.0.0.1:8085',
  'connection' => 'keep-alive',
  'origin' => 'http://localhost:8085',
  'user-agent' => 'Mozilla/5.0 (Windows NT 10.0; Win64; x64) AppleWebKit/537.36 (KHTML, like Gecko) Chrome/71.0.3578.80 Safari/537.36',
  'accept' => '*/*',
  'referer' => 'http://127.0.0.1:8085/personalBlog/public//static/admin/style/font-awesome.css',
  'accept-encoding' => 'gzip, deflate, br',
  'accept-language' => 'zh-CN,zh;q=0.9,en;q=0.8,ja;q=0.7',
)
[ info ] [ PARAM ] array (
  'v' => '4.3.0',
)
[ info ] [ LOG ] INIT File
---------------------------------------------------------------
[ 2019-02-26T18:54:43+08:00 ] ::1 ::1 GET /personalBlog/public/index.php/admin/admin/edit/id/1.html
[ info ] localhost:8085/personalBlog/public/index.php/admin/admin/edit/id/1.html [运行时间：0.096031s][吞吐率：10.41req/s] [内存消耗：3,840.91kb] [文件加载：54]
[ info ] [ LANG ] D:\wamp64\www\personalBlog\thinkphp\lang\zh-cn.php
[ info ] [ ROUTE ] array (
  'type' => 'module',
  'module' => 
  array (
    0 => 'admin',
    1 => 'admin',
    2 => 'edit',
  ),
)
[ info ] [ HEADER ] array (
  'host' => 'localhost:8085',
  'connection' => 'keep-alive',
  'upgrade-insecure-requests' => '1',
  'user-agent' => 'Mozilla/5.0 (Windows NT 10.0; Win64; x64) AppleWebKit/537.36 (KHTML, like Gecko) Chrome/71.0.3578.80 Safari/537.36',
  'accept' => 'text/html,application/xhtml+xml,application/xml;q=0.9,image/webp,image/apng,*/*;q=0.8',
  'referer' => 'http://localhost:8085/personalBlog/public/index.php/admin/article/lst.html',
  'accept-encoding' => 'gzip, deflate, br',
  'accept-language' => 'zh-CN,zh;q=0.9,en;q=0.8,ja;q=0.7',
  'cookie' => 'Phpstorm-7bb51ccc=336c74aa-4156-409e-ab67-6c44bdd825ae; Hm_lvt_8cc45d54c337ca616c34b1cf747da91c=1535467414; CNZZDATA155540=cnzz_eid%3D787196769-1457399780-%26ntime%3D1457399780; PHPSESSID=lh4tjlai4lsauim2p39lku5f67',
)
[ info ] [ PARAM ] array (
  'id' => '1',
)
[ info ] [ SESSION ] INIT array (
  'id' => '',
  'var_session_id' => '',
  'prefix' => 'think',
  'type' => '',
  'auto_start' => true,
)
[ info ] [ RUN ] app\admin\controller\Admin->edit[ D:\wamp64\www\personalBlog\application\admin\controller\Admin.php ]
[ info ] [ DB ] INIT mysql
[ info ] [ VIEW ] D:\wamp64\www\personalBlog\public/../application/admin\view\admin\edit.htm [ array (
  0 => 'data',
) ]
[ info ] [ LOG ] INIT File
[ sql ] [ DB ] CONNECT:[ UseTime:0.001252s ] mysql:dbname=personblog;host=127.0.0.1;port=3306;charset=utf8
[ sql ] [ SQL ] SHOW COLUMNS FROM `tp_admin` [ RunTime:0.022475s ]
[ sql ] [ SQL ] SELECT * FROM `tp_admin` WHERE  `id` = 1 LIMIT 1 [ RunTime:0.001597s ]
---------------------------------------------------------------
[ 2019-02-26T18:54:43+08:00 ] 127.0.0.1 127.0.0.1 GET /personalBlog/public//static/admin/fonts/fontawesome-webfont.woff2?v=4.3.0
[ info ] 127.0.0.1:8085/personalBlog/public//static/admin/fonts/fontawesome-webfont.woff2?v=4.3.0 [运行时间：0.058521s][吞吐率：17.09req/s] [内存消耗：2,195.69kb] [文件加载：39]
[ info ] [ LANG ] D:\wamp64\www\personalBlog\thinkphp\lang\zh-cn.php
[ info ] [ ROUTE ] array (
  'type' => 'module',
  'module' => 
  array (
    0 => 'static',
    1 => 'admin',
    2 => 'fonts',
  ),
)
[ info ] [ HEADER ] array (
  'host' => '127.0.0.1:8085',
  'connection' => 'keep-alive',
  'origin' => 'http://localhost:8085',
  'user-agent' => 'Mozilla/5.0 (Windows NT 10.0; Win64; x64) AppleWebKit/537.36 (KHTML, like Gecko) Chrome/71.0.3578.80 Safari/537.36',
  'accept' => '*/*',
  'referer' => 'http://127.0.0.1:8085/personalBlog/public//static/admin/style/font-awesome.css',
  'accept-encoding' => 'gzip, deflate, br',
  'accept-language' => 'zh-CN,zh;q=0.9,en;q=0.8,ja;q=0.7',
)
[ info ] [ PARAM ] array (
  'v' => '4.3.0',
)
[ info ] [ LOG ] INIT File
