---------------------------------------------------------------
[ 2019-05-29T17:58:48+08:00 ] ::1 ::1 GET /personalBlog/public/index.php/admin/login/index.html
[ info ] localhost:8085/personalBlog/public/index.php/admin/login/index.html [运行时间：0.092396s][吞吐率：10.82req/s] [内存消耗：2,686.86kb] [文件加载：47]
[ info ] [ LANG ] D:\wamp64\www\personalBlog\thinkphp\lang\zh-cn.php
[ info ] [ ROUTE ] array (
  'type' => 'module',
  'module' => 
  array (
    0 => 'admin',
    1 => 'login',
    2 => 'index',
  ),
)
[ info ] [ HEADER ] array (
  'host' => 'localhost:8085',
  'connection' => 'keep-alive',
  'upgrade-insecure-requests' => '1',
  'user-agent' => 'Mozilla/5.0 (Windows NT 10.0; Win64; x64) AppleWebKit/537.36 (KHTML, like Gecko) Chrome/74.0.3729.169 Safari/537.36',
  'accept' => 'text/html,application/xhtml+xml,application/xml;q=0.9,image/webp,image/apng,*/*;q=0.8,application/signed-exchange;v=b3',
  'accept-encoding' => 'gzip, deflate, br',
  'accept-language' => 'zh-CN,zh;q=0.9,en;q=0.8,ja;q=0.7',
  'cookie' => 'Phpstorm-7bb51ccc=336c74aa-4156-409e-ab67-6c44bdd825ae; Hm_lvt_8cc45d54c337ca616c34b1cf747da91c=1535467414; CNZZDATA155540=cnzz_eid%3D787196769-1457399780-%26ntime%3D1457399780',
)
[ info ] [ PARAM ] array (
)
[ info ] [ RUN ] app\admin\controller\Login->index[ D:\wamp64\www\personalBlog\application\admin\controller\Login.php ]
[ info ] [ VIEW ] D:\wamp64\www\personalBlog\public/../application/admin\view\login\login.htm [ array (
) ]
[ info ] [ LOG ] INIT File
---------------------------------------------------------------
[ 2019-05-29T17:58:48+08:00 ] ::1 ::1 GET /personalBlog/public/index.php/captcha.html
[ info ] localhost:8085/personalBlog/public/index.php/captcha.html [运行时间：0.091350s][吞吐率：10.95req/s] [内存消耗：2,224.14kb] [文件加载：38]
[ info ] [ LANG ] D:\wamp64\www\personalBlog\thinkphp\lang\zh-cn.php
[ info ] [ ROUTE ] array (
  'type' => 'method',
  'method' => 
  array (
    0 => '\\think\\captcha\\CaptchaController',
    1 => 'index',
  ),
  'var' => 
  array (
  ),
)
[ info ] [ HEADER ] array (
  'host' => 'localhost:8085',
  'connection' => 'keep-alive',
  'user-agent' => 'Mozilla/5.0 (Windows NT 10.0; Win64; x64) AppleWebKit/537.36 (KHTML, like Gecko) Chrome/74.0.3729.169 Safari/537.36',
  'accept' => 'image/webp,image/apng,image/*,*/*;q=0.8',
  'referer' => 'http://localhost:8085/personalBlog/public/index.php/admin/login/index.html',
  'accept-encoding' => 'gzip, deflate, br',
  'accept-language' => 'zh-CN,zh;q=0.9,en;q=0.8,ja;q=0.7',
  'cookie' => 'Phpstorm-7bb51ccc=336c74aa-4156-409e-ab67-6c44bdd825ae; Hm_lvt_8cc45d54c337ca616c34b1cf747da91c=1535467414; CNZZDATA155540=cnzz_eid%3D787196769-1457399780-%26ntime%3D1457399780',
)
[ info ] [ PARAM ] array (
  'id' => NULL,
)
[ info ] [ RUN ] think\captcha\CaptchaController->index[ D:\wamp64\www\personalBlog\vendor\topthink\think-captcha\src\CaptchaController.php ]
[ info ] [ SESSION ] INIT array (
  'id' => '',
  'var_session_id' => '',
  'prefix' => 'think',
  'type' => '',
  'auto_start' => true,
)
[ info ] [ LOG ] INIT File
---------------------------------------------------------------
[ 2019-05-29T17:59:01+08:00 ] ::1 ::1 POST /personalBlog/public/index.php/admin/login/index.html
[ info ] localhost:8085/personalBlog/public/index.php/admin/login/index.html [运行时间：0.083328s][吞吐率：12.00req/s] [内存消耗：4,203.87kb] [文件加载：55]
[ info ] [ LANG ] D:\wamp64\www\personalBlog\thinkphp\lang\zh-cn.php
[ info ] [ ROUTE ] array (
  'type' => 'module',
  'module' => 
  array (
    0 => 'admin',
    1 => 'login',
    2 => 'index',
  ),
)
[ info ] [ HEADER ] array (
  'host' => 'localhost:8085',
  'connection' => 'keep-alive',
  'content-length' => '38',
  'cache-control' => 'max-age=0',
  'origin' => 'http://localhost:8085',
  'upgrade-insecure-requests' => '1',
  'content-type' => 'application/x-www-form-urlencoded',
  'user-agent' => 'Mozilla/5.0 (Windows NT 10.0; Win64; x64) AppleWebKit/537.36 (KHTML, like Gecko) Chrome/74.0.3729.169 Safari/537.36',
  'accept' => 'text/html,application/xhtml+xml,application/xml;q=0.9,image/webp,image/apng,*/*;q=0.8,application/signed-exchange;v=b3',
  'referer' => 'http://localhost:8085/personalBlog/public/index.php/admin/login/index.html',
  'accept-encoding' => 'gzip, deflate, br',
  'accept-language' => 'zh-CN,zh;q=0.9,en;q=0.8,ja;q=0.7',
  'cookie' => 'Phpstorm-7bb51ccc=336c74aa-4156-409e-ab67-6c44bdd825ae; Hm_lvt_8cc45d54c337ca616c34b1cf747da91c=1535467414; CNZZDATA155540=cnzz_eid%3D787196769-1457399780-%26ntime%3D1457399780; PHPSESSID=k21c54fkvtmp76jq7vefv2qr74',
)
[ info ] [ PARAM ] array (
  'username' => 'admin',
  'password' => 'admin',
  'code' => 'nhk',
)
[ info ] [ RUN ] app\admin\controller\Login->index[ D:\wamp64\www\personalBlog\application\admin\controller\Login.php ]
[ info ] [ DB ] INIT mysql
[ info ] [ SESSION ] INIT array (
  'id' => '',
  'var_session_id' => '',
  'prefix' => 'think',
  'type' => '',
  'auto_start' => true,
)
[ info ] [ VIEW ] D:\wamp64\www\personalBlog\thinkphp\tpl\dispatch_jump.tpl [ array (
  0 => 'code',
  1 => 'msg',
  2 => 'data',
  3 => 'url',
  4 => 'wait',
) ]
[ info ] [ LOG ] INIT File
---------------------------------------------------------------
[ 2019-05-29T17:59:03+08:00 ] ::1 ::1 GET /personalBlog/public/index.php/admin/login/index.html
[ info ] localhost:8085/personalBlog/public/index.php/admin/login/index.html [运行时间：0.044038s][吞吐率：22.71req/s] [内存消耗：2,686.83kb] [文件加载：47]
[ info ] [ LANG ] D:\wamp64\www\personalBlog\thinkphp\lang\zh-cn.php
[ info ] [ ROUTE ] array (
  'type' => 'module',
  'module' => 
  array (
    0 => 'admin',
    1 => 'login',
    2 => 'index',
  ),
)
[ info ] [ HEADER ] array (
  'host' => 'localhost:8085',
  'connection' => 'keep-alive',
  'upgrade-insecure-requests' => '1',
  'user-agent' => 'Mozilla/5.0 (Windows NT 10.0; Win64; x64) AppleWebKit/537.36 (KHTML, like Gecko) Chrome/74.0.3729.169 Safari/537.36',
  'accept' => 'text/html,application/xhtml+xml,application/xml;q=0.9,image/webp,image/apng,*/*;q=0.8,application/signed-exchange;v=b3',
  'accept-encoding' => 'gzip, deflate, br',
  'accept-language' => 'zh-CN,zh;q=0.9,en;q=0.8,ja;q=0.7',
  'cookie' => 'Phpstorm-7bb51ccc=336c74aa-4156-409e-ab67-6c44bdd825ae; Hm_lvt_8cc45d54c337ca616c34b1cf747da91c=1535467414; CNZZDATA155540=cnzz_eid%3D787196769-1457399780-%26ntime%3D1457399780; PHPSESSID=k21c54fkvtmp76jq7vefv2qr74',
)
[ info ] [ PARAM ] array (
)
[ info ] [ RUN ] app\admin\controller\Login->index[ D:\wamp64\www\personalBlog\application\admin\controller\Login.php ]
[ info ] [ VIEW ] D:\wamp64\www\personalBlog\public/../application/admin\view\login\login.htm [ array (
) ]
[ info ] [ LOG ] INIT File
---------------------------------------------------------------
[ 2019-05-29T17:59:12+08:00 ] ::1 ::1 POST /personalBlog/public/index.php/admin/login/index.html
[ info ] localhost:8085/personalBlog/public/index.php/admin/login/index.html [运行时间：0.123610s][吞吐率：8.09req/s] [内存消耗：4,284.70kb] [文件加载：56]
[ info ] [ LANG ] D:\wamp64\www\personalBlog\thinkphp\lang\zh-cn.php
[ info ] [ ROUTE ] array (
  'type' => 'module',
  'module' => 
  array (
    0 => 'admin',
    1 => 'login',
    2 => 'index',
  ),
)
[ info ] [ HEADER ] array (
  'host' => 'localhost:8085',
  'connection' => 'keep-alive',
  'content-length' => '38',
  'cache-control' => 'max-age=0',
  'origin' => 'http://localhost:8085',
  'upgrade-insecure-requests' => '1',
  'content-type' => 'application/x-www-form-urlencoded',
  'user-agent' => 'Mozilla/5.0 (Windows NT 10.0; Win64; x64) AppleWebKit/537.36 (KHTML, like Gecko) Chrome/74.0.3729.169 Safari/537.36',
  'accept' => 'text/html,application/xhtml+xml,application/xml;q=0.9,image/webp,image/apng,*/*;q=0.8,application/signed-exchange;v=b3',
  'referer' => 'http://localhost:8085/personalBlog/public/index.php/admin/login/index.html',
  'accept-encoding' => 'gzip, deflate, br',
  'accept-language' => 'zh-CN,zh;q=0.9,en;q=0.8,ja;q=0.7',
  'cookie' => 'Phpstorm-7bb51ccc=336c74aa-4156-409e-ab67-6c44bdd825ae; Hm_lvt_8cc45d54c337ca616c34b1cf747da91c=1535467414; CNZZDATA155540=cnzz_eid%3D787196769-1457399780-%26ntime%3D1457399780; PHPSESSID=k21c54fkvtmp76jq7vefv2qr74',
)
[ info ] [ PARAM ] array (
  'username' => 'admin',
  'password' => 'admin',
  'code' => 'mhk',
)
[ info ] [ RUN ] app\admin\controller\Login->index[ D:\wamp64\www\personalBlog\application\admin\controller\Login.php ]
[ info ] [ DB ] INIT mysql
[ info ] [ SESSION ] INIT array (
  'id' => '',
  'var_session_id' => '',
  'prefix' => 'think',
  'type' => '',
  'auto_start' => true,
)
[ info ] [ VIEW ] D:\wamp64\www\personalBlog\thinkphp\tpl\dispatch_jump.tpl [ array (
  0 => 'code',
  1 => 'msg',
  2 => 'data',
  3 => 'url',
  4 => 'wait',
) ]
[ info ] [ LOG ] INIT File
[ sql ] [ DB ] CONNECT:[ UseTime:0.002404s ] mysql:dbname=personblog;host=127.0.0.1;port=3306;charset=utf8
[ sql ] [ SQL ] SHOW COLUMNS FROM `tp_admin` [ RunTime:0.027365s ]
[ sql ] [ SQL ] SELECT * FROM `tp_admin` WHERE  `username` = 'admin' LIMIT 1 [ RunTime:0.009753s ]
---------------------------------------------------------------
[ 2019-05-29T17:59:13+08:00 ] ::1 ::1 GET /personalBlog/public/index.php/admin/login/index.html
[ info ] localhost:8085/personalBlog/public/index.php/admin/login/index.html [运行时间：0.035335s][吞吐率：28.30req/s] [内存消耗：2,686.83kb] [文件加载：47]
[ info ] [ LANG ] D:\wamp64\www\personalBlog\thinkphp\lang\zh-cn.php
[ info ] [ ROUTE ] array (
  'type' => 'module',
  'module' => 
  array (
    0 => 'admin',
    1 => 'login',
    2 => 'index',
  ),
)
[ info ] [ HEADER ] array (
  'host' => 'localhost:8085',
  'connection' => 'keep-alive',
  'upgrade-insecure-requests' => '1',
  'user-agent' => 'Mozilla/5.0 (Windows NT 10.0; Win64; x64) AppleWebKit/537.36 (KHTML, like Gecko) Chrome/74.0.3729.169 Safari/537.36',
  'accept' => 'text/html,application/xhtml+xml,application/xml;q=0.9,image/webp,image/apng,*/*;q=0.8,application/signed-exchange;v=b3',
  'accept-encoding' => 'gzip, deflate, br',
  'accept-language' => 'zh-CN,zh;q=0.9,en;q=0.8,ja;q=0.7',
  'cookie' => 'Phpstorm-7bb51ccc=336c74aa-4156-409e-ab67-6c44bdd825ae; Hm_lvt_8cc45d54c337ca616c34b1cf747da91c=1535467414; CNZZDATA155540=cnzz_eid%3D787196769-1457399780-%26ntime%3D1457399780; PHPSESSID=k21c54fkvtmp76jq7vefv2qr74',
)
[ info ] [ PARAM ] array (
)
[ info ] [ RUN ] app\admin\controller\Login->index[ D:\wamp64\www\personalBlog\application\admin\controller\Login.php ]
[ info ] [ VIEW ] D:\wamp64\www\personalBlog\public/../application/admin\view\login\login.htm [ array (
) ]
[ info ] [ LOG ] INIT File
---------------------------------------------------------------
[ 2019-05-29T17:59:18+08:00 ] ::1 ::1 POST /personalBlog/public/index.php/admin/login/index.html
[ info ] localhost:8085/personalBlog/public/index.php/admin/login/index.html [运行时间：0.070077s][吞吐率：14.27req/s] [内存消耗：4,203.05kb] [文件加载：55]
[ info ] [ LANG ] D:\wamp64\www\personalBlog\thinkphp\lang\zh-cn.php
[ info ] [ ROUTE ] array (
  'type' => 'module',
  'module' => 
  array (
    0 => 'admin',
    1 => 'login',
    2 => 'index',
  ),
)
[ info ] [ HEADER ] array (
  'host' => 'localhost:8085',
  'connection' => 'keep-alive',
  'content-length' => '39',
  'cache-control' => 'max-age=0',
  'origin' => 'http://localhost:8085',
  'upgrade-insecure-requests' => '1',
  'content-type' => 'application/x-www-form-urlencoded',
  'user-agent' => 'Mozilla/5.0 (Windows NT 10.0; Win64; x64) AppleWebKit/537.36 (KHTML, like Gecko) Chrome/74.0.3729.169 Safari/537.36',
  'accept' => 'text/html,application/xhtml+xml,application/xml;q=0.9,image/webp,image/apng,*/*;q=0.8,application/signed-exchange;v=b3',
  'referer' => 'http://localhost:8085/personalBlog/public/index.php/admin/login/index.html',
  'accept-encoding' => 'gzip, deflate, br',
  'accept-language' => 'zh-CN,zh;q=0.9,en;q=0.8,ja;q=0.7',
  'cookie' => 'Phpstorm-7bb51ccc=336c74aa-4156-409e-ab67-6c44bdd825ae; Hm_lvt_8cc45d54c337ca616c34b1cf747da91c=1535467414; CNZZDATA155540=cnzz_eid%3D787196769-1457399780-%26ntime%3D1457399780; PHPSESSID=k21c54fkvtmp76jq7vefv2qr74',
)
[ info ] [ PARAM ] array (
  'username' => 'admin',
  'password' => '123456',
  'code' => 'mhk',
)
[ info ] [ RUN ] app\admin\controller\Login->index[ D:\wamp64\www\personalBlog\application\admin\controller\Login.php ]
[ info ] [ DB ] INIT mysql
[ info ] [ SESSION ] INIT array (
  'id' => '',
  'var_session_id' => '',
  'prefix' => 'think',
  'type' => '',
  'auto_start' => true,
)
[ info ] [ VIEW ] D:\wamp64\www\personalBlog\thinkphp\tpl\dispatch_jump.tpl [ array (
  0 => 'code',
  1 => 'msg',
  2 => 'data',
  3 => 'url',
  4 => 'wait',
) ]
[ info ] [ LOG ] INIT File
---------------------------------------------------------------
[ 2019-05-29T17:59:19+08:00 ] ::1 ::1 GET /personalBlog/public/index.php/admin/login/index.html
[ info ] localhost:8085/personalBlog/public/index.php/admin/login/index.html [运行时间：0.038710s][吞吐率：25.83req/s] [内存消耗：2,686.83kb] [文件加载：47]
[ info ] [ LANG ] D:\wamp64\www\personalBlog\thinkphp\lang\zh-cn.php
[ info ] [ ROUTE ] array (
  'type' => 'module',
  'module' => 
  array (
    0 => 'admin',
    1 => 'login',
    2 => 'index',
  ),
)
[ info ] [ HEADER ] array (
  'host' => 'localhost:8085',
  'connection' => 'keep-alive',
  'upgrade-insecure-requests' => '1',
  'user-agent' => 'Mozilla/5.0 (Windows NT 10.0; Win64; x64) AppleWebKit/537.36 (KHTML, like Gecko) Chrome/74.0.3729.169 Safari/537.36',
  'accept' => 'text/html,application/xhtml+xml,application/xml;q=0.9,image/webp,image/apng,*/*;q=0.8,application/signed-exchange;v=b3',
  'accept-encoding' => 'gzip, deflate, br',
  'accept-language' => 'zh-CN,zh;q=0.9,en;q=0.8,ja;q=0.7',
  'cookie' => 'Phpstorm-7bb51ccc=336c74aa-4156-409e-ab67-6c44bdd825ae; Hm_lvt_8cc45d54c337ca616c34b1cf747da91c=1535467414; CNZZDATA155540=cnzz_eid%3D787196769-1457399780-%26ntime%3D1457399780; PHPSESSID=k21c54fkvtmp76jq7vefv2qr74',
)
[ info ] [ PARAM ] array (
)
[ info ] [ RUN ] app\admin\controller\Login->index[ D:\wamp64\www\personalBlog\application\admin\controller\Login.php ]
[ info ] [ VIEW ] D:\wamp64\www\personalBlog\public/../application/admin\view\login\login.htm [ array (
) ]
[ info ] [ LOG ] INIT File
---------------------------------------------------------------
[ 2019-05-29T17:59:21+08:00 ] ::1 ::1 GET /personalBlog/public/index.php/captcha.html?0.757514432460819
[ info ] localhost:8085/personalBlog/public/index.php/captcha.html?0.757514432460819 [运行时间：0.036222s][吞吐率：27.61req/s] [内存消耗：2,224.54kb] [文件加载：38]
[ info ] [ LANG ] D:\wamp64\www\personalBlog\thinkphp\lang\zh-cn.php
[ info ] [ ROUTE ] array (
  'type' => 'method',
  'method' => 
  array (
    0 => '\\think\\captcha\\CaptchaController',
    1 => 'index',
  ),
  'var' => 
  array (
  ),
)
[ info ] [ HEADER ] array (
  'host' => 'localhost:8085',
  'connection' => 'keep-alive',
  'user-agent' => 'Mozilla/5.0 (Windows NT 10.0; Win64; x64) AppleWebKit/537.36 (KHTML, like Gecko) Chrome/74.0.3729.169 Safari/537.36',
  'accept' => 'image/webp,image/apng,image/*,*/*;q=0.8',
  'referer' => 'http://localhost:8085/personalBlog/public/index.php/admin/login/index.html',
  'accept-encoding' => 'gzip, deflate, br',
  'accept-language' => 'zh-CN,zh;q=0.9,en;q=0.8,ja;q=0.7',
  'cookie' => 'Phpstorm-7bb51ccc=336c74aa-4156-409e-ab67-6c44bdd825ae; Hm_lvt_8cc45d54c337ca616c34b1cf747da91c=1535467414; CNZZDATA155540=cnzz_eid%3D787196769-1457399780-%26ntime%3D1457399780; PHPSESSID=k21c54fkvtmp76jq7vefv2qr74',
)
[ info ] [ PARAM ] array (
  '0_757514432460819' => '',
  'id' => NULL,
)
[ info ] [ RUN ] think\captcha\CaptchaController->index[ D:\wamp64\www\personalBlog\vendor\topthink\think-captcha\src\CaptchaController.php ]
[ info ] [ SESSION ] INIT array (
  'id' => '',
  'var_session_id' => '',
  'prefix' => 'think',
  'type' => '',
  'auto_start' => true,
)
[ info ] [ LOG ] INIT File
---------------------------------------------------------------
[ 2019-05-29T17:59:31+08:00 ] ::1 ::1 POST /personalBlog/public/index.php/admin/login/index.html
[ info ] localhost:8085/personalBlog/public/index.php/admin/login/index.html [运行时间：0.120698s][吞吐率：8.29req/s] [内存消耗：4,382.87kb] [文件加载：57]
[ info ] [ LANG ] D:\wamp64\www\personalBlog\thinkphp\lang\zh-cn.php
[ info ] [ ROUTE ] array (
  'type' => 'module',
  'module' => 
  array (
    0 => 'admin',
    1 => 'login',
    2 => 'index',
  ),
)
[ info ] [ HEADER ] array (
  'host' => 'localhost:8085',
  'connection' => 'keep-alive',
  'content-length' => '39',
  'cache-control' => 'max-age=0',
  'origin' => 'http://localhost:8085',
  'upgrade-insecure-requests' => '1',
  'content-type' => 'application/x-www-form-urlencoded',
  'user-agent' => 'Mozilla/5.0 (Windows NT 10.0; Win64; x64) AppleWebKit/537.36 (KHTML, like Gecko) Chrome/74.0.3729.169 Safari/537.36',
  'accept' => 'text/html,application/xhtml+xml,application/xml;q=0.9,image/webp,image/apng,*/*;q=0.8,application/signed-exchange;v=b3',
  'referer' => 'http://localhost:8085/personalBlog/public/index.php/admin/login/index.html',
  'accept-encoding' => 'gzip, deflate, br',
  'accept-language' => 'zh-CN,zh;q=0.9,en;q=0.8,ja;q=0.7',
  'cookie' => 'Phpstorm-7bb51ccc=336c74aa-4156-409e-ab67-6c44bdd825ae; Hm_lvt_8cc45d54c337ca616c34b1cf747da91c=1535467414; CNZZDATA155540=cnzz_eid%3D787196769-1457399780-%26ntime%3D1457399780; PHPSESSID=k21c54fkvtmp76jq7vefv2qr74',
)
[ info ] [ PARAM ] array (
  'username' => 'admin',
  'password' => '123456',
  'code' => 'Ae7',
)
[ info ] [ RUN ] app\admin\controller\Login->index[ D:\wamp64\www\personalBlog\application\admin\controller\Login.php ]
[ info ] [ DB ] INIT mysql
[ info ] [ SESSION ] INIT array (
  'id' => '',
  'var_session_id' => '',
  'prefix' => 'think',
  'type' => '',
  'auto_start' => true,
)
[ info ] [ VIEW ] D:\wamp64\www\personalBlog\thinkphp\tpl\dispatch_jump.tpl [ array (
  0 => 'code',
  1 => 'msg',
  2 => 'data',
  3 => 'url',
  4 => 'wait',
) ]
[ info ] [ LOG ] INIT File
[ sql ] [ DB ] CONNECT:[ UseTime:0.011760s ] mysql:dbname=personblog;host=127.0.0.1;port=3306;charset=utf8
[ sql ] [ SQL ] SHOW COLUMNS FROM `tp_admin` [ RunTime:0.030446s ]
[ sql ] [ SQL ] SELECT * FROM `tp_admin` WHERE  `username` = 'admin' LIMIT 1 [ RunTime:0.000439s ]
---------------------------------------------------------------
[ 2019-05-29T17:59:32+08:00 ] ::1 ::1 GET /personalBlog/public/index.php/admin/index/index.html
[ info ] localhost:8085/personalBlog/public/index.php/admin/index/index.html [运行时间：0.054586s][吞吐率：18.32req/s] [内存消耗：2,695.15kb] [文件加载：48]
[ info ] [ LANG ] D:\wamp64\www\personalBlog\thinkphp\lang\zh-cn.php
[ info ] [ ROUTE ] array (
  'type' => 'module',
  'module' => 
  array (
    0 => 'admin',
    1 => 'index',
    2 => 'index',
  ),
)
[ info ] [ HEADER ] array (
  'host' => 'localhost:8085',
  'connection' => 'keep-alive',
  'upgrade-insecure-requests' => '1',
  'user-agent' => 'Mozilla/5.0 (Windows NT 10.0; Win64; x64) AppleWebKit/537.36 (KHTML, like Gecko) Chrome/74.0.3729.169 Safari/537.36',
  'accept' => 'text/html,application/xhtml+xml,application/xml;q=0.9,image/webp,image/apng,*/*;q=0.8,application/signed-exchange;v=b3',
  'referer' => 'http://localhost:8085/personalBlog/public/index.php/admin/login/index.html',
  'accept-encoding' => 'gzip, deflate, br',
  'accept-language' => 'zh-CN,zh;q=0.9,en;q=0.8,ja;q=0.7',
  'cookie' => 'Phpstorm-7bb51ccc=336c74aa-4156-409e-ab67-6c44bdd825ae; Hm_lvt_8cc45d54c337ca616c34b1cf747da91c=1535467414; CNZZDATA155540=cnzz_eid%3D787196769-1457399780-%26ntime%3D1457399780; PHPSESSID=k21c54fkvtmp76jq7vefv2qr74',
)
[ info ] [ PARAM ] array (
)
[ info ] [ SESSION ] INIT array (
  'id' => '',
  'var_session_id' => '',
  'prefix' => 'think',
  'type' => '',
  'auto_start' => true,
)
[ info ] [ RUN ] app\admin\controller\Index->index[ D:\wamp64\www\personalBlog\application\admin\controller\Index.php ]
[ info ] [ VIEW ] D:\wamp64\www\personalBlog\public/../application/admin\view\index\index.htm [ array (
) ]
[ info ] [ LOG ] INIT File
---------------------------------------------------------------
[ 2019-05-29T17:59:33+08:00 ] 127.0.0.1 127.0.0.1 GET /personalBlog/public//static/admin/fonts/fontawesome-webfont.woff2?v=4.3.0
[ info ] 127.0.0.1:8085/personalBlog/public//static/admin/fonts/fontawesome-webfont.woff2?v=4.3.0 [运行时间：0.046052s][吞吐率：21.71req/s] [内存消耗：2,195.68kb] [文件加载：39]
[ info ] [ LANG ] D:\wamp64\www\personalBlog\thinkphp\lang\zh-cn.php
[ info ] [ ROUTE ] array (
  'type' => 'module',
  'module' => 
  array (
    0 => 'static',
    1 => 'admin',
    2 => 'fonts',
  ),
)
[ info ] [ HEADER ] array (
  'host' => '127.0.0.1:8085',
  'connection' => 'keep-alive',
  'origin' => 'http://localhost:8085',
  'user-agent' => 'Mozilla/5.0 (Windows NT 10.0; Win64; x64) AppleWebKit/537.36 (KHTML, like Gecko) Chrome/74.0.3729.169 Safari/537.36',
  'accept' => '*/*',
  'referer' => 'http://127.0.0.1:8085/personalBlog/public//static/admin/style/font-awesome.css',
  'accept-encoding' => 'gzip, deflate, br',
  'accept-language' => 'zh-CN,zh;q=0.9,en;q=0.8,ja;q=0.7',
)
[ info ] [ PARAM ] array (
  'v' => '4.3.0',
)
[ info ] [ LOG ] INIT File
---------------------------------------------------------------
[ 2019-05-29T17:59:45+08:00 ] ::1 ::1 GET /personalBlog/public/index.php/admin/admin/lst.html
[ info ] localhost:8085/personalBlog/public/index.php/admin/admin/lst.html [运行时间：0.095002s][吞吐率：10.53req/s] [内存消耗：4,511.63kb] [文件加载：60]
[ info ] [ LANG ] D:\wamp64\www\personalBlog\thinkphp\lang\zh-cn.php
[ info ] [ ROUTE ] array (
  'type' => 'module',
  'module' => 
  array (
    0 => 'admin',
    1 => 'admin',
    2 => 'lst',
  ),
)
[ info ] [ HEADER ] array (
  'host' => 'localhost:8085',
  'connection' => 'keep-alive',
  'upgrade-insecure-requests' => '1',
  'user-agent' => 'Mozilla/5.0 (Windows NT 10.0; Win64; x64) AppleWebKit/537.36 (KHTML, like Gecko) Chrome/74.0.3729.169 Safari/537.36',
  'accept' => 'text/html,application/xhtml+xml,application/xml;q=0.9,image/webp,image/apng,*/*;q=0.8,application/signed-exchange;v=b3',
  'referer' => 'http://localhost:8085/personalBlog/public/index.php/admin/index/index.html',
  'accept-encoding' => 'gzip, deflate, br',
  'accept-language' => 'zh-CN,zh;q=0.9,en;q=0.8,ja;q=0.7',
  'cookie' => 'Phpstorm-7bb51ccc=336c74aa-4156-409e-ab67-6c44bdd825ae; Hm_lvt_8cc45d54c337ca616c34b1cf747da91c=1535467414; CNZZDATA155540=cnzz_eid%3D787196769-1457399780-%26ntime%3D1457399780; PHPSESSID=k21c54fkvtmp76jq7vefv2qr74',
)
[ info ] [ PARAM ] array (
)
[ info ] [ SESSION ] INIT array (
  'id' => '',
  'var_session_id' => '',
  'prefix' => 'think',
  'type' => '',
  'auto_start' => true,
)
[ info ] [ RUN ] app\admin\controller\Admin->lst[ D:\wamp64\www\personalBlog\application\admin\controller\Admin.php ]
[ info ] [ DB ] INIT mysql
[ info ] [ VIEW ] D:\wamp64\www\personalBlog\public/../application/admin\view\admin\list.htm [ array (
  0 => 'list',
) ]
[ info ] [ LOG ] INIT File
[ sql ] [ DB ] CONNECT:[ UseTime:0.001225s ] mysql:dbname=personblog;host=127.0.0.1;port=3306;charset=utf8
[ sql ] [ SQL ] SHOW COLUMNS FROM `tp_admin` [ RunTime:0.019909s ]
[ sql ] [ SQL ] SELECT COUNT(*) AS tp_count FROM `tp_admin` LIMIT 1 [ RunTime:0.004694s ]
[ sql ] [ SQL ] SELECT * FROM `tp_admin` LIMIT 0,3 [ RunTime:0.001057s ]
---------------------------------------------------------------
[ 2019-05-29T17:59:45+08:00 ] 127.0.0.1 127.0.0.1 GET /personalBlog/public//static/admin/fonts/fontawesome-webfont.woff2?v=4.3.0
[ info ] 127.0.0.1:8085/personalBlog/public//static/admin/fonts/fontawesome-webfont.woff2?v=4.3.0 [运行时间：0.036674s][吞吐率：27.27req/s] [内存消耗：2,195.68kb] [文件加载：39]
[ info ] [ LANG ] D:\wamp64\www\personalBlog\thinkphp\lang\zh-cn.php
[ info ] [ ROUTE ] array (
  'type' => 'module',
  'module' => 
  array (
    0 => 'static',
    1 => 'admin',
    2 => 'fonts',
  ),
)
[ info ] [ HEADER ] array (
  'host' => '127.0.0.1:8085',
  'connection' => 'keep-alive',
  'origin' => 'http://localhost:8085',
  'user-agent' => 'Mozilla/5.0 (Windows NT 10.0; Win64; x64) AppleWebKit/537.36 (KHTML, like Gecko) Chrome/74.0.3729.169 Safari/537.36',
  'accept' => '*/*',
  'referer' => 'http://127.0.0.1:8085/personalBlog/public//static/admin/style/font-awesome.css',
  'accept-encoding' => 'gzip, deflate, br',
  'accept-language' => 'zh-CN,zh;q=0.9,en;q=0.8,ja;q=0.7',
)
[ info ] [ PARAM ] array (
  'v' => '4.3.0',
)
[ info ] [ LOG ] INIT File
