---------------------------------------------------------------
[ 2019-03-04T17:15:16+08:00 ] ::1 ::1 GET /personalBlog/public/index.php/admin/login/index.html
[ info ] localhost:8085/personalBlog/public/index.php/admin/login/index.html [运行时间：0.265758s][吞吐率：3.76req/s] [内存消耗：2,686.87kb] [文件加载：47]
[ info ] [ LANG ] D:\wamp64\www\personalBlog\thinkphp\lang\zh-cn.php
[ info ] [ ROUTE ] array (
  'type' => 'module',
  'module' => 
  array (
    0 => 'admin',
    1 => 'login',
    2 => 'index',
  ),
)
[ info ] [ HEADER ] array (
  'host' => 'localhost:8085',
  'connection' => 'keep-alive',
  'upgrade-insecure-requests' => '1',
  'user-agent' => 'Mozilla/5.0 (Windows NT 10.0; Win64; x64) AppleWebKit/537.36 (KHTML, like Gecko) Chrome/71.0.3578.80 Safari/537.36',
  'accept' => 'text/html,application/xhtml+xml,application/xml;q=0.9,image/webp,image/apng,*/*;q=0.8',
  'accept-encoding' => 'gzip, deflate, br',
  'accept-language' => 'zh-CN,zh;q=0.9,en;q=0.8,ja;q=0.7',
  'cookie' => 'Phpstorm-7bb51ccc=336c74aa-4156-409e-ab67-6c44bdd825ae; Hm_lvt_8cc45d54c337ca616c34b1cf747da91c=1535467414; CNZZDATA155540=cnzz_eid%3D787196769-1457399780-%26ntime%3D1457399780; PHPSESSID=ulajagjfcahh943icpl606scr1',
)
[ info ] [ PARAM ] array (
)
[ info ] [ RUN ] app\admin\controller\Login->index[ D:\wamp64\www\personalBlog\application\admin\controller\Login.php ]
[ info ] [ VIEW ] D:\wamp64\www\personalBlog\public/../application/admin\view\login\login.htm [ array (
) ]
[ info ] [ LOG ] INIT File
---------------------------------------------------------------
[ 2019-03-04T17:15:16+08:00 ] ::1 ::1 GET /personalBlog/public/index.php/captcha.html
[ info ] localhost:8085/personalBlog/public/index.php/captcha.html [运行时间：0.118283s][吞吐率：8.45req/s] [内存消耗：2,224.62kb] [文件加载：38]
[ info ] [ LANG ] D:\wamp64\www\personalBlog\thinkphp\lang\zh-cn.php
[ info ] [ ROUTE ] array (
  'type' => 'method',
  'method' => 
  array (
    0 => '\\think\\captcha\\CaptchaController',
    1 => 'index',
  ),
  'var' => 
  array (
  ),
)
[ info ] [ HEADER ] array (
  'host' => 'localhost:8085',
  'connection' => 'keep-alive',
  'user-agent' => 'Mozilla/5.0 (Windows NT 10.0; Win64; x64) AppleWebKit/537.36 (KHTML, like Gecko) Chrome/71.0.3578.80 Safari/537.36',
  'accept' => 'image/webp,image/apng,image/*,*/*;q=0.8',
  'referer' => 'http://localhost:8085/personalBlog/public/index.php/admin/login/index.html',
  'accept-encoding' => 'gzip, deflate, br',
  'accept-language' => 'zh-CN,zh;q=0.9,en;q=0.8,ja;q=0.7',
  'cookie' => 'Phpstorm-7bb51ccc=336c74aa-4156-409e-ab67-6c44bdd825ae; Hm_lvt_8cc45d54c337ca616c34b1cf747da91c=1535467414; CNZZDATA155540=cnzz_eid%3D787196769-1457399780-%26ntime%3D1457399780; PHPSESSID=ulajagjfcahh943icpl606scr1',
)
[ info ] [ PARAM ] array (
  'id' => NULL,
)
[ info ] [ RUN ] think\captcha\CaptchaController->index[ D:\wamp64\www\personalBlog\vendor\topthink\think-captcha\src\CaptchaController.php ]
[ info ] [ SESSION ] INIT array (
  'id' => '',
  'var_session_id' => '',
  'prefix' => 'think',
  'type' => '',
  'auto_start' => true,
)
[ info ] [ LOG ] INIT File
---------------------------------------------------------------
[ 2019-03-04T17:15:24+08:00 ] ::1 ::1 GET /personalBlog/public/index.php/captcha.html?0.00705360582254233
[ info ] localhost:8085/personalBlog/public/index.php/captcha.html?0.00705360582254233 [运行时间：0.072788s][吞吐率：13.74req/s] [内存消耗：2,225.19kb] [文件加载：38]
[ info ] [ LANG ] D:\wamp64\www\personalBlog\thinkphp\lang\zh-cn.php
[ info ] [ ROUTE ] array (
  'type' => 'method',
  'method' => 
  array (
    0 => '\\think\\captcha\\CaptchaController',
    1 => 'index',
  ),
  'var' => 
  array (
  ),
)
[ info ] [ HEADER ] array (
  'host' => 'localhost:8085',
  'connection' => 'keep-alive',
  'user-agent' => 'Mozilla/5.0 (Windows NT 10.0; Win64; x64) AppleWebKit/537.36 (KHTML, like Gecko) Chrome/71.0.3578.80 Safari/537.36',
  'accept' => 'image/webp,image/apng,image/*,*/*;q=0.8',
  'referer' => 'http://localhost:8085/personalBlog/public/index.php/admin/login/index.html',
  'accept-encoding' => 'gzip, deflate, br',
  'accept-language' => 'zh-CN,zh;q=0.9,en;q=0.8,ja;q=0.7',
  'cookie' => 'Phpstorm-7bb51ccc=336c74aa-4156-409e-ab67-6c44bdd825ae; Hm_lvt_8cc45d54c337ca616c34b1cf747da91c=1535467414; CNZZDATA155540=cnzz_eid%3D787196769-1457399780-%26ntime%3D1457399780; PHPSESSID=ulajagjfcahh943icpl606scr1',
)
[ info ] [ PARAM ] array (
  '0_00705360582254233' => '',
  'id' => NULL,
)
[ info ] [ RUN ] think\captcha\CaptchaController->index[ D:\wamp64\www\personalBlog\vendor\topthink\think-captcha\src\CaptchaController.php ]
[ info ] [ SESSION ] INIT array (
  'id' => '',
  'var_session_id' => '',
  'prefix' => 'think',
  'type' => '',
  'auto_start' => true,
)
[ info ] [ LOG ] INIT File
---------------------------------------------------------------
[ 2019-03-04T17:15:31+08:00 ] ::1 ::1 POST /personalBlog/public/index.php/admin/login/index.html
[ info ] localhost:8085/personalBlog/public/index.php/admin/login/index.html [运行时间：0.168237s][吞吐率：5.94req/s] [内存消耗：4,285.52kb] [文件加载：56]
[ info ] [ LANG ] D:\wamp64\www\personalBlog\thinkphp\lang\zh-cn.php
[ info ] [ ROUTE ] array (
  'type' => 'module',
  'module' => 
  array (
    0 => 'admin',
    1 => 'login',
    2 => 'index',
  ),
)
[ info ] [ HEADER ] array (
  'host' => 'localhost:8085',
  'connection' => 'keep-alive',
  'content-length' => '38',
  'cache-control' => 'max-age=0',
  'origin' => 'http://localhost:8085',
  'upgrade-insecure-requests' => '1',
  'content-type' => 'application/x-www-form-urlencoded',
  'user-agent' => 'Mozilla/5.0 (Windows NT 10.0; Win64; x64) AppleWebKit/537.36 (KHTML, like Gecko) Chrome/71.0.3578.80 Safari/537.36',
  'accept' => 'text/html,application/xhtml+xml,application/xml;q=0.9,image/webp,image/apng,*/*;q=0.8',
  'referer' => 'http://localhost:8085/personalBlog/public/index.php/admin/login/index.html',
  'accept-encoding' => 'gzip, deflate, br',
  'accept-language' => 'zh-CN,zh;q=0.9,en;q=0.8,ja;q=0.7',
  'cookie' => 'Phpstorm-7bb51ccc=336c74aa-4156-409e-ab67-6c44bdd825ae; Hm_lvt_8cc45d54c337ca616c34b1cf747da91c=1535467414; CNZZDATA155540=cnzz_eid%3D787196769-1457399780-%26ntime%3D1457399780; PHPSESSID=ulajagjfcahh943icpl606scr1',
)
[ info ] [ PARAM ] array (
  'username' => 'admin',
  'password' => 'admin',
  'code' => 'xi6',
)
[ info ] [ RUN ] app\admin\controller\Login->index[ D:\wamp64\www\personalBlog\application\admin\controller\Login.php ]
[ info ] [ DB ] INIT mysql
[ info ] [ SESSION ] INIT array (
  'id' => '',
  'var_session_id' => '',
  'prefix' => 'think',
  'type' => '',
  'auto_start' => true,
)
[ info ] [ VIEW ] D:\wamp64\www\personalBlog\thinkphp\tpl\dispatch_jump.tpl [ array (
  0 => 'code',
  1 => 'msg',
  2 => 'data',
  3 => 'url',
  4 => 'wait',
) ]
[ info ] [ LOG ] INIT File
[ sql ] [ DB ] CONNECT:[ UseTime:0.001563s ] mysql:dbname=personblog;host=127.0.0.1;port=3306;charset=utf8
[ sql ] [ SQL ] SHOW COLUMNS FROM `tp_admin` [ RunTime:0.025440s ]
[ sql ] [ SQL ] SELECT * FROM `tp_admin` WHERE  `username` = 'admin' LIMIT 1 [ RunTime:0.001843s ]
---------------------------------------------------------------
[ 2019-03-04T17:15:33+08:00 ] ::1 ::1 GET /personalBlog/public/index.php/admin/login/index.html
[ info ] localhost:8085/personalBlog/public/index.php/admin/login/index.html [运行时间：0.067319s][吞吐率：14.85req/s] [内存消耗：2,686.87kb] [文件加载：47]
[ info ] [ LANG ] D:\wamp64\www\personalBlog\thinkphp\lang\zh-cn.php
[ info ] [ ROUTE ] array (
  'type' => 'module',
  'module' => 
  array (
    0 => 'admin',
    1 => 'login',
    2 => 'index',
  ),
)
[ info ] [ HEADER ] array (
  'host' => 'localhost:8085',
  'connection' => 'keep-alive',
  'upgrade-insecure-requests' => '1',
  'user-agent' => 'Mozilla/5.0 (Windows NT 10.0; Win64; x64) AppleWebKit/537.36 (KHTML, like Gecko) Chrome/71.0.3578.80 Safari/537.36',
  'accept' => 'text/html,application/xhtml+xml,application/xml;q=0.9,image/webp,image/apng,*/*;q=0.8',
  'accept-encoding' => 'gzip, deflate, br',
  'accept-language' => 'zh-CN,zh;q=0.9,en;q=0.8,ja;q=0.7',
  'cookie' => 'Phpstorm-7bb51ccc=336c74aa-4156-409e-ab67-6c44bdd825ae; Hm_lvt_8cc45d54c337ca616c34b1cf747da91c=1535467414; CNZZDATA155540=cnzz_eid%3D787196769-1457399780-%26ntime%3D1457399780; PHPSESSID=ulajagjfcahh943icpl606scr1',
)
[ info ] [ PARAM ] array (
)
[ info ] [ RUN ] app\admin\controller\Login->index[ D:\wamp64\www\personalBlog\application\admin\controller\Login.php ]
[ info ] [ VIEW ] D:\wamp64\www\personalBlog\public/../application/admin\view\login\login.htm [ array (
) ]
[ info ] [ LOG ] INIT File
---------------------------------------------------------------
[ 2019-03-04T17:15:33+08:00 ] ::1 ::1 GET /personalBlog/public/index.php/captcha.html
[ info ] localhost:8085/personalBlog/public/index.php/captcha.html [运行时间：0.081056s][吞吐率：12.34req/s] [内存消耗：2,224.64kb] [文件加载：38]
[ info ] [ LANG ] D:\wamp64\www\personalBlog\thinkphp\lang\zh-cn.php
[ info ] [ ROUTE ] array (
  'type' => 'method',
  'method' => 
  array (
    0 => '\\think\\captcha\\CaptchaController',
    1 => 'index',
  ),
  'var' => 
  array (
  ),
)
[ info ] [ HEADER ] array (
  'host' => 'localhost:8085',
  'connection' => 'keep-alive',
  'user-agent' => 'Mozilla/5.0 (Windows NT 10.0; Win64; x64) AppleWebKit/537.36 (KHTML, like Gecko) Chrome/71.0.3578.80 Safari/537.36',
  'accept' => 'image/webp,image/apng,image/*,*/*;q=0.8',
  'referer' => 'http://localhost:8085/personalBlog/public/index.php/admin/login/index.html',
  'accept-encoding' => 'gzip, deflate, br',
  'accept-language' => 'zh-CN,zh;q=0.9,en;q=0.8,ja;q=0.7',
  'cookie' => 'Phpstorm-7bb51ccc=336c74aa-4156-409e-ab67-6c44bdd825ae; Hm_lvt_8cc45d54c337ca616c34b1cf747da91c=1535467414; CNZZDATA155540=cnzz_eid%3D787196769-1457399780-%26ntime%3D1457399780; PHPSESSID=ulajagjfcahh943icpl606scr1',
)
[ info ] [ PARAM ] array (
  'id' => NULL,
)
[ info ] [ RUN ] think\captcha\CaptchaController->index[ D:\wamp64\www\personalBlog\vendor\topthink\think-captcha\src\CaptchaController.php ]
[ info ] [ SESSION ] INIT array (
  'id' => '',
  'var_session_id' => '',
  'prefix' => 'think',
  'type' => '',
  'auto_start' => true,
)
[ info ] [ LOG ] INIT File
---------------------------------------------------------------
[ 2019-03-04T17:15:46+08:00 ] ::1 ::1 POST /personalBlog/public/index.php/admin/login/index.html
[ info ] localhost:8085/personalBlog/public/index.php/admin/login/index.html [运行时间：0.118519s][吞吐率：8.44req/s] [内存消耗：4,204.54kb] [文件加载：55]
[ info ] [ LANG ] D:\wamp64\www\personalBlog\thinkphp\lang\zh-cn.php
[ info ] [ ROUTE ] array (
  'type' => 'module',
  'module' => 
  array (
    0 => 'admin',
    1 => 'login',
    2 => 'index',
  ),
)
[ info ] [ HEADER ] array (
  'host' => 'localhost:8085',
  'connection' => 'keep-alive',
  'content-length' => '38',
  'cache-control' => 'max-age=0',
  'origin' => 'http://localhost:8085',
  'upgrade-insecure-requests' => '1',
  'content-type' => 'application/x-www-form-urlencoded',
  'user-agent' => 'Mozilla/5.0 (Windows NT 10.0; Win64; x64) AppleWebKit/537.36 (KHTML, like Gecko) Chrome/71.0.3578.80 Safari/537.36',
  'accept' => 'text/html,application/xhtml+xml,application/xml;q=0.9,image/webp,image/apng,*/*;q=0.8',
  'referer' => 'http://localhost:8085/personalBlog/public/index.php/admin/login/index.html',
  'accept-encoding' => 'gzip, deflate, br',
  'accept-language' => 'zh-CN,zh;q=0.9,en;q=0.8,ja;q=0.7',
  'cookie' => 'Phpstorm-7bb51ccc=336c74aa-4156-409e-ab67-6c44bdd825ae; Hm_lvt_8cc45d54c337ca616c34b1cf747da91c=1535467414; CNZZDATA155540=cnzz_eid%3D787196769-1457399780-%26ntime%3D1457399780; PHPSESSID=ulajagjfcahh943icpl606scr1',
)
[ info ] [ PARAM ] array (
  'username' => 'admin',
  'password' => 'admin',
  'code' => 'ixm',
)
[ info ] [ RUN ] app\admin\controller\Login->index[ D:\wamp64\www\personalBlog\application\admin\controller\Login.php ]
[ info ] [ DB ] INIT mysql
[ info ] [ SESSION ] INIT array (
  'id' => '',
  'var_session_id' => '',
  'prefix' => 'think',
  'type' => '',
  'auto_start' => true,
)
[ info ] [ VIEW ] D:\wamp64\www\personalBlog\thinkphp\tpl\dispatch_jump.tpl [ array (
  0 => 'code',
  1 => 'msg',
  2 => 'data',
  3 => 'url',
  4 => 'wait',
) ]
[ info ] [ LOG ] INIT File
---------------------------------------------------------------
[ 2019-03-04T17:15:48+08:00 ] ::1 ::1 GET /personalBlog/public/index.php/admin/login/index.html
[ info ] localhost:8085/personalBlog/public/index.php/admin/login/index.html [运行时间：0.071764s][吞吐率：13.93req/s] [内存消耗：2,686.87kb] [文件加载：47]
[ info ] [ LANG ] D:\wamp64\www\personalBlog\thinkphp\lang\zh-cn.php
[ info ] [ ROUTE ] array (
  'type' => 'module',
  'module' => 
  array (
    0 => 'admin',
    1 => 'login',
    2 => 'index',
  ),
)
[ info ] [ HEADER ] array (
  'host' => 'localhost:8085',
  'connection' => 'keep-alive',
  'upgrade-insecure-requests' => '1',
  'user-agent' => 'Mozilla/5.0 (Windows NT 10.0; Win64; x64) AppleWebKit/537.36 (KHTML, like Gecko) Chrome/71.0.3578.80 Safari/537.36',
  'accept' => 'text/html,application/xhtml+xml,application/xml;q=0.9,image/webp,image/apng,*/*;q=0.8',
  'accept-encoding' => 'gzip, deflate, br',
  'accept-language' => 'zh-CN,zh;q=0.9,en;q=0.8,ja;q=0.7',
  'cookie' => 'Phpstorm-7bb51ccc=336c74aa-4156-409e-ab67-6c44bdd825ae; Hm_lvt_8cc45d54c337ca616c34b1cf747da91c=1535467414; CNZZDATA155540=cnzz_eid%3D787196769-1457399780-%26ntime%3D1457399780; PHPSESSID=ulajagjfcahh943icpl606scr1',
)
[ info ] [ PARAM ] array (
)
[ info ] [ RUN ] app\admin\controller\Login->index[ D:\wamp64\www\personalBlog\application\admin\controller\Login.php ]
[ info ] [ VIEW ] D:\wamp64\www\personalBlog\public/../application/admin\view\login\login.htm [ array (
) ]
[ info ] [ LOG ] INIT File
---------------------------------------------------------------
[ 2019-03-04T17:15:48+08:00 ] ::1 ::1 GET /personalBlog/public/index.php/captcha.html
[ info ] localhost:8085/personalBlog/public/index.php/captcha.html [运行时间：0.088406s][吞吐率：11.31req/s] [内存消耗：2,224.63kb] [文件加载：38]
[ info ] [ LANG ] D:\wamp64\www\personalBlog\thinkphp\lang\zh-cn.php
[ info ] [ ROUTE ] array (
  'type' => 'method',
  'method' => 
  array (
    0 => '\\think\\captcha\\CaptchaController',
    1 => 'index',
  ),
  'var' => 
  array (
  ),
)
[ info ] [ HEADER ] array (
  'host' => 'localhost:8085',
  'connection' => 'keep-alive',
  'user-agent' => 'Mozilla/5.0 (Windows NT 10.0; Win64; x64) AppleWebKit/537.36 (KHTML, like Gecko) Chrome/71.0.3578.80 Safari/537.36',
  'accept' => 'image/webp,image/apng,image/*,*/*;q=0.8',
  'referer' => 'http://localhost:8085/personalBlog/public/index.php/admin/login/index.html',
  'accept-encoding' => 'gzip, deflate, br',
  'accept-language' => 'zh-CN,zh;q=0.9,en;q=0.8,ja;q=0.7',
  'cookie' => 'Phpstorm-7bb51ccc=336c74aa-4156-409e-ab67-6c44bdd825ae; Hm_lvt_8cc45d54c337ca616c34b1cf747da91c=1535467414; CNZZDATA155540=cnzz_eid%3D787196769-1457399780-%26ntime%3D1457399780; PHPSESSID=ulajagjfcahh943icpl606scr1',
)
[ info ] [ PARAM ] array (
  'id' => NULL,
)
[ info ] [ RUN ] think\captcha\CaptchaController->index[ D:\wamp64\www\personalBlog\vendor\topthink\think-captcha\src\CaptchaController.php ]
[ info ] [ SESSION ] INIT array (
  'id' => '',
  'var_session_id' => '',
  'prefix' => 'think',
  'type' => '',
  'auto_start' => true,
)
[ info ] [ LOG ] INIT File
---------------------------------------------------------------
[ 2019-03-04T17:15:55+08:00 ] ::1 ::1 GET /personalBlog/public/index.php/captcha.html?0.5073949375846614
[ info ] localhost:8085/personalBlog/public/index.php/captcha.html?0.5073949375846614 [运行时间：0.038764s][吞吐率：25.80req/s] [内存消耗：2,225.07kb] [文件加载：38]
[ info ] [ LANG ] D:\wamp64\www\personalBlog\thinkphp\lang\zh-cn.php
[ info ] [ ROUTE ] array (
  'type' => 'method',
  'method' => 
  array (
    0 => '\\think\\captcha\\CaptchaController',
    1 => 'index',
  ),
  'var' => 
  array (
  ),
)
[ info ] [ HEADER ] array (
  'host' => 'localhost:8085',
  'connection' => 'keep-alive',
  'user-agent' => 'Mozilla/5.0 (Windows NT 10.0; Win64; x64) AppleWebKit/537.36 (KHTML, like Gecko) Chrome/71.0.3578.80 Safari/537.36',
  'accept' => 'image/webp,image/apng,image/*,*/*;q=0.8',
  'referer' => 'http://localhost:8085/personalBlog/public/index.php/admin/login/index.html',
  'accept-encoding' => 'gzip, deflate, br',
  'accept-language' => 'zh-CN,zh;q=0.9,en;q=0.8,ja;q=0.7',
  'cookie' => 'Phpstorm-7bb51ccc=336c74aa-4156-409e-ab67-6c44bdd825ae; Hm_lvt_8cc45d54c337ca616c34b1cf747da91c=1535467414; CNZZDATA155540=cnzz_eid%3D787196769-1457399780-%26ntime%3D1457399780; PHPSESSID=ulajagjfcahh943icpl606scr1',
)
[ info ] [ PARAM ] array (
  '0_5073949375846614' => '',
  'id' => NULL,
)
[ info ] [ RUN ] think\captcha\CaptchaController->index[ D:\wamp64\www\personalBlog\vendor\topthink\think-captcha\src\CaptchaController.php ]
[ info ] [ SESSION ] INIT array (
  'id' => '',
  'var_session_id' => '',
  'prefix' => 'think',
  'type' => '',
  'auto_start' => true,
)
[ info ] [ LOG ] INIT File
---------------------------------------------------------------
[ 2019-03-04T17:16:00+08:00 ] ::1 ::1 POST /personalBlog/public/index.php/admin/login/index.html
[ info ] localhost:8085/personalBlog/public/index.php/admin/login/index.html [运行时间：0.095787s][吞吐率：10.44req/s] [内存消耗：4,285.52kb] [文件加载：56]
[ info ] [ LANG ] D:\wamp64\www\personalBlog\thinkphp\lang\zh-cn.php
[ info ] [ ROUTE ] array (
  'type' => 'module',
  'module' => 
  array (
    0 => 'admin',
    1 => 'login',
    2 => 'index',
  ),
)
[ info ] [ HEADER ] array (
  'host' => 'localhost:8085',
  'connection' => 'keep-alive',
  'content-length' => '38',
  'cache-control' => 'max-age=0',
  'origin' => 'http://localhost:8085',
  'upgrade-insecure-requests' => '1',
  'content-type' => 'application/x-www-form-urlencoded',
  'user-agent' => 'Mozilla/5.0 (Windows NT 10.0; Win64; x64) AppleWebKit/537.36 (KHTML, like Gecko) Chrome/71.0.3578.80 Safari/537.36',
  'accept' => 'text/html,application/xhtml+xml,application/xml;q=0.9,image/webp,image/apng,*/*;q=0.8',
  'referer' => 'http://localhost:8085/personalBlog/public/index.php/admin/login/index.html',
  'accept-encoding' => 'gzip, deflate, br',
  'accept-language' => 'zh-CN,zh;q=0.9,en;q=0.8,ja;q=0.7',
  'cookie' => 'Phpstorm-7bb51ccc=336c74aa-4156-409e-ab67-6c44bdd825ae; Hm_lvt_8cc45d54c337ca616c34b1cf747da91c=1535467414; CNZZDATA155540=cnzz_eid%3D787196769-1457399780-%26ntime%3D1457399780; PHPSESSID=ulajagjfcahh943icpl606scr1',
)
[ info ] [ PARAM ] array (
  'username' => 'admin',
  'password' => 'admin',
  'code' => 'ahc',
)
[ info ] [ RUN ] app\admin\controller\Login->index[ D:\wamp64\www\personalBlog\application\admin\controller\Login.php ]
[ info ] [ DB ] INIT mysql
[ info ] [ SESSION ] INIT array (
  'id' => '',
  'var_session_id' => '',
  'prefix' => 'think',
  'type' => '',
  'auto_start' => true,
)
[ info ] [ VIEW ] D:\wamp64\www\personalBlog\thinkphp\tpl\dispatch_jump.tpl [ array (
  0 => 'code',
  1 => 'msg',
  2 => 'data',
  3 => 'url',
  4 => 'wait',
) ]
[ info ] [ LOG ] INIT File
[ sql ] [ DB ] CONNECT:[ UseTime:0.001932s ] mysql:dbname=personblog;host=127.0.0.1;port=3306;charset=utf8
[ sql ] [ SQL ] SHOW COLUMNS FROM `tp_admin` [ RunTime:0.026646s ]
[ sql ] [ SQL ] SELECT * FROM `tp_admin` WHERE  `username` = 'admin' LIMIT 1 [ RunTime:0.000400s ]
---------------------------------------------------------------
[ 2019-03-04T17:16:02+08:00 ] ::1 ::1 GET /personalBlog/public/index.php/admin/login/index.html
[ info ] localhost:8085/personalBlog/public/index.php/admin/login/index.html [运行时间：0.039901s][吞吐率：25.06req/s] [内存消耗：2,686.87kb] [文件加载：47]
[ info ] [ LANG ] D:\wamp64\www\personalBlog\thinkphp\lang\zh-cn.php
[ info ] [ ROUTE ] array (
  'type' => 'module',
  'module' => 
  array (
    0 => 'admin',
    1 => 'login',
    2 => 'index',
  ),
)
[ info ] [ HEADER ] array (
  'host' => 'localhost:8085',
  'connection' => 'keep-alive',
  'upgrade-insecure-requests' => '1',
  'user-agent' => 'Mozilla/5.0 (Windows NT 10.0; Win64; x64) AppleWebKit/537.36 (KHTML, like Gecko) Chrome/71.0.3578.80 Safari/537.36',
  'accept' => 'text/html,application/xhtml+xml,application/xml;q=0.9,image/webp,image/apng,*/*;q=0.8',
  'accept-encoding' => 'gzip, deflate, br',
  'accept-language' => 'zh-CN,zh;q=0.9,en;q=0.8,ja;q=0.7',
  'cookie' => 'Phpstorm-7bb51ccc=336c74aa-4156-409e-ab67-6c44bdd825ae; Hm_lvt_8cc45d54c337ca616c34b1cf747da91c=1535467414; CNZZDATA155540=cnzz_eid%3D787196769-1457399780-%26ntime%3D1457399780; PHPSESSID=ulajagjfcahh943icpl606scr1',
)
[ info ] [ PARAM ] array (
)
[ info ] [ RUN ] app\admin\controller\Login->index[ D:\wamp64\www\personalBlog\application\admin\controller\Login.php ]
[ info ] [ VIEW ] D:\wamp64\www\personalBlog\public/../application/admin\view\login\login.htm [ array (
) ]
[ info ] [ LOG ] INIT File
---------------------------------------------------------------
[ 2019-03-04T17:16:02+08:00 ] ::1 ::1 GET /personalBlog/public/index.php/captcha.html
[ info ] localhost:8085/personalBlog/public/index.php/captcha.html [运行时间：0.054343s][吞吐率：18.40req/s] [内存消耗：2,224.63kb] [文件加载：38]
[ info ] [ LANG ] D:\wamp64\www\personalBlog\thinkphp\lang\zh-cn.php
[ info ] [ ROUTE ] array (
  'type' => 'method',
  'method' => 
  array (
    0 => '\\think\\captcha\\CaptchaController',
    1 => 'index',
  ),
  'var' => 
  array (
  ),
)
[ info ] [ HEADER ] array (
  'host' => 'localhost:8085',
  'connection' => 'keep-alive',
  'user-agent' => 'Mozilla/5.0 (Windows NT 10.0; Win64; x64) AppleWebKit/537.36 (KHTML, like Gecko) Chrome/71.0.3578.80 Safari/537.36',
  'accept' => 'image/webp,image/apng,image/*,*/*;q=0.8',
  'referer' => 'http://localhost:8085/personalBlog/public/index.php/admin/login/index.html',
  'accept-encoding' => 'gzip, deflate, br',
  'accept-language' => 'zh-CN,zh;q=0.9,en;q=0.8,ja;q=0.7',
  'cookie' => 'Phpstorm-7bb51ccc=336c74aa-4156-409e-ab67-6c44bdd825ae; Hm_lvt_8cc45d54c337ca616c34b1cf747da91c=1535467414; CNZZDATA155540=cnzz_eid%3D787196769-1457399780-%26ntime%3D1457399780; PHPSESSID=ulajagjfcahh943icpl606scr1',
)
[ info ] [ PARAM ] array (
  'id' => NULL,
)
[ info ] [ RUN ] think\captcha\CaptchaController->index[ D:\wamp64\www\personalBlog\vendor\topthink\think-captcha\src\CaptchaController.php ]
[ info ] [ SESSION ] INIT array (
  'id' => '',
  'var_session_id' => '',
  'prefix' => 'think',
  'type' => '',
  'auto_start' => true,
)
[ info ] [ LOG ] INIT File
---------------------------------------------------------------
[ 2019-03-04T17:16:11+08:00 ] ::1 ::1 POST /personalBlog/public/index.php/admin/login/index.html
[ info ] localhost:8085/personalBlog/public/index.php/admin/login/index.html [运行时间：0.098084s][吞吐率：10.20req/s] [内存消耗：4,383.63kb] [文件加载：57]
[ info ] [ LANG ] D:\wamp64\www\personalBlog\thinkphp\lang\zh-cn.php
[ info ] [ ROUTE ] array (
  'type' => 'module',
  'module' => 
  array (
    0 => 'admin',
    1 => 'login',
    2 => 'index',
  ),
)
[ info ] [ HEADER ] array (
  'host' => 'localhost:8085',
  'connection' => 'keep-alive',
  'content-length' => '39',
  'cache-control' => 'max-age=0',
  'origin' => 'http://localhost:8085',
  'upgrade-insecure-requests' => '1',
  'content-type' => 'application/x-www-form-urlencoded',
  'user-agent' => 'Mozilla/5.0 (Windows NT 10.0; Win64; x64) AppleWebKit/537.36 (KHTML, like Gecko) Chrome/71.0.3578.80 Safari/537.36',
  'accept' => 'text/html,application/xhtml+xml,application/xml;q=0.9,image/webp,image/apng,*/*;q=0.8',
  'referer' => 'http://localhost:8085/personalBlog/public/index.php/admin/login/index.html',
  'accept-encoding' => 'gzip, deflate, br',
  'accept-language' => 'zh-CN,zh;q=0.9,en;q=0.8,ja;q=0.7',
  'cookie' => 'Phpstorm-7bb51ccc=336c74aa-4156-409e-ab67-6c44bdd825ae; Hm_lvt_8cc45d54c337ca616c34b1cf747da91c=1535467414; CNZZDATA155540=cnzz_eid%3D787196769-1457399780-%26ntime%3D1457399780; PHPSESSID=ulajagjfcahh943icpl606scr1',
)
[ info ] [ PARAM ] array (
  'username' => 'admin',
  'password' => '123456',
  'code' => 'is2',
)
[ info ] [ RUN ] app\admin\controller\Login->index[ D:\wamp64\www\personalBlog\application\admin\controller\Login.php ]
[ info ] [ DB ] INIT mysql
[ info ] [ SESSION ] INIT array (
  'id' => '',
  'var_session_id' => '',
  'prefix' => 'think',
  'type' => '',
  'auto_start' => true,
)
[ info ] [ VIEW ] D:\wamp64\www\personalBlog\thinkphp\tpl\dispatch_jump.tpl [ array (
  0 => 'code',
  1 => 'msg',
  2 => 'data',
  3 => 'url',
  4 => 'wait',
) ]
[ info ] [ LOG ] INIT File
[ sql ] [ DB ] CONNECT:[ UseTime:0.000932s ] mysql:dbname=personblog;host=127.0.0.1;port=3306;charset=utf8
[ sql ] [ SQL ] SHOW COLUMNS FROM `tp_admin` [ RunTime:0.026892s ]
[ sql ] [ SQL ] SELECT * FROM `tp_admin` WHERE  `username` = 'admin' LIMIT 1 [ RunTime:0.000335s ]
---------------------------------------------------------------
[ 2019-03-04T17:16:13+08:00 ] ::1 ::1 GET /personalBlog/public/index.php/admin/index/index.html
[ info ] localhost:8085/personalBlog/public/index.php/admin/index/index.html [运行时间：0.063388s][吞吐率：15.78req/s] [内存消耗：2,919.64kb] [文件加载：50]
[ info ] [ LANG ] D:\wamp64\www\personalBlog\thinkphp\lang\zh-cn.php
[ info ] [ ROUTE ] array (
  'type' => 'module',
  'module' => 
  array (
    0 => 'admin',
    1 => 'index',
    2 => 'index',
  ),
)
[ info ] [ HEADER ] array (
  'host' => 'localhost:8085',
  'connection' => 'keep-alive',
  'upgrade-insecure-requests' => '1',
  'user-agent' => 'Mozilla/5.0 (Windows NT 10.0; Win64; x64) AppleWebKit/537.36 (KHTML, like Gecko) Chrome/71.0.3578.80 Safari/537.36',
  'accept' => 'text/html,application/xhtml+xml,application/xml;q=0.9,image/webp,image/apng,*/*;q=0.8',
  'referer' => 'http://localhost:8085/personalBlog/public/index.php/admin/login/index.html',
  'accept-encoding' => 'gzip, deflate, br',
  'accept-language' => 'zh-CN,zh;q=0.9,en;q=0.8,ja;q=0.7',
  'cookie' => 'Phpstorm-7bb51ccc=336c74aa-4156-409e-ab67-6c44bdd825ae; Hm_lvt_8cc45d54c337ca616c34b1cf747da91c=1535467414; CNZZDATA155540=cnzz_eid%3D787196769-1457399780-%26ntime%3D1457399780; PHPSESSID=ulajagjfcahh943icpl606scr1',
)
[ info ] [ PARAM ] array (
)
[ info ] [ SESSION ] INIT array (
  'id' => '',
  'var_session_id' => '',
  'prefix' => 'think',
  'type' => '',
  'auto_start' => true,
)
[ info ] [ RUN ] app\admin\controller\Index->index[ D:\wamp64\www\personalBlog\application\admin\controller\Index.php ]
[ info ] [ VIEW ] D:\wamp64\www\personalBlog\public/../application/admin\view\index\index.htm [ array (
) ]
[ info ] [ LOG ] INIT File
---------------------------------------------------------------
[ 2019-03-04T17:16:13+08:00 ] 127.0.0.1 127.0.0.1 GET /personalBlog/public//static/admin/fonts/fontawesome-webfont.woff2?v=4.3.0
[ info ] 127.0.0.1:8085/personalBlog/public//static/admin/fonts/fontawesome-webfont.woff2?v=4.3.0 [运行时间：0.096516s][吞吐率：10.36req/s] [内存消耗：2,195.69kb] [文件加载：39]
[ info ] [ LANG ] D:\wamp64\www\personalBlog\thinkphp\lang\zh-cn.php
[ info ] [ ROUTE ] array (
  'type' => 'module',
  'module' => 
  array (
    0 => 'static',
    1 => 'admin',
    2 => 'fonts',
  ),
)
[ info ] [ HEADER ] array (
  'host' => '127.0.0.1:8085',
  'connection' => 'keep-alive',
  'origin' => 'http://localhost:8085',
  'user-agent' => 'Mozilla/5.0 (Windows NT 10.0; Win64; x64) AppleWebKit/537.36 (KHTML, like Gecko) Chrome/71.0.3578.80 Safari/537.36',
  'accept' => '*/*',
  'referer' => 'http://127.0.0.1:8085/personalBlog/public//static/admin/style/font-awesome.css',
  'accept-encoding' => 'gzip, deflate, br',
  'accept-language' => 'zh-CN,zh;q=0.9,en;q=0.8,ja;q=0.7',
)
[ info ] [ PARAM ] array (
  'v' => '4.3.0',
)
[ info ] [ LOG ] INIT File
---------------------------------------------------------------
[ 2019-03-04T17:17:20+08:00 ] ::1 ::1 GET /personalBlog/public/index.php/admin/index/index.html
[ info ] localhost:8085/personalBlog/public/index.php/admin/index/index.html [运行时间：0.047502s][吞吐率：21.05req/s] [内存消耗：2,920.05kb] [文件加载：50]
[ info ] [ LANG ] D:\wamp64\www\personalBlog\thinkphp\lang\zh-cn.php
[ info ] [ ROUTE ] array (
  'type' => 'module',
  'module' => 
  array (
    0 => 'admin',
    1 => 'index',
    2 => 'index',
  ),
)
[ info ] [ HEADER ] array (
  'host' => 'localhost:8085',
  'connection' => 'keep-alive',
  'cache-control' => 'max-age=0',
  'upgrade-insecure-requests' => '1',
  'user-agent' => 'Mozilla/5.0 (Windows NT 10.0; Win64; x64) AppleWebKit/537.36 (KHTML, like Gecko) Chrome/71.0.3578.80 Safari/537.36',
  'accept' => 'text/html,application/xhtml+xml,application/xml;q=0.9,image/webp,image/apng,*/*;q=0.8',
  'referer' => 'http://localhost:8085/personalBlog/public/index.php/admin/login/index.html',
  'accept-encoding' => 'gzip, deflate, br',
  'accept-language' => 'zh-CN,zh;q=0.9,en;q=0.8,ja;q=0.7',
  'cookie' => 'Phpstorm-7bb51ccc=336c74aa-4156-409e-ab67-6c44bdd825ae; Hm_lvt_8cc45d54c337ca616c34b1cf747da91c=1535467414; CNZZDATA155540=cnzz_eid%3D787196769-1457399780-%26ntime%3D1457399780; PHPSESSID=ulajagjfcahh943icpl606scr1',
)
[ info ] [ PARAM ] array (
)
[ info ] [ SESSION ] INIT array (
  'id' => '',
  'var_session_id' => '',
  'prefix' => 'think',
  'type' => '',
  'auto_start' => true,
)
[ info ] [ RUN ] app\admin\controller\Index->index[ D:\wamp64\www\personalBlog\application\admin\controller\Index.php ]
[ info ] [ VIEW ] D:\wamp64\www\personalBlog\public/../application/admin\view\index\index.htm [ array (
) ]
[ info ] [ LOG ] INIT File
---------------------------------------------------------------
[ 2019-03-04T17:17:20+08:00 ] 127.0.0.1 127.0.0.1 GET /personalBlog/public//static/admin/fonts/fontawesome-webfont.woff2?v=4.3.0
[ info ] 127.0.0.1:8085/personalBlog/public//static/admin/fonts/fontawesome-webfont.woff2?v=4.3.0 [运行时间：0.060298s][吞吐率：16.58req/s] [内存消耗：2,195.69kb] [文件加载：39]
[ info ] [ LANG ] D:\wamp64\www\personalBlog\thinkphp\lang\zh-cn.php
[ info ] [ ROUTE ] array (
  'type' => 'module',
  'module' => 
  array (
    0 => 'static',
    1 => 'admin',
    2 => 'fonts',
  ),
)
[ info ] [ HEADER ] array (
  'host' => '127.0.0.1:8085',
  'connection' => 'keep-alive',
  'origin' => 'http://localhost:8085',
  'user-agent' => 'Mozilla/5.0 (Windows NT 10.0; Win64; x64) AppleWebKit/537.36 (KHTML, like Gecko) Chrome/71.0.3578.80 Safari/537.36',
  'accept' => '*/*',
  'referer' => 'http://127.0.0.1:8085/personalBlog/public//static/admin/style/font-awesome.css',
  'accept-encoding' => 'gzip, deflate, br',
  'accept-language' => 'zh-CN,zh;q=0.9,en;q=0.8,ja;q=0.7',
)
[ info ] [ PARAM ] array (
  'v' => '4.3.0',
)
[ info ] [ LOG ] INIT File
---------------------------------------------------------------
[ 2019-03-04T17:17:21+08:00 ] ::1 ::1 GET /personalBlog/public/index.php/admin/index/index.html
[ info ] localhost:8085/personalBlog/public/index.php/admin/index/index.html [运行时间：0.039098s][吞吐率：25.58req/s] [内存消耗：2,695.90kb] [文件加载：48]
[ info ] [ LANG ] D:\wamp64\www\personalBlog\thinkphp\lang\zh-cn.php
[ info ] [ ROUTE ] array (
  'type' => 'module',
  'module' => 
  array (
    0 => 'admin',
    1 => 'index',
    2 => 'index',
  ),
)
[ info ] [ HEADER ] array (
  'host' => 'localhost:8085',
  'connection' => 'keep-alive',
  'cache-control' => 'max-age=0',
  'upgrade-insecure-requests' => '1',
  'user-agent' => 'Mozilla/5.0 (Windows NT 10.0; Win64; x64) AppleWebKit/537.36 (KHTML, like Gecko) Chrome/71.0.3578.80 Safari/537.36',
  'accept' => 'text/html,application/xhtml+xml,application/xml;q=0.9,image/webp,image/apng,*/*;q=0.8',
  'referer' => 'http://localhost:8085/personalBlog/public/index.php/admin/login/index.html',
  'accept-encoding' => 'gzip, deflate, br',
  'accept-language' => 'zh-CN,zh;q=0.9,en;q=0.8,ja;q=0.7',
  'cookie' => 'Phpstorm-7bb51ccc=336c74aa-4156-409e-ab67-6c44bdd825ae; Hm_lvt_8cc45d54c337ca616c34b1cf747da91c=1535467414; CNZZDATA155540=cnzz_eid%3D787196769-1457399780-%26ntime%3D1457399780; PHPSESSID=ulajagjfcahh943icpl606scr1',
)
[ info ] [ PARAM ] array (
)
[ info ] [ SESSION ] INIT array (
  'id' => '',
  'var_session_id' => '',
  'prefix' => 'think',
  'type' => '',
  'auto_start' => true,
)
[ info ] [ RUN ] app\admin\controller\Index->index[ D:\wamp64\www\personalBlog\application\admin\controller\Index.php ]
[ info ] [ VIEW ] D:\wamp64\www\personalBlog\public/../application/admin\view\index\index.htm [ array (
) ]
[ info ] [ LOG ] INIT File
---------------------------------------------------------------
[ 2019-03-04T17:17:21+08:00 ] 127.0.0.1 127.0.0.1 GET /personalBlog/public//static/admin/fonts/fontawesome-webfont.woff2?v=4.3.0
[ info ] 127.0.0.1:8085/personalBlog/public//static/admin/fonts/fontawesome-webfont.woff2?v=4.3.0 [运行时间：0.058232s][吞吐率：17.17req/s] [内存消耗：2,195.69kb] [文件加载：39]
[ info ] [ LANG ] D:\wamp64\www\personalBlog\thinkphp\lang\zh-cn.php
[ info ] [ ROUTE ] array (
  'type' => 'module',
  'module' => 
  array (
    0 => 'static',
    1 => 'admin',
    2 => 'fonts',
  ),
)
[ info ] [ HEADER ] array (
  'host' => '127.0.0.1:8085',
  'connection' => 'keep-alive',
  'origin' => 'http://localhost:8085',
  'user-agent' => 'Mozilla/5.0 (Windows NT 10.0; Win64; x64) AppleWebKit/537.36 (KHTML, like Gecko) Chrome/71.0.3578.80 Safari/537.36',
  'accept' => '*/*',
  'referer' => 'http://127.0.0.1:8085/personalBlog/public//static/admin/style/font-awesome.css',
  'accept-encoding' => 'gzip, deflate, br',
  'accept-language' => 'zh-CN,zh;q=0.9,en;q=0.8,ja;q=0.7',
)
[ info ] [ PARAM ] array (
  'v' => '4.3.0',
)
[ info ] [ LOG ] INIT File
---------------------------------------------------------------
[ 2019-03-04T17:17:42+08:00 ] ::1 ::1 GET /personalBlog/public/index.php/admin/index/index.html
[ info ] localhost:8085/personalBlog/public/index.php/admin/index/index.html [运行时间：0.052705s][吞吐率：18.97req/s] [内存消耗：2,920.06kb] [文件加载：50]
[ info ] [ LANG ] D:\wamp64\www\personalBlog\thinkphp\lang\zh-cn.php
[ info ] [ ROUTE ] array (
  'type' => 'module',
  'module' => 
  array (
    0 => 'admin',
    1 => 'index',
    2 => 'index',
  ),
)
[ info ] [ HEADER ] array (
  'host' => 'localhost:8085',
  'connection' => 'keep-alive',
  'cache-control' => 'max-age=0',
  'upgrade-insecure-requests' => '1',
  'user-agent' => 'Mozilla/5.0 (Windows NT 10.0; Win64; x64) AppleWebKit/537.36 (KHTML, like Gecko) Chrome/71.0.3578.80 Safari/537.36',
  'accept' => 'text/html,application/xhtml+xml,application/xml;q=0.9,image/webp,image/apng,*/*;q=0.8',
  'referer' => 'http://localhost:8085/personalBlog/public/index.php/admin/login/index.html',
  'accept-encoding' => 'gzip, deflate, br',
  'accept-language' => 'zh-CN,zh;q=0.9,en;q=0.8,ja;q=0.7',
  'cookie' => 'Phpstorm-7bb51ccc=336c74aa-4156-409e-ab67-6c44bdd825ae; Hm_lvt_8cc45d54c337ca616c34b1cf747da91c=1535467414; CNZZDATA155540=cnzz_eid%3D787196769-1457399780-%26ntime%3D1457399780; PHPSESSID=ulajagjfcahh943icpl606scr1',
)
[ info ] [ PARAM ] array (
)
[ info ] [ SESSION ] INIT array (
  'id' => '',
  'var_session_id' => '',
  'prefix' => 'think',
  'type' => '',
  'auto_start' => true,
)
[ info ] [ RUN ] app\admin\controller\Index->index[ D:\wamp64\www\personalBlog\application\admin\controller\Index.php ]
[ info ] [ VIEW ] D:\wamp64\www\personalBlog\public/../application/admin\view\index\index.htm [ array (
) ]
[ info ] [ LOG ] INIT File
---------------------------------------------------------------
[ 2019-03-04T17:17:43+08:00 ] 127.0.0.1 127.0.0.1 GET /personalBlog/public//static/admin/fonts/fontawesome-webfont.woff2?v=4.3.0
[ info ] 127.0.0.1:8085/personalBlog/public//static/admin/fonts/fontawesome-webfont.woff2?v=4.3.0 [运行时间：0.073751s][吞吐率：13.56req/s] [内存消耗：2,195.69kb] [文件加载：39]
[ info ] [ LANG ] D:\wamp64\www\personalBlog\thinkphp\lang\zh-cn.php
[ info ] [ ROUTE ] array (
  'type' => 'module',
  'module' => 
  array (
    0 => 'static',
    1 => 'admin',
    2 => 'fonts',
  ),
)
[ info ] [ HEADER ] array (
  'host' => '127.0.0.1:8085',
  'connection' => 'keep-alive',
  'origin' => 'http://localhost:8085',
  'user-agent' => 'Mozilla/5.0 (Windows NT 10.0; Win64; x64) AppleWebKit/537.36 (KHTML, like Gecko) Chrome/71.0.3578.80 Safari/537.36',
  'accept' => '*/*',
  'referer' => 'http://127.0.0.1:8085/personalBlog/public//static/admin/style/font-awesome.css',
  'accept-encoding' => 'gzip, deflate, br',
  'accept-language' => 'zh-CN,zh;q=0.9,en;q=0.8,ja;q=0.7',
)
[ info ] [ PARAM ] array (
  'v' => '4.3.0',
)
[ info ] [ LOG ] INIT File
---------------------------------------------------------------
[ 2019-03-04T17:17:56+08:00 ] ::1 ::1 GET /personalBlog/public/index.php/admin/index/index.html
[ info ] localhost:8085/personalBlog/public/index.php/admin/index/index.html [运行时间：0.047738s][吞吐率：20.95req/s] [内存消耗：2,920.05kb] [文件加载：50]
[ info ] [ LANG ] D:\wamp64\www\personalBlog\thinkphp\lang\zh-cn.php
[ info ] [ ROUTE ] array (
  'type' => 'module',
  'module' => 
  array (
    0 => 'admin',
    1 => 'index',
    2 => 'index',
  ),
)
[ info ] [ HEADER ] array (
  'host' => 'localhost:8085',
  'connection' => 'keep-alive',
  'cache-control' => 'max-age=0',
  'upgrade-insecure-requests' => '1',
  'user-agent' => 'Mozilla/5.0 (Windows NT 10.0; Win64; x64) AppleWebKit/537.36 (KHTML, like Gecko) Chrome/71.0.3578.80 Safari/537.36',
  'accept' => 'text/html,application/xhtml+xml,application/xml;q=0.9,image/webp,image/apng,*/*;q=0.8',
  'referer' => 'http://localhost:8085/personalBlog/public/index.php/admin/login/index.html',
  'accept-encoding' => 'gzip, deflate, br',
  'accept-language' => 'zh-CN,zh;q=0.9,en;q=0.8,ja;q=0.7',
  'cookie' => 'Phpstorm-7bb51ccc=336c74aa-4156-409e-ab67-6c44bdd825ae; Hm_lvt_8cc45d54c337ca616c34b1cf747da91c=1535467414; CNZZDATA155540=cnzz_eid%3D787196769-1457399780-%26ntime%3D1457399780; PHPSESSID=ulajagjfcahh943icpl606scr1',
)
[ info ] [ PARAM ] array (
)
[ info ] [ SESSION ] INIT array (
  'id' => '',
  'var_session_id' => '',
  'prefix' => 'think',
  'type' => '',
  'auto_start' => true,
)
[ info ] [ RUN ] app\admin\controller\Index->index[ D:\wamp64\www\personalBlog\application\admin\controller\Index.php ]
[ info ] [ VIEW ] D:\wamp64\www\personalBlog\public/../application/admin\view\index\index.htm [ array (
) ]
[ info ] [ LOG ] INIT File
---------------------------------------------------------------
[ 2019-03-04T17:17:56+08:00 ] 127.0.0.1 127.0.0.1 GET /personalBlog/public//static/admin/fonts/fontawesome-webfont.woff2?v=4.3.0
[ info ] 127.0.0.1:8085/personalBlog/public//static/admin/fonts/fontawesome-webfont.woff2?v=4.3.0 [运行时间：0.053664s][吞吐率：18.63req/s] [内存消耗：2,195.69kb] [文件加载：39]
[ info ] [ LANG ] D:\wamp64\www\personalBlog\thinkphp\lang\zh-cn.php
[ info ] [ ROUTE ] array (
  'type' => 'module',
  'module' => 
  array (
    0 => 'static',
    1 => 'admin',
    2 => 'fonts',
  ),
)
[ info ] [ HEADER ] array (
  'host' => '127.0.0.1:8085',
  'connection' => 'keep-alive',
  'origin' => 'http://localhost:8085',
  'user-agent' => 'Mozilla/5.0 (Windows NT 10.0; Win64; x64) AppleWebKit/537.36 (KHTML, like Gecko) Chrome/71.0.3578.80 Safari/537.36',
  'accept' => '*/*',
  'referer' => 'http://127.0.0.1:8085/personalBlog/public//static/admin/style/font-awesome.css',
  'accept-encoding' => 'gzip, deflate, br',
  'accept-language' => 'zh-CN,zh;q=0.9,en;q=0.8,ja;q=0.7',
)
[ info ] [ PARAM ] array (
  'v' => '4.3.0',
)
[ info ] [ LOG ] INIT File
---------------------------------------------------------------
[ 2019-03-04T17:18:10+08:00 ] ::1 ::1 GET /personalBlog/public/index.php/admin/index/index.html
[ info ] localhost:8085/personalBlog/public/index.php/admin/index/index.html [运行时间：0.049514s][吞吐率：20.20req/s] [内存消耗：2,920.05kb] [文件加载：50]
[ info ] [ LANG ] D:\wamp64\www\personalBlog\thinkphp\lang\zh-cn.php
[ info ] [ ROUTE ] array (
  'type' => 'module',
  'module' => 
  array (
    0 => 'admin',
    1 => 'index',
    2 => 'index',
  ),
)
[ info ] [ HEADER ] array (
  'host' => 'localhost:8085',
  'connection' => 'keep-alive',
  'cache-control' => 'max-age=0',
  'upgrade-insecure-requests' => '1',
  'user-agent' => 'Mozilla/5.0 (Windows NT 10.0; Win64; x64) AppleWebKit/537.36 (KHTML, like Gecko) Chrome/71.0.3578.80 Safari/537.36',
  'accept' => 'text/html,application/xhtml+xml,application/xml;q=0.9,image/webp,image/apng,*/*;q=0.8',
  'referer' => 'http://localhost:8085/personalBlog/public/index.php/admin/login/index.html',
  'accept-encoding' => 'gzip, deflate, br',
  'accept-language' => 'zh-CN,zh;q=0.9,en;q=0.8,ja;q=0.7',
  'cookie' => 'Phpstorm-7bb51ccc=336c74aa-4156-409e-ab67-6c44bdd825ae; Hm_lvt_8cc45d54c337ca616c34b1cf747da91c=1535467414; CNZZDATA155540=cnzz_eid%3D787196769-1457399780-%26ntime%3D1457399780; PHPSESSID=ulajagjfcahh943icpl606scr1',
)
[ info ] [ PARAM ] array (
)
[ info ] [ SESSION ] INIT array (
  'id' => '',
  'var_session_id' => '',
  'prefix' => 'think',
  'type' => '',
  'auto_start' => true,
)
[ info ] [ RUN ] app\admin\controller\Index->index[ D:\wamp64\www\personalBlog\application\admin\controller\Index.php ]
[ info ] [ VIEW ] D:\wamp64\www\personalBlog\public/../application/admin\view\index\index.htm [ array (
) ]
[ info ] [ LOG ] INIT File
---------------------------------------------------------------
[ 2019-03-04T17:18:10+08:00 ] 127.0.0.1 127.0.0.1 GET /personalBlog/public//static/admin/fonts/fontawesome-webfont.woff2?v=4.3.0
[ info ] 127.0.0.1:8085/personalBlog/public//static/admin/fonts/fontawesome-webfont.woff2?v=4.3.0 [运行时间：0.056439s][吞吐率：17.72req/s] [内存消耗：2,195.69kb] [文件加载：39]
[ info ] [ LANG ] D:\wamp64\www\personalBlog\thinkphp\lang\zh-cn.php
[ info ] [ ROUTE ] array (
  'type' => 'module',
  'module' => 
  array (
    0 => 'static',
    1 => 'admin',
    2 => 'fonts',
  ),
)
[ info ] [ HEADER ] array (
  'host' => '127.0.0.1:8085',
  'connection' => 'keep-alive',
  'origin' => 'http://localhost:8085',
  'user-agent' => 'Mozilla/5.0 (Windows NT 10.0; Win64; x64) AppleWebKit/537.36 (KHTML, like Gecko) Chrome/71.0.3578.80 Safari/537.36',
  'accept' => '*/*',
  'referer' => 'http://127.0.0.1:8085/personalBlog/public//static/admin/style/font-awesome.css',
  'accept-encoding' => 'gzip, deflate, br',
  'accept-language' => 'zh-CN,zh;q=0.9,en;q=0.8,ja;q=0.7',
)
[ info ] [ PARAM ] array (
  'v' => '4.3.0',
)
[ info ] [ LOG ] INIT File
---------------------------------------------------------------
[ 2019-03-04T17:20:14+08:00 ] ::1 ::1 GET /personalBlog/public/index.php/admin/admin/logout.html
[ info ] localhost:8085/personalBlog/public/index.php/admin/admin/logout.html [运行时间：0.058147s][吞吐率：17.20req/s] [内存消耗：2,711.48kb] [文件加载：48]
[ info ] [ LANG ] D:\wamp64\www\personalBlog\thinkphp\lang\zh-cn.php
[ info ] [ ROUTE ] array (
  'type' => 'module',
  'module' => 
  array (
    0 => 'admin',
    1 => 'admin',
    2 => 'logout',
  ),
)
[ info ] [ HEADER ] array (
  'host' => 'localhost:8085',
  'connection' => 'keep-alive',
  'upgrade-insecure-requests' => '1',
  'user-agent' => 'Mozilla/5.0 (Windows NT 10.0; Win64; x64) AppleWebKit/537.36 (KHTML, like Gecko) Chrome/71.0.3578.80 Safari/537.36',
  'accept' => 'text/html,application/xhtml+xml,application/xml;q=0.9,image/webp,image/apng,*/*;q=0.8',
  'referer' => 'http://localhost:8085/personalBlog/public/index.php/admin/index/index.html',
  'accept-encoding' => 'gzip, deflate, br',
  'accept-language' => 'zh-CN,zh;q=0.9,en;q=0.8,ja;q=0.7',
  'cookie' => 'Phpstorm-7bb51ccc=336c74aa-4156-409e-ab67-6c44bdd825ae; Hm_lvt_8cc45d54c337ca616c34b1cf747da91c=1535467414; CNZZDATA155540=cnzz_eid%3D787196769-1457399780-%26ntime%3D1457399780; PHPSESSID=ulajagjfcahh943icpl606scr1',
)
[ info ] [ PARAM ] array (
)
[ info ] [ SESSION ] INIT array (
  'id' => '',
  'var_session_id' => '',
  'prefix' => 'think',
  'type' => '',
  'auto_start' => true,
)
[ info ] [ RUN ] app\admin\controller\Admin->logout[ D:\wamp64\www\personalBlog\application\admin\controller\Admin.php ]
[ info ] [ VIEW ] D:\wamp64\www\personalBlog\thinkphp\tpl\dispatch_jump.tpl [ array (
  0 => 'code',
  1 => 'msg',
  2 => 'data',
  3 => 'url',
  4 => 'wait',
) ]
[ info ] [ LOG ] INIT File
---------------------------------------------------------------
[ 2019-03-04T17:20:16+08:00 ] ::1 ::1 GET /personalBlog/public/index.php/admin/login/index.html
[ info ] localhost:8085/personalBlog/public/index.php/admin/login/index.html [运行时间：0.040476s][吞吐率：24.71req/s] [内存消耗：2,687.09kb] [文件加载：47]
[ info ] [ LANG ] D:\wamp64\www\personalBlog\thinkphp\lang\zh-cn.php
[ info ] [ ROUTE ] array (
  'type' => 'module',
  'module' => 
  array (
    0 => 'admin',
    1 => 'login',
    2 => 'index',
  ),
)
[ info ] [ HEADER ] array (
  'host' => 'localhost:8085',
  'connection' => 'keep-alive',
  'upgrade-insecure-requests' => '1',
  'user-agent' => 'Mozilla/5.0 (Windows NT 10.0; Win64; x64) AppleWebKit/537.36 (KHTML, like Gecko) Chrome/71.0.3578.80 Safari/537.36',
  'accept' => 'text/html,application/xhtml+xml,application/xml;q=0.9,image/webp,image/apng,*/*;q=0.8',
  'referer' => 'http://localhost:8085/personalBlog/public/index.php/admin/admin/logout.html',
  'accept-encoding' => 'gzip, deflate, br',
  'accept-language' => 'zh-CN,zh;q=0.9,en;q=0.8,ja;q=0.7',
  'cookie' => 'Phpstorm-7bb51ccc=336c74aa-4156-409e-ab67-6c44bdd825ae; Hm_lvt_8cc45d54c337ca616c34b1cf747da91c=1535467414; CNZZDATA155540=cnzz_eid%3D787196769-1457399780-%26ntime%3D1457399780; PHPSESSID=ulajagjfcahh943icpl606scr1',
)
[ info ] [ PARAM ] array (
)
[ info ] [ RUN ] app\admin\controller\Login->index[ D:\wamp64\www\personalBlog\application\admin\controller\Login.php ]
[ info ] [ VIEW ] D:\wamp64\www\personalBlog\public/../application/admin\view\login\login.htm [ array (
) ]
[ info ] [ LOG ] INIT File
---------------------------------------------------------------
[ 2019-03-04T17:20:16+08:00 ] ::1 ::1 GET /personalBlog/public/index.php/captcha.html
[ info ] localhost:8085/personalBlog/public/index.php/captcha.html [运行时间：0.062887s][吞吐率：15.90req/s] [内存消耗：2,224.60kb] [文件加载：38]
[ info ] [ LANG ] D:\wamp64\www\personalBlog\thinkphp\lang\zh-cn.php
[ info ] [ ROUTE ] array (
  'type' => 'method',
  'method' => 
  array (
    0 => '\\think\\captcha\\CaptchaController',
    1 => 'index',
  ),
  'var' => 
  array (
  ),
)
[ info ] [ HEADER ] array (
  'host' => 'localhost:8085',
  'connection' => 'keep-alive',
  'user-agent' => 'Mozilla/5.0 (Windows NT 10.0; Win64; x64) AppleWebKit/537.36 (KHTML, like Gecko) Chrome/71.0.3578.80 Safari/537.36',
  'accept' => 'image/webp,image/apng,image/*,*/*;q=0.8',
  'referer' => 'http://localhost:8085/personalBlog/public/index.php/admin/login/index.html',
  'accept-encoding' => 'gzip, deflate, br',
  'accept-language' => 'zh-CN,zh;q=0.9,en;q=0.8,ja;q=0.7',
  'cookie' => 'Phpstorm-7bb51ccc=336c74aa-4156-409e-ab67-6c44bdd825ae; Hm_lvt_8cc45d54c337ca616c34b1cf747da91c=1535467414; CNZZDATA155540=cnzz_eid%3D787196769-1457399780-%26ntime%3D1457399780; PHPSESSID=ulajagjfcahh943icpl606scr1',
)
[ info ] [ PARAM ] array (
  'id' => NULL,
)
[ info ] [ RUN ] think\captcha\CaptchaController->index[ D:\wamp64\www\personalBlog\vendor\topthink\think-captcha\src\CaptchaController.php ]
[ info ] [ SESSION ] INIT array (
  'id' => '',
  'var_session_id' => '',
  'prefix' => 'think',
  'type' => '',
  'auto_start' => true,
)
[ info ] [ LOG ] INIT File
---------------------------------------------------------------
[ 2019-03-04T17:20:24+08:00 ] ::1 ::1 POST /personalBlog/public/index.php/admin/login/index.html
[ info ] localhost:8085/personalBlog/public/index.php/admin/login/index.html [运行时间：0.088856s][吞吐率：11.25req/s] [内存消耗：4,383.63kb] [文件加载：57]
[ info ] [ LANG ] D:\wamp64\www\personalBlog\thinkphp\lang\zh-cn.php
[ info ] [ ROUTE ] array (
  'type' => 'module',
  'module' => 
  array (
    0 => 'admin',
    1 => 'login',
    2 => 'index',
  ),
)
[ info ] [ HEADER ] array (
  'host' => 'localhost:8085',
  'connection' => 'keep-alive',
  'content-length' => '39',
  'cache-control' => 'max-age=0',
  'origin' => 'http://localhost:8085',
  'upgrade-insecure-requests' => '1',
  'content-type' => 'application/x-www-form-urlencoded',
  'user-agent' => 'Mozilla/5.0 (Windows NT 10.0; Win64; x64) AppleWebKit/537.36 (KHTML, like Gecko) Chrome/71.0.3578.80 Safari/537.36',
  'accept' => 'text/html,application/xhtml+xml,application/xml;q=0.9,image/webp,image/apng,*/*;q=0.8',
  'referer' => 'http://localhost:8085/personalBlog/public/index.php/admin/login/index.html',
  'accept-encoding' => 'gzip, deflate, br',
  'accept-language' => 'zh-CN,zh;q=0.9,en;q=0.8,ja;q=0.7',
  'cookie' => 'Phpstorm-7bb51ccc=336c74aa-4156-409e-ab67-6c44bdd825ae; Hm_lvt_8cc45d54c337ca616c34b1cf747da91c=1535467414; CNZZDATA155540=cnzz_eid%3D787196769-1457399780-%26ntime%3D1457399780; PHPSESSID=ulajagjfcahh943icpl606scr1',
)
[ info ] [ PARAM ] array (
  'username' => 'admin',
  'password' => '123456',
  'code' => 'm54',
)
[ info ] [ RUN ] app\admin\controller\Login->index[ D:\wamp64\www\personalBlog\application\admin\controller\Login.php ]
[ info ] [ DB ] INIT mysql
[ info ] [ SESSION ] INIT array (
  'id' => '',
  'var_session_id' => '',
  'prefix' => 'think',
  'type' => '',
  'auto_start' => true,
)
[ info ] [ VIEW ] D:\wamp64\www\personalBlog\thinkphp\tpl\dispatch_jump.tpl [ array (
  0 => 'code',
  1 => 'msg',
  2 => 'data',
  3 => 'url',
  4 => 'wait',
) ]
[ info ] [ LOG ] INIT File
[ sql ] [ DB ] CONNECT:[ UseTime:0.001528s ] mysql:dbname=personblog;host=127.0.0.1;port=3306;charset=utf8
[ sql ] [ SQL ] SHOW COLUMNS FROM `tp_admin` [ RunTime:0.023568s ]
[ sql ] [ SQL ] SELECT * FROM `tp_admin` WHERE  `username` = 'admin' LIMIT 1 [ RunTime:0.000292s ]
---------------------------------------------------------------
[ 2019-03-04T17:20:26+08:00 ] ::1 ::1 GET /personalBlog/public/index.php/admin/index/index.html
[ info ] localhost:8085/personalBlog/public/index.php/admin/index/index.html [运行时间：0.050552s][吞吐率：19.78req/s] [内存消耗：2,919.70kb] [文件加载：50]
[ info ] [ LANG ] D:\wamp64\www\personalBlog\thinkphp\lang\zh-cn.php
[ info ] [ ROUTE ] array (
  'type' => 'module',
  'module' => 
  array (
    0 => 'admin',
    1 => 'index',
    2 => 'index',
  ),
)
[ info ] [ HEADER ] array (
  'host' => 'localhost:8085',
  'connection' => 'keep-alive',
  'upgrade-insecure-requests' => '1',
  'user-agent' => 'Mozilla/5.0 (Windows NT 10.0; Win64; x64) AppleWebKit/537.36 (KHTML, like Gecko) Chrome/71.0.3578.80 Safari/537.36',
  'accept' => 'text/html,application/xhtml+xml,application/xml;q=0.9,image/webp,image/apng,*/*;q=0.8',
  'referer' => 'http://localhost:8085/personalBlog/public/index.php/admin/login/index.html',
  'accept-encoding' => 'gzip, deflate, br',
  'accept-language' => 'zh-CN,zh;q=0.9,en;q=0.8,ja;q=0.7',
  'cookie' => 'Phpstorm-7bb51ccc=336c74aa-4156-409e-ab67-6c44bdd825ae; Hm_lvt_8cc45d54c337ca616c34b1cf747da91c=1535467414; CNZZDATA155540=cnzz_eid%3D787196769-1457399780-%26ntime%3D1457399780; PHPSESSID=ulajagjfcahh943icpl606scr1',
)
[ info ] [ PARAM ] array (
)
[ info ] [ SESSION ] INIT array (
  'id' => '',
  'var_session_id' => '',
  'prefix' => 'think',
  'type' => '',
  'auto_start' => true,
)
[ info ] [ RUN ] app\admin\controller\Index->index[ D:\wamp64\www\personalBlog\application\admin\controller\Index.php ]
[ info ] [ VIEW ] D:\wamp64\www\personalBlog\public/../application/admin\view\index\index.htm [ array (
) ]
[ info ] [ LOG ] INIT File
---------------------------------------------------------------
[ 2019-03-04T17:20:26+08:00 ] 127.0.0.1 127.0.0.1 GET /personalBlog/public//static/admin/fonts/fontawesome-webfont.woff2?v=4.3.0
[ info ] 127.0.0.1:8085/personalBlog/public//static/admin/fonts/fontawesome-webfont.woff2?v=4.3.0 [运行时间：0.055287s][吞吐率：18.09req/s] [内存消耗：2,195.69kb] [文件加载：39]
[ info ] [ LANG ] D:\wamp64\www\personalBlog\thinkphp\lang\zh-cn.php
[ info ] [ ROUTE ] array (
  'type' => 'module',
  'module' => 
  array (
    0 => 'static',
    1 => 'admin',
    2 => 'fonts',
  ),
)
[ info ] [ HEADER ] array (
  'host' => '127.0.0.1:8085',
  'connection' => 'keep-alive',
  'origin' => 'http://localhost:8085',
  'user-agent' => 'Mozilla/5.0 (Windows NT 10.0; Win64; x64) AppleWebKit/537.36 (KHTML, like Gecko) Chrome/71.0.3578.80 Safari/537.36',
  'accept' => '*/*',
  'referer' => 'http://127.0.0.1:8085/personalBlog/public//static/admin/style/font-awesome.css',
  'accept-encoding' => 'gzip, deflate, br',
  'accept-language' => 'zh-CN,zh;q=0.9,en;q=0.8,ja;q=0.7',
)
[ info ] [ PARAM ] array (
  'v' => '4.3.0',
)
[ info ] [ LOG ] INIT File
---------------------------------------------------------------
[ 2019-03-04T17:20:29+08:00 ] ::1 ::1 GET /personalBlog/public/index.php/admin/admin/lst.html
[ info ] localhost:8085/personalBlog/public/index.php/admin/admin/lst.html [运行时间：0.125709s][吞吐率：7.95req/s] [内存消耗：4,742.07kb] [文件加载：62]
[ info ] [ LANG ] D:\wamp64\www\personalBlog\thinkphp\lang\zh-cn.php
[ info ] [ ROUTE ] array (
  'type' => 'module',
  'module' => 
  array (
    0 => 'admin',
    1 => 'admin',
    2 => 'lst',
  ),
)
[ info ] [ HEADER ] array (
  'host' => 'localhost:8085',
  'connection' => 'keep-alive',
  'upgrade-insecure-requests' => '1',
  'user-agent' => 'Mozilla/5.0 (Windows NT 10.0; Win64; x64) AppleWebKit/537.36 (KHTML, like Gecko) Chrome/71.0.3578.80 Safari/537.36',
  'accept' => 'text/html,application/xhtml+xml,application/xml;q=0.9,image/webp,image/apng,*/*;q=0.8',
  'referer' => 'http://localhost:8085/personalBlog/public/index.php/admin/index/index.html',
  'accept-encoding' => 'gzip, deflate, br',
  'accept-language' => 'zh-CN,zh;q=0.9,en;q=0.8,ja;q=0.7',
  'cookie' => 'Phpstorm-7bb51ccc=336c74aa-4156-409e-ab67-6c44bdd825ae; Hm_lvt_8cc45d54c337ca616c34b1cf747da91c=1535467414; CNZZDATA155540=cnzz_eid%3D787196769-1457399780-%26ntime%3D1457399780; PHPSESSID=ulajagjfcahh943icpl606scr1',
)
[ info ] [ PARAM ] array (
)
[ info ] [ SESSION ] INIT array (
  'id' => '',
  'var_session_id' => '',
  'prefix' => 'think',
  'type' => '',
  'auto_start' => true,
)
[ info ] [ RUN ] app\admin\controller\Admin->lst[ D:\wamp64\www\personalBlog\application\admin\controller\Admin.php ]
[ info ] [ DB ] INIT mysql
[ info ] [ VIEW ] D:\wamp64\www\personalBlog\public/../application/admin\view\admin\list.htm [ array (
  0 => 'list',
) ]
[ info ] [ LOG ] INIT File
[ sql ] [ DB ] CONNECT:[ UseTime:0.012433s ] mysql:dbname=personblog;host=127.0.0.1;port=3306;charset=utf8
[ sql ] [ SQL ] SHOW COLUMNS FROM `tp_admin` [ RunTime:0.028545s ]
[ sql ] [ SQL ] SELECT COUNT(*) AS tp_count FROM `tp_admin` LIMIT 1 [ RunTime:0.000358s ]
[ sql ] [ SQL ] SELECT * FROM `tp_admin` LIMIT 0,3 [ RunTime:0.000315s ]
---------------------------------------------------------------
[ 2019-03-04T17:20:29+08:00 ] 127.0.0.1 127.0.0.1 GET /personalBlog/public//static/admin/fonts/fontawesome-webfont.woff2?v=4.3.0
[ info ] 127.0.0.1:8085/personalBlog/public//static/admin/fonts/fontawesome-webfont.woff2?v=4.3.0 [运行时间：0.054273s][吞吐率：18.43req/s] [内存消耗：2,195.69kb] [文件加载：39]
[ info ] [ LANG ] D:\wamp64\www\personalBlog\thinkphp\lang\zh-cn.php
[ info ] [ ROUTE ] array (
  'type' => 'module',
  'module' => 
  array (
    0 => 'static',
    1 => 'admin',
    2 => 'fonts',
  ),
)
[ info ] [ HEADER ] array (
  'host' => '127.0.0.1:8085',
  'connection' => 'keep-alive',
  'origin' => 'http://localhost:8085',
  'user-agent' => 'Mozilla/5.0 (Windows NT 10.0; Win64; x64) AppleWebKit/537.36 (KHTML, like Gecko) Chrome/71.0.3578.80 Safari/537.36',
  'accept' => '*/*',
  'referer' => 'http://127.0.0.1:8085/personalBlog/public//static/admin/style/font-awesome.css',
  'accept-encoding' => 'gzip, deflate, br',
  'accept-language' => 'zh-CN,zh;q=0.9,en;q=0.8,ja;q=0.7',
)
[ info ] [ PARAM ] array (
  'v' => '4.3.0',
)
[ info ] [ LOG ] INIT File
---------------------------------------------------------------
[ 2019-03-04T17:20:33+08:00 ] ::1 ::1 GET /personalBlog/public/index.php/admin/cate/lst.html
[ info ] localhost:8085/personalBlog/public/index.php/admin/cate/lst.html [运行时间：0.096231s][吞吐率：10.39req/s] [内存消耗：4,730.03kb] [文件加载：62]
[ info ] [ LANG ] D:\wamp64\www\personalBlog\thinkphp\lang\zh-cn.php
[ info ] [ ROUTE ] array (
  'type' => 'module',
  'module' => 
  array (
    0 => 'admin',
    1 => 'cate',
    2 => 'lst',
  ),
)
[ info ] [ HEADER ] array (
  'host' => 'localhost:8085',
  'connection' => 'keep-alive',
  'upgrade-insecure-requests' => '1',
  'user-agent' => 'Mozilla/5.0 (Windows NT 10.0; Win64; x64) AppleWebKit/537.36 (KHTML, like Gecko) Chrome/71.0.3578.80 Safari/537.36',
  'accept' => 'text/html,application/xhtml+xml,application/xml;q=0.9,image/webp,image/apng,*/*;q=0.8',
  'referer' => 'http://localhost:8085/personalBlog/public/index.php/admin/admin/lst.html',
  'accept-encoding' => 'gzip, deflate, br',
  'accept-language' => 'zh-CN,zh;q=0.9,en;q=0.8,ja;q=0.7',
  'cookie' => 'Phpstorm-7bb51ccc=336c74aa-4156-409e-ab67-6c44bdd825ae; Hm_lvt_8cc45d54c337ca616c34b1cf747da91c=1535467414; CNZZDATA155540=cnzz_eid%3D787196769-1457399780-%26ntime%3D1457399780; PHPSESSID=ulajagjfcahh943icpl606scr1',
)
[ info ] [ PARAM ] array (
)
[ info ] [ SESSION ] INIT array (
  'id' => '',
  'var_session_id' => '',
  'prefix' => 'think',
  'type' => '',
  'auto_start' => true,
)
[ info ] [ RUN ] app\admin\controller\Cate->lst[ D:\wamp64\www\personalBlog\application\admin\controller\Cate.php ]
[ info ] [ DB ] INIT mysql
[ info ] [ VIEW ] D:\wamp64\www\personalBlog\public/../application/admin\view\cate\list.htm [ array (
  0 => 'list',
) ]
[ info ] [ LOG ] INIT File
[ sql ] [ DB ] CONNECT:[ UseTime:0.001095s ] mysql:dbname=personblog;host=127.0.0.1;port=3306;charset=utf8
[ sql ] [ SQL ] SHOW COLUMNS FROM `tp_cate` [ RunTime:0.021073s ]
[ sql ] [ SQL ] SELECT COUNT(*) AS tp_count FROM `tp_cate` LIMIT 1 [ RunTime:0.000403s ]
[ sql ] [ SQL ] SELECT * FROM `tp_cate` LIMIT 0,3 [ RunTime:0.000287s ]
---------------------------------------------------------------
[ 2019-03-04T17:20:33+08:00 ] 127.0.0.1 127.0.0.1 GET /personalBlog/public//static/admin/fonts/fontawesome-webfont.woff2?v=4.3.0
[ info ] 127.0.0.1:8085/personalBlog/public//static/admin/fonts/fontawesome-webfont.woff2?v=4.3.0 [运行时间：0.044443s][吞吐率：22.50req/s] [内存消耗：2,195.69kb] [文件加载：39]
[ info ] [ LANG ] D:\wamp64\www\personalBlog\thinkphp\lang\zh-cn.php
[ info ] [ ROUTE ] array (
  'type' => 'module',
  'module' => 
  array (
    0 => 'static',
    1 => 'admin',
    2 => 'fonts',
  ),
)
[ info ] [ HEADER ] array (
  'host' => '127.0.0.1:8085',
  'connection' => 'keep-alive',
  'origin' => 'http://localhost:8085',
  'user-agent' => 'Mozilla/5.0 (Windows NT 10.0; Win64; x64) AppleWebKit/537.36 (KHTML, like Gecko) Chrome/71.0.3578.80 Safari/537.36',
  'accept' => '*/*',
  'referer' => 'http://127.0.0.1:8085/personalBlog/public//static/admin/style/font-awesome.css',
  'accept-encoding' => 'gzip, deflate, br',
  'accept-language' => 'zh-CN,zh;q=0.9,en;q=0.8,ja;q=0.7',
)
[ info ] [ PARAM ] array (
  'v' => '4.3.0',
)
[ info ] [ LOG ] INIT File
---------------------------------------------------------------
[ 2019-03-04T17:20:35+08:00 ] ::1 ::1 GET /personalBlog/public/index.php/admin/article/lst.html
[ info ] localhost:8085/personalBlog/public/index.php/admin/article/lst.html [运行时间：0.135347s][吞吐率：7.39req/s] [内存消耗：4,953.77kb] [文件加载：66]
[ info ] [ LANG ] D:\wamp64\www\personalBlog\thinkphp\lang\zh-cn.php
[ info ] [ ROUTE ] array (
  'type' => 'module',
  'module' => 
  array (
    0 => 'admin',
    1 => 'article',
    2 => 'lst',
  ),
)
[ info ] [ HEADER ] array (
  'host' => 'localhost:8085',
  'connection' => 'keep-alive',
  'upgrade-insecure-requests' => '1',
  'user-agent' => 'Mozilla/5.0 (Windows NT 10.0; Win64; x64) AppleWebKit/537.36 (KHTML, like Gecko) Chrome/71.0.3578.80 Safari/537.36',
  'accept' => 'text/html,application/xhtml+xml,application/xml;q=0.9,image/webp,image/apng,*/*;q=0.8',
  'referer' => 'http://localhost:8085/personalBlog/public/index.php/admin/cate/lst.html',
  'accept-encoding' => 'gzip, deflate, br',
  'accept-language' => 'zh-CN,zh;q=0.9,en;q=0.8,ja;q=0.7',
  'cookie' => 'Phpstorm-7bb51ccc=336c74aa-4156-409e-ab67-6c44bdd825ae; Hm_lvt_8cc45d54c337ca616c34b1cf747da91c=1535467414; CNZZDATA155540=cnzz_eid%3D787196769-1457399780-%26ntime%3D1457399780; PHPSESSID=ulajagjfcahh943icpl606scr1',
)
[ info ] [ PARAM ] array (
)
[ info ] [ SESSION ] INIT array (
  'id' => '',
  'var_session_id' => '',
  'prefix' => 'think',
  'type' => '',
  'auto_start' => true,
)
[ info ] [ RUN ] app\admin\controller\Article->lst[ D:\wamp64\www\personalBlog\application\admin\controller\Article.php ]
[ info ] [ DB ] INIT mysql
[ info ] [ VIEW ] D:\wamp64\www\personalBlog\public/../application/admin\view\article\list.htm [ array (
  0 => 'list',
) ]
[ info ] [ LOG ] INIT File
[ sql ] [ DB ] CONNECT:[ UseTime:0.001228s ] mysql:dbname=personblog;host=127.0.0.1;port=3306;charset=utf8
[ sql ] [ SQL ] SHOW COLUMNS FROM `tp_article` [ RunTime:0.023566s ]
[ sql ] [ SQL ] SELECT COUNT(*) AS tp_count FROM `tp_article` LIMIT 1 [ RunTime:0.000335s ]
[ sql ] [ SQL ] SELECT * FROM `tp_article` LIMIT 0,3 [ RunTime:0.000711s ]
[ sql ] [ SQL ] SHOW COLUMNS FROM `tp_cate` [ RunTime:0.024236s ]
[ sql ] [ SQL ] SELECT * FROM `tp_cate` WHERE  `id` = 1 LIMIT 1 [ RunTime:0.000531s ]
---------------------------------------------------------------
[ 2019-03-04T17:20:35+08:00 ] 127.0.0.1 127.0.0.1 GET /personalBlog/public//static/admin/fonts/fontawesome-webfont.woff2?v=4.3.0
[ info ] 127.0.0.1:8085/personalBlog/public//static/admin/fonts/fontawesome-webfont.woff2?v=4.3.0 [运行时间：0.050156s][吞吐率：19.94req/s] [内存消耗：2,195.69kb] [文件加载：39]
[ info ] [ LANG ] D:\wamp64\www\personalBlog\thinkphp\lang\zh-cn.php
[ info ] [ ROUTE ] array (
  'type' => 'module',
  'module' => 
  array (
    0 => 'static',
    1 => 'admin',
    2 => 'fonts',
  ),
)
[ info ] [ HEADER ] array (
  'host' => '127.0.0.1:8085',
  'connection' => 'keep-alive',
  'origin' => 'http://localhost:8085',
  'user-agent' => 'Mozilla/5.0 (Windows NT 10.0; Win64; x64) AppleWebKit/537.36 (KHTML, like Gecko) Chrome/71.0.3578.80 Safari/537.36',
  'accept' => '*/*',
  'referer' => 'http://127.0.0.1:8085/personalBlog/public//static/admin/style/font-awesome.css',
  'accept-encoding' => 'gzip, deflate, br',
  'accept-language' => 'zh-CN,zh;q=0.9,en;q=0.8,ja;q=0.7',
)
[ info ] [ PARAM ] array (
  'v' => '4.3.0',
)
[ info ] [ LOG ] INIT File
---------------------------------------------------------------
[ 2019-03-04T17:20:38+08:00 ] ::1 ::1 GET /personalBlog/public/index.php/admin/links/lst.html
[ info ] localhost:8085/personalBlog/public/index.php/admin/links/lst.html [运行时间：0.098324s][吞吐率：10.17req/s] [内存消耗：4,730.05kb] [文件加载：62]
[ info ] [ LANG ] D:\wamp64\www\personalBlog\thinkphp\lang\zh-cn.php
[ info ] [ ROUTE ] array (
  'type' => 'module',
  'module' => 
  array (
    0 => 'admin',
    1 => 'links',
    2 => 'lst',
  ),
)
[ info ] [ HEADER ] array (
  'host' => 'localhost:8085',
  'connection' => 'keep-alive',
  'upgrade-insecure-requests' => '1',
  'user-agent' => 'Mozilla/5.0 (Windows NT 10.0; Win64; x64) AppleWebKit/537.36 (KHTML, like Gecko) Chrome/71.0.3578.80 Safari/537.36',
  'accept' => 'text/html,application/xhtml+xml,application/xml;q=0.9,image/webp,image/apng,*/*;q=0.8',
  'referer' => 'http://localhost:8085/personalBlog/public/index.php/admin/article/lst.html',
  'accept-encoding' => 'gzip, deflate, br',
  'accept-language' => 'zh-CN,zh;q=0.9,en;q=0.8,ja;q=0.7',
  'cookie' => 'Phpstorm-7bb51ccc=336c74aa-4156-409e-ab67-6c44bdd825ae; Hm_lvt_8cc45d54c337ca616c34b1cf747da91c=1535467414; CNZZDATA155540=cnzz_eid%3D787196769-1457399780-%26ntime%3D1457399780; PHPSESSID=ulajagjfcahh943icpl606scr1',
)
[ info ] [ PARAM ] array (
)
[ info ] [ SESSION ] INIT array (
  'id' => '',
  'var_session_id' => '',
  'prefix' => 'think',
  'type' => '',
  'auto_start' => true,
)
[ info ] [ RUN ] app\admin\controller\Links->lst[ D:\wamp64\www\personalBlog\application\admin\controller\Links.php ]
[ info ] [ DB ] INIT mysql
[ info ] [ VIEW ] D:\wamp64\www\personalBlog\public/../application/admin\view\links\list.htm [ array (
  0 => 'list',
) ]
[ info ] [ LOG ] INIT File
[ sql ] [ DB ] CONNECT:[ UseTime:0.001371s ] mysql:dbname=personblog;host=127.0.0.1;port=3306;charset=utf8
[ sql ] [ SQL ] SHOW COLUMNS FROM `tp_links` [ RunTime:0.020516s ]
[ sql ] [ SQL ] SELECT COUNT(*) AS tp_count FROM `tp_links` LIMIT 1 [ RunTime:0.001203s ]
[ sql ] [ SQL ] SELECT * FROM `tp_links` LIMIT 0,3 [ RunTime:0.000728s ]
---------------------------------------------------------------
[ 2019-03-04T17:20:38+08:00 ] 127.0.0.1 127.0.0.1 GET /personalBlog/public//static/admin/fonts/fontawesome-webfont.woff2?v=4.3.0
[ info ] 127.0.0.1:8085/personalBlog/public//static/admin/fonts/fontawesome-webfont.woff2?v=4.3.0 [运行时间：0.031609s][吞吐率：31.64req/s] [内存消耗：2,195.69kb] [文件加载：39]
[ info ] [ LANG ] D:\wamp64\www\personalBlog\thinkphp\lang\zh-cn.php
[ info ] [ ROUTE ] array (
  'type' => 'module',
  'module' => 
  array (
    0 => 'static',
    1 => 'admin',
    2 => 'fonts',
  ),
)
[ info ] [ HEADER ] array (
  'host' => '127.0.0.1:8085',
  'connection' => 'keep-alive',
  'origin' => 'http://localhost:8085',
  'user-agent' => 'Mozilla/5.0 (Windows NT 10.0; Win64; x64) AppleWebKit/537.36 (KHTML, like Gecko) Chrome/71.0.3578.80 Safari/537.36',
  'accept' => '*/*',
  'referer' => 'http://127.0.0.1:8085/personalBlog/public//static/admin/style/font-awesome.css',
  'accept-encoding' => 'gzip, deflate, br',
  'accept-language' => 'zh-CN,zh;q=0.9,en;q=0.8,ja;q=0.7',
)
[ info ] [ PARAM ] array (
  'v' => '4.3.0',
)
[ info ] [ LOG ] INIT File
---------------------------------------------------------------
[ 2019-03-04T17:20:40+08:00 ] ::1 ::1 GET /personalBlog/public/index.php/admin/tags/lst.html
[ info ] localhost:8085/personalBlog/public/index.php/admin/tags/lst.html [运行时间：0.091598s][吞吐率：10.92req/s] [内存消耗：4,247.37kb] [文件加载：60]
[ info ] [ LANG ] D:\wamp64\www\personalBlog\thinkphp\lang\zh-cn.php
[ info ] [ ROUTE ] array (
  'type' => 'module',
  'module' => 
  array (
    0 => 'admin',
    1 => 'tags',
    2 => 'lst',
  ),
)
[ info ] [ HEADER ] array (
  'host' => 'localhost:8085',
  'connection' => 'keep-alive',
  'upgrade-insecure-requests' => '1',
  'user-agent' => 'Mozilla/5.0 (Windows NT 10.0; Win64; x64) AppleWebKit/537.36 (KHTML, like Gecko) Chrome/71.0.3578.80 Safari/537.36',
  'accept' => 'text/html,application/xhtml+xml,application/xml;q=0.9,image/webp,image/apng,*/*;q=0.8',
  'referer' => 'http://localhost:8085/personalBlog/public/index.php/admin/links/lst.html',
  'accept-encoding' => 'gzip, deflate, br',
  'accept-language' => 'zh-CN,zh;q=0.9,en;q=0.8,ja;q=0.7',
  'cookie' => 'Phpstorm-7bb51ccc=336c74aa-4156-409e-ab67-6c44bdd825ae; Hm_lvt_8cc45d54c337ca616c34b1cf747da91c=1535467414; CNZZDATA155540=cnzz_eid%3D787196769-1457399780-%26ntime%3D1457399780; PHPSESSID=ulajagjfcahh943icpl606scr1',
)
[ info ] [ PARAM ] array (
)
[ info ] [ SESSION ] INIT array (
  'id' => '',
  'var_session_id' => '',
  'prefix' => 'think',
  'type' => '',
  'auto_start' => true,
)
[ info ] [ RUN ] app\admin\controller\Tags->lst[ D:\wamp64\www\personalBlog\application\admin\controller\Tags.php ]
[ info ] [ DB ] INIT mysql
[ info ] [ VIEW ] D:\wamp64\www\personalBlog\public/../application/admin\view\tags\list.htm [ array (
  0 => 'list',
) ]
[ info ] [ LOG ] INIT File
[ sql ] [ DB ] CONNECT:[ UseTime:0.001115s ] mysql:dbname=personblog;host=127.0.0.1;port=3306;charset=utf8
[ sql ] [ SQL ] SHOW COLUMNS FROM `tp_tags` [ RunTime:0.019918s ]
[ sql ] [ SQL ] SELECT COUNT(*) AS tp_count FROM `tp_tags` LIMIT 1 [ RunTime:0.000375s ]
[ sql ] [ SQL ] SELECT * FROM `tp_tags` LIMIT 0,3 [ RunTime:0.000269s ]
---------------------------------------------------------------
[ 2019-03-04T17:20:40+08:00 ] 127.0.0.1 127.0.0.1 GET /personalBlog/public//static/admin/fonts/fontawesome-webfont.woff2?v=4.3.0
[ info ] 127.0.0.1:8085/personalBlog/public//static/admin/fonts/fontawesome-webfont.woff2?v=4.3.0 [运行时间：0.038443s][吞吐率：26.01req/s] [内存消耗：2,195.69kb] [文件加载：39]
[ info ] [ LANG ] D:\wamp64\www\personalBlog\thinkphp\lang\zh-cn.php
[ info ] [ ROUTE ] array (
  'type' => 'module',
  'module' => 
  array (
    0 => 'static',
    1 => 'admin',
    2 => 'fonts',
  ),
)
[ info ] [ HEADER ] array (
  'host' => '127.0.0.1:8085',
  'connection' => 'keep-alive',
  'origin' => 'http://localhost:8085',
  'user-agent' => 'Mozilla/5.0 (Windows NT 10.0; Win64; x64) AppleWebKit/537.36 (KHTML, like Gecko) Chrome/71.0.3578.80 Safari/537.36',
  'accept' => '*/*',
  'referer' => 'http://127.0.0.1:8085/personalBlog/public//static/admin/style/font-awesome.css',
  'accept-encoding' => 'gzip, deflate, br',
  'accept-language' => 'zh-CN,zh;q=0.9,en;q=0.8,ja;q=0.7',
)
[ info ] [ PARAM ] array (
  'v' => '4.3.0',
)
[ info ] [ LOG ] INIT File
---------------------------------------------------------------
[ 2019-03-04T17:26:32+08:00 ] ::1 ::1 GET /personalBlog/public/index.php/admin/tags/lst.html
[ info ] localhost:8085/personalBlog/public/index.php/admin/tags/lst.html [运行时间：0.101403s][吞吐率：9.86req/s] [内存消耗：4,018.74kb] [文件加载：58]
[ info ] [ LANG ] D:\wamp64\www\personalBlog\thinkphp\lang\zh-cn.php
[ info ] [ ROUTE ] array (
  'type' => 'module',
  'module' => 
  array (
    0 => 'admin',
    1 => 'tags',
    2 => 'lst',
  ),
)
[ info ] [ HEADER ] array (
  'host' => 'localhost:8085',
  'connection' => 'keep-alive',
  'cache-control' => 'max-age=0',
  'upgrade-insecure-requests' => '1',
  'user-agent' => 'Mozilla/5.0 (Windows NT 10.0; Win64; x64) AppleWebKit/537.36 (KHTML, like Gecko) Chrome/71.0.3578.80 Safari/537.36',
  'accept' => 'text/html,application/xhtml+xml,application/xml;q=0.9,image/webp,image/apng,*/*;q=0.8',
  'referer' => 'http://localhost:8085/personalBlog/public/index.php/admin/links/lst.html',
  'accept-encoding' => 'gzip, deflate, br',
  'accept-language' => 'zh-CN,zh;q=0.9,en;q=0.8,ja;q=0.7',
  'cookie' => 'Phpstorm-7bb51ccc=336c74aa-4156-409e-ab67-6c44bdd825ae; Hm_lvt_8cc45d54c337ca616c34b1cf747da91c=1535467414; CNZZDATA155540=cnzz_eid%3D787196769-1457399780-%26ntime%3D1457399780; PHPSESSID=ulajagjfcahh943icpl606scr1',
)
[ info ] [ PARAM ] array (
)
[ info ] [ SESSION ] INIT array (
  'id' => '',
  'var_session_id' => '',
  'prefix' => 'think',
  'type' => '',
  'auto_start' => true,
)
[ info ] [ RUN ] app\admin\controller\Tags->lst[ D:\wamp64\www\personalBlog\application\admin\controller\Tags.php ]
[ info ] [ DB ] INIT mysql
[ info ] [ VIEW ] D:\wamp64\www\personalBlog\public/../application/admin\view\tags\list.htm [ array (
  0 => 'list',
) ]
[ info ] [ LOG ] INIT File
[ sql ] [ DB ] CONNECT:[ UseTime:0.011177s ] mysql:dbname=personblog;host=127.0.0.1;port=3306;charset=utf8
[ sql ] [ SQL ] SHOW COLUMNS FROM `tp_tags` [ RunTime:0.027485s ]
[ sql ] [ SQL ] SELECT COUNT(*) AS tp_count FROM `tp_tags` LIMIT 1 [ RunTime:0.000288s ]
[ sql ] [ SQL ] SELECT * FROM `tp_tags` LIMIT 0,3 [ RunTime:0.000306s ]
---------------------------------------------------------------
[ 2019-03-04T17:26:32+08:00 ] 127.0.0.1 127.0.0.1 GET /personalBlog/public//static/admin/fonts/fontawesome-webfont.woff2?v=4.3.0
[ info ] 127.0.0.1:8085/personalBlog/public//static/admin/fonts/fontawesome-webfont.woff2?v=4.3.0 [运行时间：0.055981s][吞吐率：17.86req/s] [内存消耗：2,195.69kb] [文件加载：39]
[ info ] [ LANG ] D:\wamp64\www\personalBlog\thinkphp\lang\zh-cn.php
[ info ] [ ROUTE ] array (
  'type' => 'module',
  'module' => 
  array (
    0 => 'static',
    1 => 'admin',
    2 => 'fonts',
  ),
)
[ info ] [ HEADER ] array (
  'host' => '127.0.0.1:8085',
  'connection' => 'keep-alive',
  'origin' => 'http://localhost:8085',
  'user-agent' => 'Mozilla/5.0 (Windows NT 10.0; Win64; x64) AppleWebKit/537.36 (KHTML, like Gecko) Chrome/71.0.3578.80 Safari/537.36',
  'accept' => '*/*',
  'referer' => 'http://127.0.0.1:8085/personalBlog/public//static/admin/style/font-awesome.css',
  'accept-encoding' => 'gzip, deflate, br',
  'accept-language' => 'zh-CN,zh;q=0.9,en;q=0.8,ja;q=0.7',
)
[ info ] [ PARAM ] array (
  'v' => '4.3.0',
)
[ info ] [ LOG ] INIT File
---------------------------------------------------------------
[ 2019-03-04T17:28:34+08:00 ] ::1 ::1 GET /personalBlog/public/index.php/admin/admin/lst.html
[ info ] localhost:8085/personalBlog/public/index.php/admin/admin/lst.html [运行时间：0.113218s][吞吐率：8.83req/s] [内存消耗：4,512.25kb] [文件加载：60]
[ info ] [ LANG ] D:\wamp64\www\personalBlog\thinkphp\lang\zh-cn.php
[ info ] [ ROUTE ] array (
  'type' => 'module',
  'module' => 
  array (
    0 => 'admin',
    1 => 'admin',
    2 => 'lst',
  ),
)
[ info ] [ HEADER ] array (
  'host' => 'localhost:8085',
  'connection' => 'keep-alive',
  'upgrade-insecure-requests' => '1',
  'user-agent' => 'Mozilla/5.0 (Windows NT 10.0; Win64; x64) AppleWebKit/537.36 (KHTML, like Gecko) Chrome/71.0.3578.80 Safari/537.36',
  'accept' => 'text/html,application/xhtml+xml,application/xml;q=0.9,image/webp,image/apng,*/*;q=0.8',
  'referer' => 'http://localhost:8085/personalBlog/public/index.php/admin/tags/lst.html',
  'accept-encoding' => 'gzip, deflate, br',
  'accept-language' => 'zh-CN,zh;q=0.9,en;q=0.8,ja;q=0.7',
  'cookie' => 'Phpstorm-7bb51ccc=336c74aa-4156-409e-ab67-6c44bdd825ae; Hm_lvt_8cc45d54c337ca616c34b1cf747da91c=1535467414; CNZZDATA155540=cnzz_eid%3D787196769-1457399780-%26ntime%3D1457399780; PHPSESSID=ulajagjfcahh943icpl606scr1',
)
[ info ] [ PARAM ] array (
)
[ info ] [ SESSION ] INIT array (
  'id' => '',
  'var_session_id' => '',
  'prefix' => 'think',
  'type' => '',
  'auto_start' => true,
)
[ info ] [ RUN ] app\admin\controller\Admin->lst[ D:\wamp64\www\personalBlog\application\admin\controller\Admin.php ]
[ info ] [ DB ] INIT mysql
[ info ] [ VIEW ] D:\wamp64\www\personalBlog\public/../application/admin\view\admin\list.htm [ array (
  0 => 'list',
) ]
[ info ] [ LOG ] INIT File
[ sql ] [ DB ] CONNECT:[ UseTime:0.001217s ] mysql:dbname=personblog;host=127.0.0.1;port=3306;charset=utf8
[ sql ] [ SQL ] SHOW COLUMNS FROM `tp_admin` [ RunTime:0.036262s ]
[ sql ] [ SQL ] SELECT COUNT(*) AS tp_count FROM `tp_admin` LIMIT 1 [ RunTime:0.000346s ]
[ sql ] [ SQL ] SELECT * FROM `tp_admin` LIMIT 0,3 [ RunTime:0.000314s ]
---------------------------------------------------------------
[ 2019-03-04T17:28:34+08:00 ] 127.0.0.1 127.0.0.1 GET /personalBlog/public//static/admin/fonts/fontawesome-webfont.woff2?v=4.3.0
[ info ] 127.0.0.1:8085/personalBlog/public//static/admin/fonts/fontawesome-webfont.woff2?v=4.3.0 [运行时间：0.041365s][吞吐率：24.17req/s] [内存消耗：2,195.69kb] [文件加载：39]
[ info ] [ LANG ] D:\wamp64\www\personalBlog\thinkphp\lang\zh-cn.php
[ info ] [ ROUTE ] array (
  'type' => 'module',
  'module' => 
  array (
    0 => 'static',
    1 => 'admin',
    2 => 'fonts',
  ),
)
[ info ] [ HEADER ] array (
  'host' => '127.0.0.1:8085',
  'connection' => 'keep-alive',
  'origin' => 'http://localhost:8085',
  'user-agent' => 'Mozilla/5.0 (Windows NT 10.0; Win64; x64) AppleWebKit/537.36 (KHTML, like Gecko) Chrome/71.0.3578.80 Safari/537.36',
  'accept' => '*/*',
  'referer' => 'http://127.0.0.1:8085/personalBlog/public//static/admin/style/font-awesome.css',
  'accept-encoding' => 'gzip, deflate, br',
  'accept-language' => 'zh-CN,zh;q=0.9,en;q=0.8,ja;q=0.7',
)
[ info ] [ PARAM ] array (
  'v' => '4.3.0',
)
[ info ] [ LOG ] INIT File
---------------------------------------------------------------
[ 2019-03-04T17:31:22+08:00 ] ::1 ::1 GET /personalBlog/public/index.php/admin/links/lst.html
[ info ] localhost:8085/personalBlog/public/index.php/admin/links/lst.html [运行时间：0.094331s][吞吐率：10.60req/s] [内存消耗：4,499.84kb] [文件加载：60]
[ info ] [ LANG ] D:\wamp64\www\personalBlog\thinkphp\lang\zh-cn.php
[ info ] [ ROUTE ] array (
  'type' => 'module',
  'module' => 
  array (
    0 => 'admin',
    1 => 'links',
    2 => 'lst',
  ),
)
[ info ] [ HEADER ] array (
  'host' => 'localhost:8085',
  'connection' => 'keep-alive',
  'upgrade-insecure-requests' => '1',
  'user-agent' => 'Mozilla/5.0 (Windows NT 10.0; Win64; x64) AppleWebKit/537.36 (KHTML, like Gecko) Chrome/71.0.3578.80 Safari/537.36',
  'accept' => 'text/html,application/xhtml+xml,application/xml;q=0.9,image/webp,image/apng,*/*;q=0.8',
  'referer' => 'http://localhost:8085/personalBlog/public/index.php/admin/admin/lst.html',
  'accept-encoding' => 'gzip, deflate, br',
  'accept-language' => 'zh-CN,zh;q=0.9,en;q=0.8,ja;q=0.7',
  'cookie' => 'Phpstorm-7bb51ccc=336c74aa-4156-409e-ab67-6c44bdd825ae; Hm_lvt_8cc45d54c337ca616c34b1cf747da91c=1535467414; CNZZDATA155540=cnzz_eid%3D787196769-1457399780-%26ntime%3D1457399780; PHPSESSID=ulajagjfcahh943icpl606scr1',
)
[ info ] [ PARAM ] array (
)
[ info ] [ SESSION ] INIT array (
  'id' => '',
  'var_session_id' => '',
  'prefix' => 'think',
  'type' => '',
  'auto_start' => true,
)
[ info ] [ RUN ] app\admin\controller\Links->lst[ D:\wamp64\www\personalBlog\application\admin\controller\Links.php ]
[ info ] [ DB ] INIT mysql
[ info ] [ VIEW ] D:\wamp64\www\personalBlog\public/../application/admin\view\links\list.htm [ array (
  0 => 'list',
) ]
[ info ] [ LOG ] INIT File
[ sql ] [ DB ] CONNECT:[ UseTime:0.001069s ] mysql:dbname=personblog;host=127.0.0.1;port=3306;charset=utf8
[ sql ] [ SQL ] SHOW COLUMNS FROM `tp_links` [ RunTime:0.034033s ]
[ sql ] [ SQL ] SELECT COUNT(*) AS tp_count FROM `tp_links` LIMIT 1 [ RunTime:0.000264s ]
[ sql ] [ SQL ] SELECT * FROM `tp_links` LIMIT 0,3 [ RunTime:0.000230s ]
---------------------------------------------------------------
[ 2019-03-04T17:31:22+08:00 ] 127.0.0.1 127.0.0.1 GET /personalBlog/public//static/admin/fonts/fontawesome-webfont.woff2?v=4.3.0
[ info ] 127.0.0.1:8085/personalBlog/public//static/admin/fonts/fontawesome-webfont.woff2?v=4.3.0 [运行时间：0.047585s][吞吐率：21.02req/s] [内存消耗：2,195.69kb] [文件加载：39]
[ info ] [ LANG ] D:\wamp64\www\personalBlog\thinkphp\lang\zh-cn.php
[ info ] [ ROUTE ] array (
  'type' => 'module',
  'module' => 
  array (
    0 => 'static',
    1 => 'admin',
    2 => 'fonts',
  ),
)
[ info ] [ HEADER ] array (
  'host' => '127.0.0.1:8085',
  'connection' => 'keep-alive',
  'origin' => 'http://localhost:8085',
  'user-agent' => 'Mozilla/5.0 (Windows NT 10.0; Win64; x64) AppleWebKit/537.36 (KHTML, like Gecko) Chrome/71.0.3578.80 Safari/537.36',
  'accept' => '*/*',
  'referer' => 'http://127.0.0.1:8085/personalBlog/public//static/admin/style/font-awesome.css',
  'accept-encoding' => 'gzip, deflate, br',
  'accept-language' => 'zh-CN,zh;q=0.9,en;q=0.8,ja;q=0.7',
)
[ info ] [ PARAM ] array (
  'v' => '4.3.0',
)
[ info ] [ LOG ] INIT File
---------------------------------------------------------------
[ 2019-03-04T17:46:41+08:00 ] ::1 ::1 GET /personalBlog/public/index.php/admin/links/lst.html
[ info ] localhost:8085/personalBlog/public/index.php/admin/links/lst.html [运行时间：0.102089s][吞吐率：9.80req/s] [内存消耗：4,500.05kb] [文件加载：60]
[ info ] [ LANG ] D:\wamp64\www\personalBlog\thinkphp\lang\zh-cn.php
[ info ] [ ROUTE ] array (
  'type' => 'module',
  'module' => 
  array (
    0 => 'admin',
    1 => 'links',
    2 => 'lst',
  ),
)
[ info ] [ HEADER ] array (
  'host' => 'localhost:8085',
  'connection' => 'keep-alive',
  'cache-control' => 'max-age=0',
  'upgrade-insecure-requests' => '1',
  'user-agent' => 'Mozilla/5.0 (Windows NT 10.0; Win64; x64) AppleWebKit/537.36 (KHTML, like Gecko) Chrome/71.0.3578.80 Safari/537.36',
  'accept' => 'text/html,application/xhtml+xml,application/xml;q=0.9,image/webp,image/apng,*/*;q=0.8',
  'referer' => 'http://localhost:8085/personalBlog/public/index.php/admin/admin/lst.html',
  'accept-encoding' => 'gzip, deflate, br',
  'accept-language' => 'zh-CN,zh;q=0.9,en;q=0.8,ja;q=0.7',
  'cookie' => 'Phpstorm-7bb51ccc=336c74aa-4156-409e-ab67-6c44bdd825ae; Hm_lvt_8cc45d54c337ca616c34b1cf747da91c=1535467414; CNZZDATA155540=cnzz_eid%3D787196769-1457399780-%26ntime%3D1457399780; PHPSESSID=ulajagjfcahh943icpl606scr1',
)
[ info ] [ PARAM ] array (
)
[ info ] [ SESSION ] INIT array (
  'id' => '',
  'var_session_id' => '',
  'prefix' => 'think',
  'type' => '',
  'auto_start' => true,
)
[ info ] [ RUN ] app\admin\controller\Links->lst[ D:\wamp64\www\personalBlog\application\admin\controller\Links.php ]
[ info ] [ DB ] INIT mysql
[ info ] [ VIEW ] D:\wamp64\www\personalBlog\public/../application/admin\view\links\list.htm [ array (
  0 => 'list',
) ]
[ info ] [ LOG ] INIT File
[ sql ] [ DB ] CONNECT:[ UseTime:0.010840s ] mysql:dbname=personblog;host=127.0.0.1;port=3306;charset=utf8
[ sql ] [ SQL ] SHOW COLUMNS FROM `tp_links` [ RunTime:0.025771s ]
[ sql ] [ SQL ] SELECT COUNT(*) AS tp_count FROM `tp_links` LIMIT 1 [ RunTime:0.000341s ]
[ sql ] [ SQL ] SELECT * FROM `tp_links` LIMIT 0,3 [ RunTime:0.000304s ]
---------------------------------------------------------------
[ 2019-03-04T17:46:41+08:00 ] 127.0.0.1 127.0.0.1 GET /personalBlog/public//static/admin/fonts/fontawesome-webfont.woff2?v=4.3.0
[ info ] 127.0.0.1:8085/personalBlog/public//static/admin/fonts/fontawesome-webfont.woff2?v=4.3.0 [运行时间：0.055313s][吞吐率：18.08req/s] [内存消耗：2,195.69kb] [文件加载：39]
[ info ] [ LANG ] D:\wamp64\www\personalBlog\thinkphp\lang\zh-cn.php
[ info ] [ ROUTE ] array (
  'type' => 'module',
  'module' => 
  array (
    0 => 'static',
    1 => 'admin',
    2 => 'fonts',
  ),
)
[ info ] [ HEADER ] array (
  'host' => '127.0.0.1:8085',
  'connection' => 'keep-alive',
  'origin' => 'http://localhost:8085',
  'user-agent' => 'Mozilla/5.0 (Windows NT 10.0; Win64; x64) AppleWebKit/537.36 (KHTML, like Gecko) Chrome/71.0.3578.80 Safari/537.36',
  'accept' => '*/*',
  'referer' => 'http://127.0.0.1:8085/personalBlog/public//static/admin/style/font-awesome.css',
  'accept-encoding' => 'gzip, deflate, br',
  'accept-language' => 'zh-CN,zh;q=0.9,en;q=0.8,ja;q=0.7',
)
[ info ] [ PARAM ] array (
  'v' => '4.3.0',
)
[ info ] [ LOG ] INIT File
---------------------------------------------------------------
[ 2019-03-04T17:46:45+08:00 ] ::1 ::1 GET /personalBlog/public/index.php/admin/admin/lst.html
[ info ] localhost:8085/personalBlog/public/index.php/admin/admin/lst.html [运行时间：0.090888s][吞吐率：11.00req/s] [内存消耗：4,743.94kb] [文件加载：62]
[ info ] [ LANG ] D:\wamp64\www\personalBlog\thinkphp\lang\zh-cn.php
[ info ] [ ROUTE ] array (
  'type' => 'module',
  'module' => 
  array (
    0 => 'admin',
    1 => 'admin',
    2 => 'lst',
  ),
)
[ info ] [ HEADER ] array (
  'host' => 'localhost:8085',
  'connection' => 'keep-alive',
  'upgrade-insecure-requests' => '1',
  'user-agent' => 'Mozilla/5.0 (Windows NT 10.0; Win64; x64) AppleWebKit/537.36 (KHTML, like Gecko) Chrome/71.0.3578.80 Safari/537.36',
  'accept' => 'text/html,application/xhtml+xml,application/xml;q=0.9,image/webp,image/apng,*/*;q=0.8',
  'referer' => 'http://localhost:8085/personalBlog/public/index.php/admin/links/lst.html',
  'accept-encoding' => 'gzip, deflate, br',
  'accept-language' => 'zh-CN,zh;q=0.9,en;q=0.8,ja;q=0.7',
  'cookie' => 'Phpstorm-7bb51ccc=336c74aa-4156-409e-ab67-6c44bdd825ae; Hm_lvt_8cc45d54c337ca616c34b1cf747da91c=1535467414; CNZZDATA155540=cnzz_eid%3D787196769-1457399780-%26ntime%3D1457399780; PHPSESSID=ulajagjfcahh943icpl606scr1',
)
[ info ] [ PARAM ] array (
)
[ info ] [ SESSION ] INIT array (
  'id' => '',
  'var_session_id' => '',
  'prefix' => 'think',
  'type' => '',
  'auto_start' => true,
)
[ info ] [ RUN ] app\admin\controller\Admin->lst[ D:\wamp64\www\personalBlog\application\admin\controller\Admin.php ]
[ info ] [ DB ] INIT mysql
[ info ] [ VIEW ] D:\wamp64\www\personalBlog\public/../application/admin\view\admin\list.htm [ array (
  0 => 'list',
) ]
[ info ] [ LOG ] INIT File
[ sql ] [ DB ] CONNECT:[ UseTime:0.000891s ] mysql:dbname=personblog;host=127.0.0.1;port=3306;charset=utf8
[ sql ] [ SQL ] SHOW COLUMNS FROM `tp_admin` [ RunTime:0.021432s ]
[ sql ] [ SQL ] SELECT COUNT(*) AS tp_count FROM `tp_admin` LIMIT 1 [ RunTime:0.000284s ]
[ sql ] [ SQL ] SELECT * FROM `tp_admin` LIMIT 0,3 [ RunTime:0.000182s ]
---------------------------------------------------------------
[ 2019-03-04T17:46:45+08:00 ] 127.0.0.1 127.0.0.1 GET /personalBlog/public//static/admin/fonts/fontawesome-webfont.woff2?v=4.3.0
[ info ] 127.0.0.1:8085/personalBlog/public//static/admin/fonts/fontawesome-webfont.woff2?v=4.3.0 [运行时间：0.042988s][吞吐率：23.26req/s] [内存消耗：2,195.69kb] [文件加载：39]
[ info ] [ LANG ] D:\wamp64\www\personalBlog\thinkphp\lang\zh-cn.php
[ info ] [ ROUTE ] array (
  'type' => 'module',
  'module' => 
  array (
    0 => 'static',
    1 => 'admin',
    2 => 'fonts',
  ),
)
[ info ] [ HEADER ] array (
  'host' => '127.0.0.1:8085',
  'connection' => 'keep-alive',
  'origin' => 'http://localhost:8085',
  'user-agent' => 'Mozilla/5.0 (Windows NT 10.0; Win64; x64) AppleWebKit/537.36 (KHTML, like Gecko) Chrome/71.0.3578.80 Safari/537.36',
  'accept' => '*/*',
  'referer' => 'http://127.0.0.1:8085/personalBlog/public//static/admin/style/font-awesome.css',
  'accept-encoding' => 'gzip, deflate, br',
  'accept-language' => 'zh-CN,zh;q=0.9,en;q=0.8,ja;q=0.7',
)
[ info ] [ PARAM ] array (
  'v' => '4.3.0',
)
[ info ] [ LOG ] INIT File
---------------------------------------------------------------
[ 2019-03-04T17:46:48+08:00 ] ::1 ::1 GET /personalBlog/public/index.php/admin/admin/lst.html
[ info ] localhost:8085/personalBlog/public/index.php/admin/admin/lst.html [运行时间：0.094755s][吞吐率：10.55req/s] [内存消耗：4,512.37kb] [文件加载：60]
[ info ] [ LANG ] D:\wamp64\www\personalBlog\thinkphp\lang\zh-cn.php
[ info ] [ ROUTE ] array (
  'type' => 'module',
  'module' => 
  array (
    0 => 'admin',
    1 => 'admin',
    2 => 'lst',
  ),
)
[ info ] [ HEADER ] array (
  'host' => 'localhost:8085',
  'connection' => 'keep-alive',
  'upgrade-insecure-requests' => '1',
  'user-agent' => 'Mozilla/5.0 (Windows NT 10.0; Win64; x64) AppleWebKit/537.36 (KHTML, like Gecko) Chrome/71.0.3578.80 Safari/537.36',
  'accept' => 'text/html,application/xhtml+xml,application/xml;q=0.9,image/webp,image/apng,*/*;q=0.8',
  'referer' => 'http://localhost:8085/personalBlog/public/index.php/admin/admin/lst.html',
  'accept-encoding' => 'gzip, deflate, br',
  'accept-language' => 'zh-CN,zh;q=0.9,en;q=0.8,ja;q=0.7',
  'cookie' => 'Phpstorm-7bb51ccc=336c74aa-4156-409e-ab67-6c44bdd825ae; Hm_lvt_8cc45d54c337ca616c34b1cf747da91c=1535467414; CNZZDATA155540=cnzz_eid%3D787196769-1457399780-%26ntime%3D1457399780; PHPSESSID=ulajagjfcahh943icpl606scr1',
)
[ info ] [ PARAM ] array (
)
[ info ] [ SESSION ] INIT array (
  'id' => '',
  'var_session_id' => '',
  'prefix' => 'think',
  'type' => '',
  'auto_start' => true,
)
[ info ] [ RUN ] app\admin\controller\Admin->lst[ D:\wamp64\www\personalBlog\application\admin\controller\Admin.php ]
[ info ] [ DB ] INIT mysql
[ info ] [ VIEW ] D:\wamp64\www\personalBlog\public/../application/admin\view\admin\list.htm [ array (
  0 => 'list',
) ]
[ info ] [ LOG ] INIT File
[ sql ] [ DB ] CONNECT:[ UseTime:0.011050s ] mysql:dbname=personblog;host=127.0.0.1;port=3306;charset=utf8
[ sql ] [ SQL ] SHOW COLUMNS FROM `tp_admin` [ RunTime:0.019522s ]
[ sql ] [ SQL ] SELECT COUNT(*) AS tp_count FROM `tp_admin` LIMIT 1 [ RunTime:0.000433s ]
[ sql ] [ SQL ] SELECT * FROM `tp_admin` LIMIT 0,3 [ RunTime:0.000325s ]
---------------------------------------------------------------
[ 2019-03-04T17:46:48+08:00 ] 127.0.0.1 127.0.0.1 GET /personalBlog/public//static/admin/fonts/fontawesome-webfont.woff2?v=4.3.0
[ info ] 127.0.0.1:8085/personalBlog/public//static/admin/fonts/fontawesome-webfont.woff2?v=4.3.0 [运行时间：0.050347s][吞吐率：19.86req/s] [内存消耗：2,195.69kb] [文件加载：39]
[ info ] [ LANG ] D:\wamp64\www\personalBlog\thinkphp\lang\zh-cn.php
[ info ] [ ROUTE ] array (
  'type' => 'module',
  'module' => 
  array (
    0 => 'static',
    1 => 'admin',
    2 => 'fonts',
  ),
)
[ info ] [ HEADER ] array (
  'host' => '127.0.0.1:8085',
  'connection' => 'keep-alive',
  'origin' => 'http://localhost:8085',
  'user-agent' => 'Mozilla/5.0 (Windows NT 10.0; Win64; x64) AppleWebKit/537.36 (KHTML, like Gecko) Chrome/71.0.3578.80 Safari/537.36',
  'accept' => '*/*',
  'referer' => 'http://127.0.0.1:8085/personalBlog/public//static/admin/style/font-awesome.css',
  'accept-encoding' => 'gzip, deflate, br',
  'accept-language' => 'zh-CN,zh;q=0.9,en;q=0.8,ja;q=0.7',
)
[ info ] [ PARAM ] array (
  'v' => '4.3.0',
)
[ info ] [ LOG ] INIT File
---------------------------------------------------------------
[ 2019-03-04T17:46:50+08:00 ] ::1 ::1 GET /personalBlog/public/index.php/admin/cate/lst.html
[ info ] localhost:8085/personalBlog/public/index.php/admin/cate/lst.html [运行时间：0.098536s][吞吐率：10.15req/s] [内存消耗：4,499.95kb] [文件加载：60]
[ info ] [ LANG ] D:\wamp64\www\personalBlog\thinkphp\lang\zh-cn.php
[ info ] [ ROUTE ] array (
  'type' => 'module',
  'module' => 
  array (
    0 => 'admin',
    1 => 'cate',
    2 => 'lst',
  ),
)
[ info ] [ HEADER ] array (
  'host' => 'localhost:8085',
  'connection' => 'keep-alive',
  'upgrade-insecure-requests' => '1',
  'user-agent' => 'Mozilla/5.0 (Windows NT 10.0; Win64; x64) AppleWebKit/537.36 (KHTML, like Gecko) Chrome/71.0.3578.80 Safari/537.36',
  'accept' => 'text/html,application/xhtml+xml,application/xml;q=0.9,image/webp,image/apng,*/*;q=0.8',
  'referer' => 'http://localhost:8085/personalBlog/public/index.php/admin/admin/lst.html',
  'accept-encoding' => 'gzip, deflate, br',
  'accept-language' => 'zh-CN,zh;q=0.9,en;q=0.8,ja;q=0.7',
  'cookie' => 'Phpstorm-7bb51ccc=336c74aa-4156-409e-ab67-6c44bdd825ae; Hm_lvt_8cc45d54c337ca616c34b1cf747da91c=1535467414; CNZZDATA155540=cnzz_eid%3D787196769-1457399780-%26ntime%3D1457399780; PHPSESSID=ulajagjfcahh943icpl606scr1',
)
[ info ] [ PARAM ] array (
)
[ info ] [ SESSION ] INIT array (
  'id' => '',
  'var_session_id' => '',
  'prefix' => 'think',
  'type' => '',
  'auto_start' => true,
)
[ info ] [ RUN ] app\admin\controller\Cate->lst[ D:\wamp64\www\personalBlog\application\admin\controller\Cate.php ]
[ info ] [ DB ] INIT mysql
[ info ] [ VIEW ] D:\wamp64\www\personalBlog\public/../application/admin\view\cate\list.htm [ array (
  0 => 'list',
) ]
[ info ] [ LOG ] INIT File
[ sql ] [ DB ] CONNECT:[ UseTime:0.001315s ] mysql:dbname=personblog;host=127.0.0.1;port=3306;charset=utf8
[ sql ] [ SQL ] SHOW COLUMNS FROM `tp_cate` [ RunTime:0.038404s ]
[ sql ] [ SQL ] SELECT COUNT(*) AS tp_count FROM `tp_cate` LIMIT 1 [ RunTime:0.000369s ]
[ sql ] [ SQL ] SELECT * FROM `tp_cate` LIMIT 0,3 [ RunTime:0.000303s ]
---------------------------------------------------------------
[ 2019-03-04T17:46:50+08:00 ] 127.0.0.1 127.0.0.1 GET /personalBlog/public//static/admin/fonts/fontawesome-webfont.woff2?v=4.3.0
[ info ] 127.0.0.1:8085/personalBlog/public//static/admin/fonts/fontawesome-webfont.woff2?v=4.3.0 [运行时间：0.042338s][吞吐率：23.62req/s] [内存消耗：2,195.69kb] [文件加载：39]
[ info ] [ LANG ] D:\wamp64\www\personalBlog\thinkphp\lang\zh-cn.php
[ info ] [ ROUTE ] array (
  'type' => 'module',
  'module' => 
  array (
    0 => 'static',
    1 => 'admin',
    2 => 'fonts',
  ),
)
[ info ] [ HEADER ] array (
  'host' => '127.0.0.1:8085',
  'connection' => 'keep-alive',
  'origin' => 'http://localhost:8085',
  'user-agent' => 'Mozilla/5.0 (Windows NT 10.0; Win64; x64) AppleWebKit/537.36 (KHTML, like Gecko) Chrome/71.0.3578.80 Safari/537.36',
  'accept' => '*/*',
  'referer' => 'http://127.0.0.1:8085/personalBlog/public//static/admin/style/font-awesome.css',
  'accept-encoding' => 'gzip, deflate, br',
  'accept-language' => 'zh-CN,zh;q=0.9,en;q=0.8,ja;q=0.7',
)
[ info ] [ PARAM ] array (
  'v' => '4.3.0',
)
[ info ] [ LOG ] INIT File
---------------------------------------------------------------
[ 2019-03-04T17:46:51+08:00 ] ::1 ::1 GET /personalBlog/public/index.php/admin/article/lst.html
[ info ] localhost:8085/personalBlog/public/index.php/admin/article/lst.html [运行时间：0.119415s][吞吐率：8.37req/s] [内存消耗：4,720.30kb] [文件加载：64]
[ info ] [ LANG ] D:\wamp64\www\personalBlog\thinkphp\lang\zh-cn.php
[ info ] [ ROUTE ] array (
  'type' => 'module',
  'module' => 
  array (
    0 => 'admin',
    1 => 'article',
    2 => 'lst',
  ),
)
[ info ] [ HEADER ] array (
  'host' => 'localhost:8085',
  'connection' => 'keep-alive',
  'upgrade-insecure-requests' => '1',
  'user-agent' => 'Mozilla/5.0 (Windows NT 10.0; Win64; x64) AppleWebKit/537.36 (KHTML, like Gecko) Chrome/71.0.3578.80 Safari/537.36',
  'accept' => 'text/html,application/xhtml+xml,application/xml;q=0.9,image/webp,image/apng,*/*;q=0.8',
  'referer' => 'http://localhost:8085/personalBlog/public/index.php/admin/cate/lst.html',
  'accept-encoding' => 'gzip, deflate, br',
  'accept-language' => 'zh-CN,zh;q=0.9,en;q=0.8,ja;q=0.7',
  'cookie' => 'Phpstorm-7bb51ccc=336c74aa-4156-409e-ab67-6c44bdd825ae; Hm_lvt_8cc45d54c337ca616c34b1cf747da91c=1535467414; CNZZDATA155540=cnzz_eid%3D787196769-1457399780-%26ntime%3D1457399780; PHPSESSID=ulajagjfcahh943icpl606scr1',
)
[ info ] [ PARAM ] array (
)
[ info ] [ SESSION ] INIT array (
  'id' => '',
  'var_session_id' => '',
  'prefix' => 'think',
  'type' => '',
  'auto_start' => true,
)
[ info ] [ RUN ] app\admin\controller\Article->lst[ D:\wamp64\www\personalBlog\application\admin\controller\Article.php ]
[ info ] [ DB ] INIT mysql
[ info ] [ VIEW ] D:\wamp64\www\personalBlog\public/../application/admin\view\article\list.htm [ array (
  0 => 'list',
) ]
[ info ] [ LOG ] INIT File
[ sql ] [ DB ] CONNECT:[ UseTime:0.010284s ] mysql:dbname=personblog;host=127.0.0.1;port=3306;charset=utf8
[ sql ] [ SQL ] SHOW COLUMNS FROM `tp_article` [ RunTime:0.026494s ]
[ sql ] [ SQL ] SELECT COUNT(*) AS tp_count FROM `tp_article` LIMIT 1 [ RunTime:0.000235s ]
[ sql ] [ SQL ] SELECT * FROM `tp_article` LIMIT 0,3 [ RunTime:0.000373s ]
[ sql ] [ SQL ] SHOW COLUMNS FROM `tp_cate` [ RunTime:0.018349s ]
[ sql ] [ SQL ] SELECT * FROM `tp_cate` WHERE  `id` = 1 LIMIT 1 [ RunTime:0.000371s ]
---------------------------------------------------------------
[ 2019-03-04T17:46:52+08:00 ] 127.0.0.1 127.0.0.1 GET /personalBlog/public//static/admin/fonts/fontawesome-webfont.woff2?v=4.3.0
[ info ] 127.0.0.1:8085/personalBlog/public//static/admin/fonts/fontawesome-webfont.woff2?v=4.3.0 [运行时间：0.039634s][吞吐率：25.23req/s] [内存消耗：2,195.69kb] [文件加载：39]
[ info ] [ LANG ] D:\wamp64\www\personalBlog\thinkphp\lang\zh-cn.php
[ info ] [ ROUTE ] array (
  'type' => 'module',
  'module' => 
  array (
    0 => 'static',
    1 => 'admin',
    2 => 'fonts',
  ),
)
[ info ] [ HEADER ] array (
  'host' => '127.0.0.1:8085',
  'connection' => 'keep-alive',
  'origin' => 'http://localhost:8085',
  'user-agent' => 'Mozilla/5.0 (Windows NT 10.0; Win64; x64) AppleWebKit/537.36 (KHTML, like Gecko) Chrome/71.0.3578.80 Safari/537.36',
  'accept' => '*/*',
  'referer' => 'http://127.0.0.1:8085/personalBlog/public//static/admin/style/font-awesome.css',
  'accept-encoding' => 'gzip, deflate, br',
  'accept-language' => 'zh-CN,zh;q=0.9,en;q=0.8,ja;q=0.7',
)
[ info ] [ PARAM ] array (
  'v' => '4.3.0',
)
[ info ] [ LOG ] INIT File
